<?xml version="1.0" encoding="UTF-8"?>
<testng-results ignored="0" total="1" passed="1" failed="0" skipped="0">
  <reporter-output>
  </reporter-output>
  <suite started-at="2025-09-30T22:13:21 IST" name="Suite" finished-at="2025-09-30T22:13:26 IST" duration-ms="5768">
    <groups>
    </groups>
    <test started-at="2025-09-30T22:13:21 IST" name="Test" finished-at="2025-09-30T22:13:26 IST" duration-ms="5768">
      <class name="TestCases.LoginTest">
        <test-method is-config="true" signature="setUp()[pri:0, instance:TestCases.LoginTest@4116aac9]" started-at="2025-09-30T22:13:21 IST" name="setUp" finished-at="2025-09-30T22:13:25 IST" duration-ms="4755" status="PASS">
          <reporter-output>
          </reporter-output>
        </test-method> <!-- setUp -->
        <test-method signature="login_test()[pri:0, instance:TestCases.LoginTest@4116aac9]" started-at="2025-09-30T22:13:26 IST" name="login_test" finished-at="2025-09-30T22:13:26 IST" duration-ms="317" status="PASS">
          <reporter-output>
          </reporter-output>
        </test-method> <!-- login_test -->
        <test-method is-config="true" signature="tearDown()[pri:0, instance:TestCases.LoginTest@4116aac9]" started-at="2025-09-30T22:13:26 IST" name="tearDown" finished-at="2025-09-30T22:13:26 IST" duration-ms="528" status="PASS">
          <reporter-output>
          </reporter-output>
        </test-method> <!-- tearDown -->
      </class> <!-- TestCases.LoginTest -->
    </test> <!-- Test -->
  </suite> <!-- Suite -->
</testng-results>
