23:42:16.360 [main] INFO  BaseTest.BaseClass - Logging to absolute path: C:\Users\Dell\git\repository\AutomationFramework-1
23:42:16.671 [main] INFO  BaseTest.BaseClass - **starting logintest**
23:42:16.856 [main] INFO  BaseTest.BaseClass - Clicked on login_button
23:42:16.863 [main] INFO  BaseTest.BaseClass - ChromeDriver: chrome on windows (a5b0e93d3fc5fb88ee1bc68ecacd066f)
23:42:17.524 [main] INFO  BaseTest.BaseClass - explicit is working fine
23:42:17.534 [main] INFO  BaseTest.BaseClass - implicit and explicit time is set
23:42:17.554 [main] INFO  BaseTest.BaseClass - Log in
23:42:17.878 [main] INFO  BaseTest.BaseClass - login successful
23:42:17.878 [main] INFO  BaseTest.BaseClass - setting implicit wait
23:42:17.887 [main] INFO  BaseTest.BaseClass - finding element...
23:42:19.594 [main] INFO  BaseTest.BaseClass - Log out
23:42:22.562 [main] INFO  BaseTest.BaseClass - Logging to absolute path: C:\Users\Dell\git\repository\AutomationFramework-1
23:42:22.610 [main] INFO  BaseTest.BaseClass - Scrolled to bottom to find next page
23:42:22.803 [main] INFO  BaseTest.BaseClass - cliked on next button
23:52:52.945 [main] INFO  BaseTest.BaseClass - Logging to absolute path: C:\Users\Dell\git\repository\AutomationFramework-1
23:52:53.187 [main] INFO  BaseTest.BaseClass - **starting logintest**
23:52:53.305 [main] INFO  BaseTest.BaseClass - Clicked on login_button
23:52:53.305 [main] INFO  BaseTest.BaseClass - ChromeDriver: chrome on windows (a8f3832815cfcac76771068eb7d7913a)
23:52:53.889 [main] INFO  BaseTest.BaseClass - explicit is working fine
23:52:53.898 [main] INFO  BaseTest.BaseClass - implicit and explicit time is set
23:52:53.915 [main] INFO  BaseTest.BaseClass - Log in
23:52:54.223 [main] INFO  BaseTest.BaseClass - login successful
23:52:54.223 [main] INFO  BaseTest.BaseClass - setting implicit wait
23:52:54.223 [main] INFO  BaseTest.BaseClass - finding element...
23:52:55.953 [main] INFO  BaseTest.BaseClass - Log out
23:52:58.860 [main] INFO  BaseTest.BaseClass - Logging to absolute path: C:\Users\Dell\git\repository\AutomationFramework-1
23:52:58.957 [main] INFO  BaseTest.BaseClass - Scrolled to bottom to find next page
23:52:59.257 [main] INFO  BaseTest.BaseClass - cliked on next button
23:52:59.816 [main] INFO  BaseTest.BaseClass - waited for element to locate
23:52:59.843 [main] INFO  BaseTest.BaseClass - Scrolled to desired product element
23:53:00.528 [main] INFO  BaseTest.BaseClass - clicked on desired product element
23:53:00.553 [main] ERROR BaseTest.BaseClass - Exception is: org.openqa.selenium.NoAlertPresentException: no such alert
  (Session info: chrome=141.0.7390.76)
Build info: version: '4.35.0', revision: '1c58e5028b'
System info: os.name: 'Windows 11', os.arch: 'amd64', os.version: '10.0', java.version: '17.0.12'
Driver info: org.openqa.selenium.chrome.ChromeDriver
Command: [daf62f11bd10901e8153203a99d6af6d, getAlertText {}]
Capabilities {acceptInsecureCerts: false, browserName: chrome, browserVersion: 141.0.7390.76, chrome: {chromedriverVersion: 141.0.7390.76 (d6fcfbb51aac..., userDataDir: C:\Users\Dell\AppData\Local...}, fedcm:accounts: true, goog:chromeOptions: {debuggerAddress: localhost:54921}, networkConnectionEnabled: false, pageLoadStrategy: normal, platformName: windows, proxy: Proxy(), se:cdp: ws://localhost:54921/devtoo..., se:cdpVersion: 141.0.7390.76, setWindowRect: true, strictFileInteractability: false, timeouts: {implicit: 0, pageLoad: 300000, script: 30000}, unhandledPromptBehavior: dismiss and notify, webauthn:extension:credBlob: true, webauthn:extension:largeBlob: true, webauthn:extension:minPinLength: true, webauthn:extension:prf: true, webauthn:virtualAuthenticators: true}
Session ID: daf62f11bd10901e8153203a99d6af6d
23:53:01.304 [main] INFO  BaseTest.BaseClass - clicking on cart button..
00:03:23.628 [main] INFO  BaseTest.BaseClass - Logging to absolute path: C:\Users\Dell\git\repository\AutomationFramework-1
00:03:23.856 [main] INFO  BaseTest.BaseClass - **starting logintest**
00:03:24.007 [main] INFO  BaseTest.BaseClass - Clicked on login_button
00:03:24.009 [main] INFO  BaseTest.BaseClass - ChromeDriver: chrome on windows (106233780c286ccf8534e9ce6a3f843e)
00:03:24.650 [main] INFO  BaseTest.BaseClass - explicit is working fine
00:03:24.663 [main] INFO  BaseTest.BaseClass - implicit and explicit time is set
00:03:24.681 [main] INFO  BaseTest.BaseClass - Log in
00:03:25.044 [main] INFO  BaseTest.BaseClass - login successful
00:03:25.044 [main] INFO  BaseTest.BaseClass - setting implicit wait
00:03:25.054 [main] INFO  BaseTest.BaseClass - finding element...
00:03:27.351 [main] INFO  BaseTest.BaseClass - Log out
00:03:30.397 [main] INFO  BaseTest.BaseClass - Logging to absolute path: C:\Users\Dell\git\repository\AutomationFramework-1
00:03:30.521 [main] INFO  BaseTest.BaseClass - Scrolled to bottom to find next page
00:03:30.706 [main] INFO  BaseTest.BaseClass - cliked on next button
00:09:00.683 [main] INFO  BaseTest.BaseClass - Logging to absolute path: C:\Users\Dell\git\repository\AutomationFramework-1
00:09:00.922 [main] INFO  BaseTest.BaseClass - **starting logintest**
00:09:01.037 [main] INFO  BaseTest.BaseClass - Clicked on login_button
00:09:01.040 [main] INFO  BaseTest.BaseClass - ChromeDriver: chrome on windows (e4f18e2add7f75969c8ec39d32f8387e)
00:09:01.688 [main] INFO  BaseTest.BaseClass - explicit is working fine
00:09:01.723 [main] INFO  BaseTest.BaseClass - implicit and explicit time is set
00:09:01.745 [main] INFO  BaseTest.BaseClass - Log in
00:09:02.093 [main] INFO  BaseTest.BaseClass - login successful
00:09:02.093 [main] INFO  BaseTest.BaseClass - setting implicit wait
00:09:02.093 [main] INFO  BaseTest.BaseClass - finding element...
00:09:03.821 [main] INFO  BaseTest.BaseClass - Log out
00:17:35.737 [main] INFO  BaseTest.BaseClass - Logging to absolute path: C:\Users\Dell\git\repository\AutomationFramework-1
00:17:35.984 [main] INFO  BaseTest.BaseClass - **starting logintest**
00:17:36.194 [main] INFO  BaseTest.BaseClass - Clicked on login_button
00:17:36.196 [main] INFO  BaseTest.BaseClass - ChromeDriver: chrome on windows (0a65cef4687a560dbb45bcacd7f3c4d6)
00:17:36.799 [main] INFO  BaseTest.BaseClass - explicit is working fine
00:17:36.816 [main] INFO  BaseTest.BaseClass - implicit and explicit time is set
00:17:36.832 [main] INFO  BaseTest.BaseClass - Log in
00:17:37.153 [main] INFO  BaseTest.BaseClass - login successful
00:17:37.153 [main] INFO  BaseTest.BaseClass - setting implicit wait
00:17:37.155 [main] INFO  BaseTest.BaseClass - finding element...
00:17:38.730 [main] INFO  BaseTest.BaseClass - Log out
00:17:41.644 [main] INFO  BaseTest.BaseClass - Logging to absolute path: C:\Users\Dell\git\repository\AutomationFramework-1
00:17:41.779 [main] INFO  BaseTest.BaseClass - Scrolled to bottom to find next page
00:17:41.988 [main] INFO  BaseTest.BaseClass - cliked on next button
00:21:45.351 [main] INFO  BaseTest.BaseClass - Logging to absolute path: C:\Users\Dell\git\repository\AutomationFramework-1
00:21:45.646 [main] INFO  BaseTest.BaseClass - **starting logintest**
00:21:45.826 [main] INFO  BaseTest.BaseClass - Clicked on login_button
00:21:45.827 [main] INFO  BaseTest.BaseClass - ChromeDriver: chrome on windows (d7b89ac9de2b55889c3a489e518430b6)
00:21:46.419 [main] INFO  BaseTest.BaseClass - explicit is working fine
00:21:46.432 [main] INFO  BaseTest.BaseClass - implicit and explicit time is set
00:21:46.451 [main] INFO  BaseTest.BaseClass - Log in
00:21:46.739 [main] INFO  BaseTest.BaseClass - login successful
00:21:46.739 [main] INFO  BaseTest.BaseClass - setting implicit wait
00:21:46.739 [main] INFO  BaseTest.BaseClass - finding element...
00:21:48.451 [main] INFO  BaseTest.BaseClass - Log out
00:21:51.846 [main] INFO  BaseTest.BaseClass - Logging to absolute path: C:\Users\Dell\git\repository\AutomationFramework-1
00:21:52.027 [main] INFO  BaseTest.BaseClass - Scrolled to bottom to find next page
00:21:52.238 [main] INFO  BaseTest.BaseClass - cliked on next button
00:24:14.811 [main] INFO  BaseTest.BaseClass - Logging to absolute path: C:\Users\Dell\git\repository\AutomationFramework-1
00:24:14.991 [main] INFO  BaseTest.BaseClass - **starting logintest**
00:24:15.114 [main] INFO  BaseTest.BaseClass - Clicked on login_button
00:24:15.116 [main] INFO  BaseTest.BaseClass - ChromeDriver: chrome on windows (99b71b8f17ed5b7b4f9182529a4fe30b)
00:24:15.792 [main] INFO  BaseTest.BaseClass - explicit is working fine
00:24:15.809 [main] INFO  BaseTest.BaseClass - implicit and explicit time is set
00:24:15.838 [main] INFO  BaseTest.BaseClass - Log in
00:24:16.109 [main] INFO  BaseTest.BaseClass - login successful
00:24:16.109 [main] INFO  BaseTest.BaseClass - setting implicit wait
00:24:16.120 [main] INFO  BaseTest.BaseClass - finding element...
00:24:17.758 [main] INFO  BaseTest.BaseClass - Log out
00:24:20.247 [main] INFO  BaseTest.BaseClass - Logging to absolute path: C:\Users\Dell\git\repository\AutomationFramework-1
00:24:20.404 [main] INFO  BaseTest.BaseClass - Scrolled to bottom to find next page
00:24:20.621 [main] INFO  BaseTest.BaseClass - cliked on next button
00:30:47.200 [main] INFO  BaseTest.BaseClass - Logging to absolute path: C:\Users\Dell\git\repository\AutomationFramework-1
00:30:47.434 [main] INFO  BaseTest.BaseClass - **starting logintest**
00:30:47.597 [main] INFO  BaseTest.BaseClass - Clicked on login_button
00:30:47.599 [main] INFO  BaseTest.BaseClass - ChromeDriver: chrome on windows (4cd206094734fafcdbded9292f37a431)
00:30:48.257 [main] INFO  BaseTest.BaseClass - explicit is working fine
00:30:48.274 [main] INFO  BaseTest.BaseClass - implicit and explicit time is set
00:30:48.294 [main] INFO  BaseTest.BaseClass - Log in
00:30:48.610 [main] INFO  BaseTest.BaseClass - login successful
00:30:48.610 [main] INFO  BaseTest.BaseClass - setting implicit wait
00:30:48.613 [main] INFO  BaseTest.BaseClass - finding element...
00:30:50.287 [main] INFO  BaseTest.BaseClass - Log out
00:30:53.102 [main] INFO  BaseTest.BaseClass - Logging to absolute path: C:\Users\Dell\git\repository\AutomationFramework-1
00:30:53.234 [main] INFO  BaseTest.BaseClass - Scrolled to bottom to find next page
00:30:53.431 [main] INFO  BaseTest.BaseClass - cliked on next button
00:31:04.267 [main] INFO  BaseTest.BaseClass - loading allure report....
00:35:34.282 [main] INFO  BaseTest.BaseClass - Logging to absolute path: C:\Users\Dell\git\repository\AutomationFramework-1
00:35:34.418 [main] INFO  BaseTest.BaseClass - **starting logintest**
00:35:34.534 [main] INFO  BaseTest.BaseClass - Clicked on login_button
00:35:34.535 [main] INFO  BaseTest.BaseClass - ChromeDriver: chrome on windows (206a7b64e2f3ec91d1ffb4d37e246f25)
00:35:35.173 [main] INFO  BaseTest.BaseClass - explicit is working fine
00:35:35.202 [main] INFO  BaseTest.BaseClass - implicit and explicit time is set
00:35:35.228 [main] INFO  BaseTest.BaseClass - Log in
00:35:35.552 [main] INFO  BaseTest.BaseClass - login successful
00:35:35.552 [main] INFO  BaseTest.BaseClass - setting implicit wait
00:35:35.552 [main] INFO  BaseTest.BaseClass - finding element...
00:35:37.230 [main] INFO  BaseTest.BaseClass - Log out
00:35:39.896 [main] INFO  BaseTest.BaseClass - Logging to absolute path: C:\Users\Dell\git\repository\AutomationFramework-1
00:35:39.941 [main] INFO  BaseTest.BaseClass - Scrolled to bottom to find next page
00:35:40.133 [main] INFO  BaseTest.BaseClass - cliked on next button
00:35:50.911 [main] INFO  BaseTest.BaseClass - loading allure report....
00:48:08.704 [main] INFO  BaseTest.BaseClass - Logging to absolute path: C:\Users\Dell\git\repository\AutomationFramework-1
00:48:08.947 [main] INFO  BaseTest.BaseClass - **starting logintest**
00:48:09.232 [main] INFO  BaseTest.BaseClass - Clicked on login_button
00:48:09.233 [main] INFO  BaseTest.BaseClass - ChromeDriver: chrome on windows (c39b20d4422918492b5394e5c03901b6)
00:48:09.943 [main] INFO  BaseTest.BaseClass - explicit is working fine
00:48:09.959 [main] INFO  BaseTest.BaseClass - implicit and explicit time is set
00:48:09.980 [main] INFO  BaseTest.BaseClass - Log in
00:48:10.422 [main] INFO  BaseTest.BaseClass - login successful
00:48:10.422 [main] INFO  BaseTest.BaseClass - setting implicit wait
00:48:10.430 [main] INFO  BaseTest.BaseClass - finding element...
00:48:12.880 [main] INFO  BaseTest.BaseClass - Log out
00:48:16.720 [main] INFO  BaseTest.BaseClass - Logging to absolute path: C:\Users\Dell\git\repository\AutomationFramework-1
00:48:16.847 [main] INFO  BaseTest.BaseClass - Scrolled to bottom to find next page
00:48:17.012 [main] INFO  BaseTest.BaseClass - cliked on next button
00:48:28.057 [main] INFO  BaseTest.BaseClass - loading allure report....
00:50:04.460 [main] INFO  BaseTest.BaseClass - Logging to absolute path: C:\Users\Dell\git\repository\AutomationFramework-1
00:50:04.781 [main] INFO  BaseTest.BaseClass - **starting logintest**
00:50:04.915 [main] INFO  BaseTest.BaseClass - Clicked on login_button
00:50:04.916 [main] INFO  BaseTest.BaseClass - ChromeDriver: chrome on windows (d5b04a8ced30715ba18c47ced72af579)
00:50:05.586 [main] INFO  BaseTest.BaseClass - explicit is working fine
00:50:05.626 [main] INFO  BaseTest.BaseClass - implicit and explicit time is set
00:50:05.691 [main] INFO  BaseTest.BaseClass - Log in
00:50:06.403 [main] INFO  BaseTest.BaseClass - login successful
00:50:06.403 [main] INFO  BaseTest.BaseClass - setting implicit wait
00:50:06.409 [main] INFO  BaseTest.BaseClass - finding element...
00:50:08.816 [main] INFO  BaseTest.BaseClass - Log out
00:50:12.482 [main] INFO  BaseTest.BaseClass - Logging to absolute path: C:\Users\Dell\git\repository\AutomationFramework-1
00:50:12.535 [main] INFO  BaseTest.BaseClass - Scrolled to bottom to find next page
00:50:12.880 [main] INFO  BaseTest.BaseClass - cliked on next button
00:50:23.845 [main] INFO  BaseTest.BaseClass - loading allure report....
00:54:47.547 [main] INFO  BaseTest.BaseClass - Logging to absolute path: C:\Users\Dell\git\repository\AutomationFramework-1
00:54:47.791 [main] INFO  BaseTest.BaseClass - **starting logintest**
00:54:47.930 [main] INFO  BaseTest.BaseClass - Clicked on login_button
00:54:47.932 [main] INFO  BaseTest.BaseClass - ChromeDriver: chrome on windows (d3b8b006cce2d5cec4d369b0f24af2f3)
00:54:48.588 [main] INFO  BaseTest.BaseClass - explicit is working fine
00:54:48.621 [main] INFO  BaseTest.BaseClass - implicit and explicit time is set
00:54:48.677 [main] INFO  BaseTest.BaseClass - Log in
00:54:49.014 [main] INFO  BaseTest.BaseClass - login successful
00:54:49.014 [main] INFO  BaseTest.BaseClass - setting implicit wait
00:54:49.017 [main] INFO  BaseTest.BaseClass - finding element...
00:54:50.766 [main] INFO  BaseTest.BaseClass - Log out
00:54:54.136 [main] INFO  BaseTest.BaseClass - Logging to absolute path: C:\Users\Dell\git\repository\AutomationFramework-1
00:54:54.172 [main] INFO  BaseTest.BaseClass - Scrolled to bottom to find next page
00:54:54.503 [main] INFO  BaseTest.BaseClass - cliked on next button
00:55:05.404 [main] INFO  BaseTest.BaseClass - loading allure report....
00:56:28.787 [main] INFO  BaseTest.BaseClass - Logging to absolute path: C:\Users\Dell\git\repository\AutomationFramework-1
00:56:29.025 [main] INFO  BaseTest.BaseClass - **starting logintest**
00:56:29.193 [main] INFO  BaseTest.BaseClass - Clicked on login_button
00:56:29.195 [main] INFO  BaseTest.BaseClass - ChromeDriver: chrome on windows (4ed341e819fd149c12bdcac3c14c4564)
00:56:29.790 [main] INFO  BaseTest.BaseClass - explicit is working fine
00:56:29.803 [main] INFO  BaseTest.BaseClass - implicit and explicit time is set
00:56:29.822 [main] INFO  BaseTest.BaseClass - Log in
00:56:30.342 [main] INFO  BaseTest.BaseClass - login successful
00:56:30.342 [main] INFO  BaseTest.BaseClass - setting implicit wait
00:56:30.350 [main] INFO  BaseTest.BaseClass - finding element...
00:56:32.560 [main] INFO  BaseTest.BaseClass - Log out
00:56:36.025 [main] INFO  BaseTest.BaseClass - Logging to absolute path: C:\Users\Dell\git\repository\AutomationFramework-1
00:56:36.173 [main] INFO  BaseTest.BaseClass - Scrolled to bottom to find next page
00:56:36.399 [main] INFO  BaseTest.BaseClass - cliked on next button
00:56:49.051 [main] INFO  BaseTest.BaseClass - loading allure report....
00:57:58.007 [main] INFO  BaseTest.BaseClass - Logging to absolute path: C:\Users\Dell\git\repository\AutomationFramework-1
00:57:58.244 [main] INFO  BaseTest.BaseClass - **starting logintest**
00:57:58.391 [main] INFO  BaseTest.BaseClass - Clicked on login_button
00:57:58.394 [main] INFO  BaseTest.BaseClass - ChromeDriver: chrome on windows (0ab07c0f16ffd513508097e5eb7eaf5f)
00:57:59.038 [main] INFO  BaseTest.BaseClass - explicit is working fine
00:57:59.067 [main] INFO  BaseTest.BaseClass - implicit and explicit time is set
00:57:59.100 [main] INFO  BaseTest.BaseClass - Log in
00:57:59.596 [main] INFO  BaseTest.BaseClass - login successful
00:57:59.597 [main] INFO  BaseTest.BaseClass - setting implicit wait
00:57:59.602 [main] INFO  BaseTest.BaseClass - finding element...
00:58:02.010 [main] INFO  BaseTest.BaseClass - Log out
00:58:06.079 [main] INFO  BaseTest.BaseClass - Logging to absolute path: C:\Users\Dell\git\repository\AutomationFramework-1
00:58:06.179 [main] INFO  BaseTest.BaseClass - Scrolled to bottom to find next page
00:58:06.421 [main] INFO  BaseTest.BaseClass - cliked on next button
00:58:07.021 [main] INFO  BaseTest.BaseClass - waited for element to locate
00:58:07.044 [main] INFO  BaseTest.BaseClass - Scrolled to desired product element
00:58:07.846 [main] INFO  BaseTest.BaseClass - clicked on desired product element
00:58:07.871 [main] ERROR BaseTest.BaseClass - Exception is: org.openqa.selenium.NoAlertPresentException: no such alert
  (Session info: chrome=141.0.7390.76)
Build info: version: '4.35.0', revision: '1c58e5028b'
System info: os.name: 'Windows 11', os.arch: 'amd64', os.version: '10.0', java.version: '17.0.12'
Driver info: org.openqa.selenium.chrome.ChromeDriver
Command: [dab483efa8ae1e0ebfc54bff601fc29a, getAlertText {}]
Capabilities {acceptInsecureCerts: false, browserName: chrome, browserVersion: 141.0.7390.76, chrome: {chromedriverVersion: 141.0.7390.76 (d6fcfbb51aac..., userDataDir: C:\Users\Dell\AppData\Local...}, fedcm:accounts: true, goog:chromeOptions: {debuggerAddress: localhost:60866}, networkConnectionEnabled: false, pageLoadStrategy: normal, platformName: windows, proxy: Proxy(), se:cdp: ws://localhost:60866/devtoo..., se:cdpVersion: 141.0.7390.76, setWindowRect: true, strictFileInteractability: false, timeouts: {implicit: 0, pageLoad: 300000, script: 30000}, unhandledPromptBehavior: dismiss and notify, webauthn:extension:credBlob: true, webauthn:extension:largeBlob: true, webauthn:extension:minPinLength: true, webauthn:extension:prf: true, webauthn:virtualAuthenticators: true}
Session ID: dab483efa8ae1e0ebfc54bff601fc29a
00:58:08.594 [main] INFO  BaseTest.BaseClass - clicking on cart button..
00:58:09.794 [main] INFO  BaseTest.BaseClass - loading allure report....
01:02:47.448 [main] INFO  BaseTest.BaseClass - Logging to absolute path: C:\Users\Dell\git\repository\AutomationFramework-1
01:02:47.675 [main] INFO  BaseTest.BaseClass - **starting logintest**
01:02:47.814 [main] INFO  BaseTest.BaseClass - Clicked on login_button
01:02:47.814 [main] INFO  BaseTest.BaseClass - ChromeDriver: chrome on windows (5d5954cff20cf90705b6c977e1dc580f)
01:02:48.471 [main] INFO  BaseTest.BaseClass - explicit is working fine
01:02:48.492 [main] INFO  BaseTest.BaseClass - implicit and explicit time is set
01:02:48.522 [main] INFO  BaseTest.BaseClass - Log in
01:02:48.902 [main] INFO  BaseTest.BaseClass - login successful
01:02:48.902 [main] INFO  BaseTest.BaseClass - setting implicit wait
01:02:48.907 [main] INFO  BaseTest.BaseClass - finding element...
01:02:50.753 [main] INFO  BaseTest.BaseClass - Log out
01:02:54.288 [main] INFO  BaseTest.BaseClass - Logging to absolute path: C:\Users\Dell\git\repository\AutomationFramework-1
01:02:54.420 [main] INFO  BaseTest.BaseClass - Scrolled to bottom to find next page
01:02:54.678 [main] INFO  BaseTest.BaseClass - cliked on next button
01:03:07.444 [main] INFO  BaseTest.BaseClass - loading allure report....
15:26:55.670 [main] INFO  BaseTest.BaseClass - Logging to absolute path: C:\Users\Dell\git\repository\AutomationFramework
15:26:55.913 [main] INFO  BaseTest.BaseClass - **starting logintest**
15:26:56.052 [main] INFO  BaseTest.BaseClass - Clicked on login_button
15:26:56.054 [main] INFO  BaseTest.BaseClass - ChromeDriver: chrome on windows (dc103a3c929b8078b8f6bca04f3dd498)
15:26:56.673 [main] INFO  BaseTest.BaseClass - explicit is working fine
15:26:56.695 [main] INFO  BaseTest.BaseClass - implicit and explicit time is set
15:26:56.729 [main] INFO  BaseTest.BaseClass - Log in
15:26:57.232 [main] INFO  BaseTest.BaseClass - login successful
15:26:57.232 [main] INFO  BaseTest.BaseClass - setting implicit wait
15:26:57.238 [main] INFO  BaseTest.BaseClass - finding element...
15:26:59.164 [main] INFO  BaseTest.BaseClass - Log out
15:27:02.447 [main] INFO  BaseTest.BaseClass - Logging to absolute path: C:\Users\Dell\git\repository\AutomationFramework
15:27:02.478 [main] INFO  BaseTest.BaseClass - Scrolled to bottom to find next page
15:27:02.828 [main] INFO  BaseTest.BaseClass - cliked on next button
15:27:13.676 [main] INFO  BaseTest.BaseClass - loading allure report....
15:36:28.724 [main] INFO  BaseTest.BaseClass - Logging to absolute path: C:\Users\Dell\git\repository\AutomationFramework
15:36:28.963 [main] INFO  BaseTest.BaseClass - **starting logintest**
15:36:29.177 [main] INFO  BaseTest.BaseClass - Clicked on login_button
15:36:29.179 [main] INFO  BaseTest.BaseClass - ChromeDriver: chrome on windows (e21354d8dd15f8bd5693b46ec3f7b6ac)
15:36:29.801 [main] INFO  BaseTest.BaseClass - explicit is working fine
15:36:29.839 [main] INFO  BaseTest.BaseClass - implicit and explicit time is set
15:36:29.874 [main] INFO  BaseTest.BaseClass - Log in
15:36:30.428 [main] INFO  BaseTest.BaseClass - login successful
15:36:30.428 [main] INFO  BaseTest.BaseClass - setting implicit wait
15:36:30.438 [main] INFO  BaseTest.BaseClass - finding element...
15:36:32.187 [main] INFO  BaseTest.BaseClass - Log out
15:36:35.910 [main] INFO  BaseTest.BaseClass - Logging to absolute path: C:\Users\Dell\git\repository\AutomationFramework
15:36:36.058 [main] INFO  BaseTest.BaseClass - Scrolled to bottom to find next page
15:36:36.298 [main] INFO  BaseTest.BaseClass - cliked on next button
15:36:47.195 [main] INFO  BaseTest.BaseClass - loading allure report....
16:14:56.715 [main] INFO  BaseTest.BaseClass - Logging to absolute path: C:\Users\Dell\git\repository\AutomationFramework
16:14:56.962 [main] INFO  BaseTest.BaseClass - **starting logintest**
16:14:57.101 [main] INFO  BaseTest.BaseClass - Clicked on login_button
16:14:57.101 [main] INFO  BaseTest.BaseClass - ChromeDriver: chrome on windows (6f7ecde3b67a9364d1812d3a031b8b1a)
16:14:57.795 [main] INFO  BaseTest.BaseClass - explicit is working fine
16:14:57.835 [main] INFO  BaseTest.BaseClass - implicit and explicit time is set
16:14:57.946 [main] INFO  BaseTest.BaseClass - Log in
16:14:58.428 [main] INFO  BaseTest.BaseClass - login successful
16:14:58.428 [main] INFO  BaseTest.BaseClass - setting implicit wait
16:14:58.446 [main] INFO  BaseTest.BaseClass - finding element...
16:15:00.250 [main] INFO  BaseTest.BaseClass - Log out
16:15:01.616 [main] INFO  BaseTest.BaseClass - loading allure report....
22:48:40.170 [main] WARN  org.apache.poi.openxml4j.opc.ZipPackage - Error in zip file excel_data - falling back to stream processing (i.e. ignoring zip central directory)
23:09:42.007 [main] WARN  org.apache.poi.openxml4j.opc.ZipPackage - Error in zip file excel_data - falling back to stream processing (i.e. ignoring zip central directory)
01:12:04.432 [main] INFO  BaseTest.BaseClass - Logging to absolute path: c:\Users\Dell\git\repository\AutomationFramework
01:12:04.797 [main] INFO  BaseTest.BaseClass - **starting logintest**
01:12:05.005 [main] INFO  BaseTest.BaseClass - Clicked on login_button
01:12:05.007 [main] INFO  BaseTest.BaseClass - ChromeDriver: chrome on windows (71a7b300b307465a69c214cb62ae8a7f)
01:12:05.668 [main] INFO  BaseTest.BaseClass - explicit is working fine
01:12:05.681 [main] INFO  BaseTest.BaseClass - implicit and explicit time is set
01:12:05.699 [main] INFO  BaseTest.BaseClass - Log in
01:12:06.084 [main] INFO  BaseTest.BaseClass - login successful
01:12:06.084 [main] INFO  BaseTest.BaseClass - setting implicit wait
01:12:06.089 [main] INFO  BaseTest.BaseClass - finding element...
01:12:08.925 [main] INFO  BaseTest.BaseClass - Log out
01:12:12.855 [main] INFO  BaseTest.BaseClass - Logging to absolute path: c:\Users\Dell\git\repository\AutomationFramework
01:12:12.888 [main] INFO  BaseTest.BaseClass - Scrolled to bottom to find next page
01:12:13.224 [main] INFO  BaseTest.BaseClass - cliked on next button
01:12:25.968 [main] INFO  BaseTest.BaseClass - loading allure report....
01:16:14.433 [main] INFO  BaseTest.BaseClass - Logging to absolute path: c:\Users\Dell\git\repository\AutomationFramework
01:16:14.622 [main] INFO  BaseTest.BaseClass - **starting logintest**
01:16:14.770 [main] INFO  BaseTest.BaseClass - Clicked on login_button
01:16:14.778 [main] INFO  BaseTest.BaseClass - ChromeDriver: chrome on windows (5c112034c924dce7e6b2e2d350f31f17)
01:16:15.412 [main] INFO  BaseTest.BaseClass - explicit is working fine
01:16:15.430 [main] INFO  BaseTest.BaseClass - implicit and explicit time is set
01:16:15.473 [main] INFO  BaseTest.BaseClass - Log in
01:16:16.001 [main] INFO  BaseTest.BaseClass - login successful
01:16:16.001 [main] INFO  BaseTest.BaseClass - setting implicit wait
01:16:16.004 [main] INFO  BaseTest.BaseClass - finding element...
01:16:18.128 [main] INFO  BaseTest.BaseClass - Log out
01:16:21.226 [main] INFO  BaseTest.BaseClass - Logging to absolute path: c:\Users\Dell\git\repository\AutomationFramework
01:16:21.426 [main] INFO  BaseTest.BaseClass - Scrolled to bottom to find next page
01:16:21.791 [main] INFO  BaseTest.BaseClass - cliked on next button
01:16:22.400 [main] INFO  BaseTest.BaseClass - waited for element to locate
01:16:22.431 [main] INFO  BaseTest.BaseClass - Scrolled to desired product element
01:16:23.260 [main] INFO  BaseTest.BaseClass - clicked on desired product element
01:16:23.293 [main] ERROR BaseTest.BaseClass - Exception is: org.openqa.selenium.NoAlertPresentException: no such alert
  (Session info: chrome=141.0.7390.108)
Build info: version: '4.35.0', revision: '1c58e5028b'
System info: os.name: 'Windows 11', os.arch: 'amd64', os.version: '10.0', java.version: '17.0.12'
Driver info: org.openqa.selenium.chrome.ChromeDriver
Command: [7859b868dc22c94916ed355805fbc1c6, getAlertText {}]
Capabilities {acceptInsecureCerts: false, browserName: chrome, browserVersion: 141.0.7390.108, chrome: {chromedriverVersion: 141.0.7390.122 (b477534e7e1..., userDataDir: C:\Users\Dell\AppData\Local...}, fedcm:accounts: true, goog:chromeOptions: {debuggerAddress: localhost:58278}, networkConnectionEnabled: false, pageLoadStrategy: normal, platformName: windows, proxy: Proxy(), se:cdp: ws://localhost:58278/devtoo..., se:cdpVersion: 141.0.7390.108, setWindowRect: true, strictFileInteractability: false, timeouts: {implicit: 0, pageLoad: 300000, script: 30000}, unhandledPromptBehavior: dismiss and notify, webauthn:extension:credBlob: true, webauthn:extension:largeBlob: true, webauthn:extension:minPinLength: true, webauthn:extension:prf: true, webauthn:virtualAuthenticators: true}
Session ID: 7859b868dc22c94916ed355805fbc1c6
01:16:24.247 [main] INFO  BaseTest.BaseClass - clicking on cart button..
01:16:25.546 [main] INFO  BaseTest.BaseClass - loading allure report....
01:22:22.999 [main] INFO  BaseTest.BaseClass - Logging to absolute path: c:\Users\Dell\git\repository\AutomationFramework
01:22:23.117 [main] INFO  BaseTest.BaseClass - Scrolled to bottom to find next page
01:22:23.428 [main] INFO  BaseTest.BaseClass - cliked on next button
01:22:24.455 [main] INFO  BaseTest.BaseClass - waited for element to locate
01:22:24.592 [main] INFO  BaseTest.BaseClass - Scrolled to desired product element
01:22:25.713 [main] INFO  BaseTest.BaseClass - clicked on desired product element
01:22:25.775 [main] ERROR BaseTest.BaseClass - Exception is: org.openqa.selenium.NoAlertPresentException: no such alert
  (Session info: chrome=141.0.7390.108)
Build info: version: '4.35.0', revision: '1c58e5028b'
System info: os.name: 'Windows 11', os.arch: 'amd64', os.version: '10.0', java.version: '17.0.12'
Driver info: org.openqa.selenium.chrome.ChromeDriver
Command: [3217d225b0d36c268a8c06b104f4c5fe, getAlertText {}]
Capabilities {acceptInsecureCerts: false, browserName: chrome, browserVersion: 141.0.7390.108, chrome: {chromedriverVersion: 141.0.7390.122 (b477534e7e1..., userDataDir: C:\Users\Dell\AppData\Local...}, fedcm:accounts: true, goog:chromeOptions: {debuggerAddress: localhost:60515}, networkConnectionEnabled: false, pageLoadStrategy: normal, platformName: windows, proxy: Proxy(), se:cdp: ws://localhost:60515/devtoo..., se:cdpVersion: 141.0.7390.108, setWindowRect: true, strictFileInteractability: false, timeouts: {implicit: 0, pageLoad: 300000, script: 30000}, unhandledPromptBehavior: dismiss and notify, webauthn:extension:credBlob: true, webauthn:extension:largeBlob: true, webauthn:extension:minPinLength: true, webauthn:extension:prf: true, webauthn:virtualAuthenticators: true}
Session ID: 3217d225b0d36c268a8c06b104f4c5fe
01:22:26.620 [main] INFO  BaseTest.BaseClass - clicking on cart button..
01:22:28.293 [main] INFO  BaseTest.BaseClass - loading allure report....
01:28:35.331 [main] INFO  BaseTest.BaseClass - Logging to absolute path: c:\Users\Dell\git\repository\AutomationFramework
01:28:35.513 [main] INFO  BaseTest.BaseClass - Scrolled to bottom to find next page
01:28:35.793 [main] INFO  BaseTest.BaseClass - cliked on next button
01:28:36.770 [main] INFO  BaseTest.BaseClass - waited for element to locate
01:28:36.831 [main] INFO  BaseTest.BaseClass - Scrolled to desired product element
01:28:37.762 [main] INFO  BaseTest.BaseClass - clicked on desired product element
01:28:37.843 [main] ERROR BaseTest.BaseClass - Exception is: org.openqa.selenium.NoAlertPresentException: no such alert
  (Session info: chrome=141.0.7390.108)
Build info: version: '4.35.0', revision: '1c58e5028b'
System info: os.name: 'Windows 11', os.arch: 'amd64', os.version: '10.0', java.version: '17.0.12'
Driver info: org.openqa.selenium.chrome.ChromeDriver
Command: [0270f19fdc1c44d25fb87dd7bb5d09c6, getAlertText {}]
Capabilities {acceptInsecureCerts: false, browserName: chrome, browserVersion: 141.0.7390.108, chrome: {chromedriverVersion: 141.0.7390.122 (b477534e7e1..., userDataDir: C:\Users\Dell\AppData\Local...}, fedcm:accounts: true, goog:chromeOptions: {debuggerAddress: localhost:63186}, networkConnectionEnabled: false, pageLoadStrategy: normal, platformName: windows, proxy: Proxy(), se:cdp: ws://localhost:63186/devtoo..., se:cdpVersion: 141.0.7390.108, setWindowRect: true, strictFileInteractability: false, timeouts: {implicit: 0, pageLoad: 300000, script: 30000}, unhandledPromptBehavior: dismiss and notify, webauthn:extension:credBlob: true, webauthn:extension:largeBlob: true, webauthn:extension:minPinLength: true, webauthn:extension:prf: true, webauthn:virtualAuthenticators: true}
Session ID: 0270f19fdc1c44d25fb87dd7bb5d09c6
01:28:38.762 [main] INFO  BaseTest.BaseClass - clicking on cart button..
01:28:40.446 [main] INFO  BaseTest.BaseClass - loading allure report....
13:57:22.824 [main] INFO  BaseTest.BaseClass - Logging to absolute path: C:\Users\Dell\git\repository\AutomationFramework
13:57:23.128 [main] INFO  BaseTest.BaseClass - **starting logintest**
13:57:23.347 [main] INFO  BaseTest.BaseClass - Clicked on login_button
13:57:23.349 [main] INFO  BaseTest.BaseClass - ChromeDriver: chrome on windows (f42ef536965dfa811872ddff6f1e30d0)
13:57:24.095 [main] INFO  BaseTest.BaseClass - explicit is working fine
13:57:24.100 [main] INFO  BaseTest.BaseClass - implicit and explicit time is set
13:57:24.127 [main] INFO  BaseTest.BaseClass - Log in
13:57:24.550 [main] INFO  BaseTest.BaseClass - login successful
13:57:24.550 [main] INFO  BaseTest.BaseClass - setting implicit wait
13:57:24.552 [main] INFO  BaseTest.BaseClass - finding element...
13:57:26.538 [main] INFO  BaseTest.BaseClass - Log out
13:57:28.868 [main] INFO  BaseTest.BaseClass - Logging to absolute path: C:\Users\Dell\git\repository\AutomationFramework
13:57:28.880 [main] INFO  BaseTest.BaseClass - **starting logintest**
13:57:29.222 [main] INFO  BaseTest.BaseClass - Clicked on login_button
13:57:29.222 [main] INFO  BaseTest.BaseClass - ChromeDriver: chrome on windows (34c148a6ffaac236a8033afcd1a99485)
13:57:29.818 [main] INFO  BaseTest.BaseClass - explicit is working fine
13:57:29.836 [main] INFO  BaseTest.BaseClass - implicit and explicit time is set
13:57:29.857 [main] INFO  BaseTest.BaseClass - Log in
13:57:30.213 [main] INFO  BaseTest.BaseClass - login successful
13:57:30.213 [main] INFO  BaseTest.BaseClass - setting implicit wait
13:57:30.221 [main] INFO  BaseTest.BaseClass - finding element...
13:57:31.959 [main] INFO  BaseTest.BaseClass - Log out
13:57:34.794 [main] INFO  BaseTest.BaseClass - Logging to absolute path: C:\Users\Dell\git\repository\AutomationFramework
13:57:34.806 [main] INFO  BaseTest.BaseClass - **starting logintest**
13:57:34.991 [main] INFO  BaseTest.BaseClass - Clicked on login_button
13:57:34.993 [main] INFO  BaseTest.BaseClass - ChromeDriver: chrome on windows (f9f2bb50d867b0e10274135b793301c8)
13:57:35.553 [main] INFO  BaseTest.BaseClass - explicit is working fine
13:57:35.570 [main] INFO  BaseTest.BaseClass - implicit and explicit time is set
13:57:35.586 [main] INFO  BaseTest.BaseClass - Log in
13:57:35.901 [main] INFO  BaseTest.BaseClass - login successful
13:57:35.901 [main] INFO  BaseTest.BaseClass - setting implicit wait
13:57:35.904 [main] INFO  BaseTest.BaseClass - finding element...
13:57:38.252 [main] INFO  BaseTest.BaseClass - Log out
13:57:40.664 [main] INFO  BaseTest.BaseClass - Logging to absolute path: C:\Users\Dell\git\repository\AutomationFramework
13:57:40.678 [main] INFO  BaseTest.BaseClass - **starting logintest**
13:57:40.989 [main] INFO  BaseTest.BaseClass - Clicked on login_button
13:57:40.991 [main] INFO  BaseTest.BaseClass - ChromeDriver: chrome on windows (446513d57743340a358b41b769b927e6)
13:57:41.615 [main] INFO  BaseTest.BaseClass - explicit is working fine
13:57:41.628 [main] INFO  BaseTest.BaseClass - implicit and explicit time is set
13:57:41.642 [main] INFO  BaseTest.BaseClass - Log in
13:57:42.025 [main] INFO  BaseTest.BaseClass - login successful
13:57:42.025 [main] INFO  BaseTest.BaseClass - setting implicit wait
13:57:42.030 [main] INFO  BaseTest.BaseClass - finding element...
13:57:43.690 [main] INFO  BaseTest.BaseClass - Log out
13:57:44.076 [main] INFO  BaseTest.BaseClass - loading allure report....
13:58:55.324 [main] INFO  BaseTest.BaseClass - Logging to absolute path: C:\Users\Dell\git\repository\AutomationFramework
13:58:55.858 [main] INFO  BaseTest.BaseClass - **starting logintest**
13:58:56.043 [main] INFO  BaseTest.BaseClass - Clicked on login_button
13:58:56.047 [main] INFO  BaseTest.BaseClass - ChromeDriver: chrome on windows (f43db4bbc14472dad7cbf44936142762)
13:58:56.671 [main] INFO  BaseTest.BaseClass - explicit is working fine
13:58:56.686 [main] INFO  BaseTest.BaseClass - implicit and explicit time is set
13:58:56.703 [main] INFO  BaseTest.BaseClass - Log in
13:58:57.092 [main] INFO  BaseTest.BaseClass - login successful
13:58:57.092 [main] INFO  BaseTest.BaseClass - setting implicit wait
13:58:57.092 [main] INFO  BaseTest.BaseClass - finding element...
13:58:59.346 [main] INFO  BaseTest.BaseClass - Log out
13:59:02.000 [main] INFO  BaseTest.BaseClass - Logging to absolute path: C:\Users\Dell\git\repository\AutomationFramework
13:59:02.011 [main] INFO  BaseTest.BaseClass - **starting logintest**
13:59:02.272 [main] INFO  BaseTest.BaseClass - Clicked on login_button
13:59:02.273 [main] INFO  BaseTest.BaseClass - ChromeDriver: chrome on windows (a0d58348cea5b0dc906c4b181fe11c6e)
13:59:02.854 [main] INFO  BaseTest.BaseClass - explicit is working fine
13:59:02.869 [main] INFO  BaseTest.BaseClass - implicit and explicit time is set
13:59:02.885 [main] INFO  BaseTest.BaseClass - Log in
13:59:03.213 [main] INFO  BaseTest.BaseClass - login successful
13:59:03.215 [main] INFO  BaseTest.BaseClass - setting implicit wait
13:59:03.221 [main] INFO  BaseTest.BaseClass - finding element...
13:59:04.605 [main] INFO  BaseTest.BaseClass - Log out
13:59:07.594 [main] INFO  BaseTest.BaseClass - Logging to absolute path: C:\Users\Dell\git\repository\AutomationFramework
13:59:07.609 [main] INFO  BaseTest.BaseClass - **starting logintest**
13:59:07.920 [main] INFO  BaseTest.BaseClass - Clicked on login_button
13:59:07.920 [main] INFO  BaseTest.BaseClass - ChromeDriver: chrome on windows (7e1d6e2ea092dfadf94c1f1164ef0156)
13:59:08.548 [main] INFO  BaseTest.BaseClass - explicit is working fine
13:59:08.562 [main] INFO  BaseTest.BaseClass - implicit and explicit time is set
13:59:08.586 [main] INFO  BaseTest.BaseClass - Log in
13:59:08.947 [main] INFO  BaseTest.BaseClass - login successful
13:59:08.947 [main] INFO  BaseTest.BaseClass - setting implicit wait
13:59:08.949 [main] INFO  BaseTest.BaseClass - finding element...
13:59:10.482 [main] INFO  BaseTest.BaseClass - Log out
13:59:13.025 [main] INFO  BaseTest.BaseClass - Logging to absolute path: C:\Users\Dell\git\repository\AutomationFramework
13:59:13.042 [main] INFO  BaseTest.BaseClass - **starting logintest**
13:59:13.425 [main] INFO  BaseTest.BaseClass - Clicked on login_button
13:59:13.425 [main] INFO  BaseTest.BaseClass - ChromeDriver: chrome on windows (03c0bdb5172a34f01538fe16d049b48f)
13:59:14.050 [main] INFO  BaseTest.BaseClass - explicit is working fine
13:59:14.062 [main] INFO  BaseTest.BaseClass - implicit and explicit time is set
13:59:14.078 [main] INFO  BaseTest.BaseClass - Log in
13:59:14.513 [main] INFO  BaseTest.BaseClass - login successful
13:59:14.513 [main] INFO  BaseTest.BaseClass - setting implicit wait
13:59:14.518 [main] INFO  BaseTest.BaseClass - finding element...
13:59:16.112 [main] INFO  BaseTest.BaseClass - Log out
13:59:16.492 [main] INFO  BaseTest.BaseClass - loading allure report....
14:44:12.309 [main] INFO  BaseTest.BaseClass - Logging to absolute path: C:\Users\Dell\git\repository\AutomationFramework
14:44:12.676 [main] INFO  BaseTest.BaseClass - **starting logintest**
14:44:12.785 [main] INFO  BaseTest.BaseClass - Clicked on login_button
14:44:12.786 [main] INFO  BaseTest.BaseClass - ChromeDriver: chrome on windows (57be98da236ffe160b0fb3aa26232cad)
14:44:13.395 [main] INFO  BaseTest.BaseClass - explicit is working fine
14:44:13.407 [main] INFO  BaseTest.BaseClass - implicit and explicit time is set
14:44:13.418 [main] INFO  BaseTest.BaseClass - Log in
14:44:13.760 [main] INFO  BaseTest.BaseClass - login successful
14:44:13.760 [main] INFO  BaseTest.BaseClass - setting implicit wait
14:44:13.765 [main] INFO  BaseTest.BaseClass - finding element...
14:44:15.336 [main] INFO  BaseTest.BaseClass - Log out
14:44:18.310 [main] INFO  BaseTest.BaseClass - Logging to absolute path: C:\Users\Dell\git\repository\AutomationFramework
14:44:18.351 [main] INFO  BaseTest.BaseClass - **starting logintest**
14:44:18.629 [main] INFO  BaseTest.BaseClass - Clicked on login_button
14:44:18.630 [main] INFO  BaseTest.BaseClass - ChromeDriver: chrome on windows (326c6494ce135fd0a5d42b02671d2724)
14:44:19.209 [main] INFO  BaseTest.BaseClass - explicit is working fine
14:44:19.219 [main] INFO  BaseTest.BaseClass - implicit and explicit time is set
14:44:19.242 [main] INFO  BaseTest.BaseClass - Log in
14:44:19.554 [main] INFO  BaseTest.BaseClass - login successful
14:44:19.554 [main] INFO  BaseTest.BaseClass - setting implicit wait
14:44:19.554 [main] INFO  BaseTest.BaseClass - finding element...
14:44:21.534 [main] INFO  BaseTest.BaseClass - Log out
14:44:24.231 [main] INFO  BaseTest.BaseClass - Logging to absolute path: C:\Users\Dell\git\repository\AutomationFramework
14:44:24.246 [main] INFO  BaseTest.BaseClass - **starting logintest**
14:44:24.525 [main] INFO  BaseTest.BaseClass - Clicked on login_button
14:44:24.525 [main] INFO  BaseTest.BaseClass - ChromeDriver: chrome on windows (95564d748b76247f44a1118d2f556e77)
14:44:25.145 [main] INFO  BaseTest.BaseClass - explicit is working fine
14:44:25.161 [main] INFO  BaseTest.BaseClass - implicit and explicit time is set
14:44:25.168 [main] INFO  BaseTest.BaseClass - Log in
14:44:25.483 [main] INFO  BaseTest.BaseClass - login successful
14:44:25.483 [main] INFO  BaseTest.BaseClass - setting implicit wait
14:44:25.487 [main] INFO  BaseTest.BaseClass - finding element...
14:44:27.809 [main] INFO  BaseTest.BaseClass - Log out
14:44:30.026 [main] INFO  BaseTest.BaseClass - Logging to absolute path: C:\Users\Dell\git\repository\AutomationFramework
14:44:30.039 [main] INFO  BaseTest.BaseClass - **starting logintest**
14:44:30.431 [main] INFO  BaseTest.BaseClass - Clicked on login_button
14:44:30.434 [main] INFO  BaseTest.BaseClass - ChromeDriver: chrome on windows (a1d5caa2fe9d7a3222976df57915827f)
14:44:31.052 [main] INFO  BaseTest.BaseClass - explicit is working fine
14:44:31.065 [main] INFO  BaseTest.BaseClass - implicit and explicit time is set
14:44:31.087 [main] INFO  BaseTest.BaseClass - Log in
14:44:31.474 [main] INFO  BaseTest.BaseClass - login successful
14:44:31.474 [main] INFO  BaseTest.BaseClass - setting implicit wait
14:44:31.477 [main] INFO  BaseTest.BaseClass - finding element...
14:44:33.922 [main] INFO  BaseTest.BaseClass - Log out
14:44:34.318 [main] INFO  BaseTest.BaseClass - loading allure report....
15:01:19.238 [main] INFO  BaseTest.BaseClass - Logging to absolute path: C:\Users\Dell\git\repository\AutomationFramework
15:01:19.598 [main] INFO  BaseTest.BaseClass - **starting logintest**
15:01:19.797 [main] INFO  BaseTest.BaseClass - Clicked on login_button
15:01:19.799 [main] INFO  BaseTest.BaseClass - ChromeDriver: chrome on windows (0bf410f1de61f0c20a687e8c3799a777)
15:01:20.414 [main] INFO  BaseTest.BaseClass - explicit is working fine
15:01:20.432 [main] INFO  BaseTest.BaseClass - implicit and explicit time is set
15:01:20.460 [main] INFO  BaseTest.BaseClass - Log in
15:01:20.949 [main] INFO  BaseTest.BaseClass - login successful
15:01:20.949 [main] INFO  BaseTest.BaseClass - setting implicit wait
15:01:20.955 [main] INFO  BaseTest.BaseClass - finding element...
15:01:23.169 [main] INFO  BaseTest.BaseClass - Log out
15:01:26.886 [main] INFO  BaseTest.BaseClass - Logging to absolute path: C:\Users\Dell\git\repository\AutomationFramework
15:01:26.899 [main] INFO  BaseTest.BaseClass - **starting logintest**
15:01:27.367 [main] INFO  BaseTest.BaseClass - Clicked on login_button
15:01:27.367 [main] INFO  BaseTest.BaseClass - ChromeDriver: chrome on windows (ea4a55bfa7ed1673e53486ae8e63ec80)
15:01:28.124 [main] INFO  BaseTest.BaseClass - explicit is working fine
15:01:28.138 [main] INFO  BaseTest.BaseClass - implicit and explicit time is set
15:01:28.161 [main] INFO  BaseTest.BaseClass - Log in
15:01:28.626 [main] INFO  BaseTest.BaseClass - login successful
15:01:28.626 [main] INFO  BaseTest.BaseClass - setting implicit wait
15:01:28.634 [main] INFO  BaseTest.BaseClass - finding element...
15:01:30.558 [main] INFO  BaseTest.BaseClass - Log out
15:01:33.406 [main] INFO  BaseTest.BaseClass - Logging to absolute path: C:\Users\Dell\git\repository\AutomationFramework
15:01:33.428 [main] INFO  BaseTest.BaseClass - **starting logintest**
15:01:33.762 [main] INFO  BaseTest.BaseClass - Clicked on login_button
15:01:33.762 [main] INFO  BaseTest.BaseClass - ChromeDriver: chrome on windows (a38eff165b62ae9b72b9275acd9d6ab1)
15:01:34.427 [main] INFO  BaseTest.BaseClass - explicit is working fine
15:01:34.457 [main] INFO  BaseTest.BaseClass - implicit and explicit time is set
15:01:34.500 [main] INFO  BaseTest.BaseClass - Log in
15:01:35.115 [main] INFO  BaseTest.BaseClass - login successful
15:01:35.115 [main] INFO  BaseTest.BaseClass - setting implicit wait
15:01:35.120 [main] INFO  BaseTest.BaseClass - finding element...
15:01:37.028 [main] INFO  BaseTest.BaseClass - Log out
15:01:40.469 [main] INFO  BaseTest.BaseClass - Logging to absolute path: C:\Users\Dell\git\repository\AutomationFramework
15:01:40.477 [main] INFO  BaseTest.BaseClass - **starting logintest**
15:01:40.859 [main] INFO  BaseTest.BaseClass - Clicked on login_button
15:01:40.859 [main] INFO  BaseTest.BaseClass - ChromeDriver: chrome on windows (77918757d62f196644b76fb653bb8b56)
15:01:41.549 [main] INFO  BaseTest.BaseClass - explicit is working fine
15:01:41.563 [main] INFO  BaseTest.BaseClass - implicit and explicit time is set
15:01:41.586 [main] INFO  BaseTest.BaseClass - Log in
15:01:42.080 [main] INFO  BaseTest.BaseClass - login successful
15:01:42.080 [main] INFO  BaseTest.BaseClass - setting implicit wait
15:01:42.090 [main] INFO  BaseTest.BaseClass - finding element...
15:01:44.274 [main] INFO  BaseTest.BaseClass - Log out
15:01:44.844 [main] INFO  BaseTest.BaseClass - loading allure report....
21:38:51.393 [main] INFO  BaseTest.BaseClass - Logging to absolute path: C:\Users\Dell\git\repository\AutomationFramework
21:38:51.679 [main] INFO  BaseTest.BaseClass - **starting logintest**
21:38:51.902 [main] INFO  BaseTest.BaseClass - Clicked on login_button
21:38:51.904 [main] INFO  BaseTest.BaseClass - ChromeDriver: chrome on windows (436f08ca6eec729c0d1c7a1708844c34)
21:38:52.532 [main] INFO  BaseTest.BaseClass - explicit is working fine
21:38:52.548 [main] INFO  BaseTest.BaseClass - implicit and explicit time is set
21:38:52.571 [main] INFO  BaseTest.BaseClass - Log in
21:38:52.982 [main] INFO  BaseTest.BaseClass - login successful
21:38:52.982 [main] INFO  BaseTest.BaseClass - setting implicit wait
21:38:52.989 [main] INFO  BaseTest.BaseClass - finding element...
21:38:54.819 [main] INFO  BaseTest.BaseClass - Log out
21:38:58.113 [main] INFO  BaseTest.BaseClass - Logging to absolute path: C:\Users\Dell\git\repository\AutomationFramework
21:38:58.127 [main] INFO  BaseTest.BaseClass - **starting logintest**
21:38:58.393 [main] INFO  BaseTest.BaseClass - Clicked on login_button
21:38:58.395 [main] INFO  BaseTest.BaseClass - ChromeDriver: chrome on windows (faecf7c222cc65d9180272a6d4a8b66e)
21:38:59.016 [main] INFO  BaseTest.BaseClass - explicit is working fine
21:38:59.033 [main] INFO  BaseTest.BaseClass - implicit and explicit time is set
21:38:59.056 [main] INFO  BaseTest.BaseClass - Log in
21:38:59.519 [main] INFO  BaseTest.BaseClass - login successful
21:38:59.519 [main] INFO  BaseTest.BaseClass - setting implicit wait
21:38:59.522 [main] INFO  BaseTest.BaseClass - finding element...
21:39:01.432 [main] INFO  BaseTest.BaseClass - Log out
21:39:04.630 [main] INFO  BaseTest.BaseClass - Logging to absolute path: C:\Users\Dell\git\repository\AutomationFramework
21:39:04.649 [main] INFO  BaseTest.BaseClass - **starting logintest**
21:39:05.050 [main] INFO  BaseTest.BaseClass - Clicked on login_button
21:39:05.050 [main] INFO  BaseTest.BaseClass - ChromeDriver: chrome on windows (e469b82d91fa5e9c154f6588497aa404)
21:39:05.689 [main] INFO  BaseTest.BaseClass - explicit is working fine
21:39:05.703 [main] INFO  BaseTest.BaseClass - implicit and explicit time is set
21:39:05.722 [main] INFO  BaseTest.BaseClass - Log in
21:39:06.184 [main] INFO  BaseTest.BaseClass - login successful
21:39:06.185 [main] INFO  BaseTest.BaseClass - setting implicit wait
21:39:06.189 [main] INFO  BaseTest.BaseClass - finding element...
21:39:08.335 [main] INFO  BaseTest.BaseClass - Log out
21:39:11.421 [main] INFO  BaseTest.BaseClass - Logging to absolute path: C:\Users\Dell\git\repository\AutomationFramework
21:39:11.432 [main] INFO  BaseTest.BaseClass - **starting logintest**
21:39:11.722 [main] INFO  BaseTest.BaseClass - Clicked on login_button
21:39:11.724 [main] INFO  BaseTest.BaseClass - ChromeDriver: chrome on windows (8637870fa948a1fc2fc0b1384315fb56)
21:39:12.349 [main] INFO  BaseTest.BaseClass - explicit is working fine
21:39:12.363 [main] INFO  BaseTest.BaseClass - implicit and explicit time is set
21:39:12.387 [main] INFO  BaseTest.BaseClass - Log in
21:39:12.825 [main] INFO  BaseTest.BaseClass - login successful
21:39:12.825 [main] INFO  BaseTest.BaseClass - setting implicit wait
21:39:12.828 [main] INFO  BaseTest.BaseClass - finding element...
21:39:14.634 [main] INFO  BaseTest.BaseClass - Log out
21:39:17.563 [main] INFO  BaseTest.BaseClass - Logging to absolute path: C:\Users\Dell\git\repository\AutomationFramework
21:39:17.896 [main] INFO  BaseTest.BaseClass - Scrolled to bottom to find next page
21:39:18.181 [main] INFO  BaseTest.BaseClass - cliked on next button
21:39:18.754 [main] INFO  BaseTest.BaseClass - waited for element to locate
21:39:18.787 [main] INFO  BaseTest.BaseClass - Scrolled to desired product element
21:39:19.626 [main] INFO  BaseTest.BaseClass - clicked on desired product element
21:39:19.644 [main] ERROR BaseTest.BaseClass - Exception is: org.openqa.selenium.NoAlertPresentException: no such alert
  (Session info: chrome=141.0.7390.123)
Build info: version: '4.35.0', revision: '1c58e5028b'
System info: os.name: 'Windows 11', os.arch: 'amd64', os.version: '10.0', java.version: '17.0.12'
Driver info: org.openqa.selenium.chrome.ChromeDriver
Command: [b654393539fabc8912efc55476ee9e65, getAlertText {}]
Capabilities {acceptInsecureCerts: false, browserName: chrome, browserVersion: 141.0.7390.123, chrome: {chromedriverVersion: 141.0.7390.122 (b477534e7e1..., userDataDir: C:\Users\Dell\AppData\Local...}, fedcm:accounts: true, goog:chromeOptions: {debuggerAddress: localhost:56681}, networkConnectionEnabled: false, pageLoadStrategy: normal, platformName: windows, proxy: Proxy(), se:cdp: ws://localhost:56681/devtoo..., se:cdpVersion: 141.0.7390.123, setWindowRect: true, strictFileInteractability: false, timeouts: {implicit: 0, pageLoad: 300000, script: 30000}, unhandledPromptBehavior: dismiss and notify, webauthn:extension:credBlob: true, webauthn:extension:largeBlob: true, webauthn:extension:minPinLength: true, webauthn:extension:prf: true, webauthn:virtualAuthenticators: true}
Session ID: b654393539fabc8912efc55476ee9e65
21:39:20.459 [main] INFO  BaseTest.BaseClass - clicking on cart button..
21:39:21.929 [main] INFO  BaseTest.BaseClass - loading allure report....
21:41:04.330 [main] INFO  BaseTest.BaseClass - Logging to absolute path: C:\Users\Dell\git\repository\AutomationFramework
21:41:04.611 [main] INFO  BaseTest.BaseClass - **starting logintest**
21:41:04.779 [main] INFO  BaseTest.BaseClass - Clicked on login_button
21:41:04.781 [main] INFO  BaseTest.BaseClass - ChromeDriver: chrome on windows (bbe21c3db714f25a5cc617f34db2f901)
21:41:05.394 [main] INFO  BaseTest.BaseClass - explicit is working fine
21:41:05.410 [main] INFO  BaseTest.BaseClass - implicit and explicit time is set
21:41:05.430 [main] INFO  BaseTest.BaseClass - Log in
21:41:05.891 [main] INFO  BaseTest.BaseClass - login successful
21:41:05.891 [main] INFO  BaseTest.BaseClass - setting implicit wait
21:41:05.892 [main] INFO  BaseTest.BaseClass - finding element...
21:41:07.661 [main] INFO  BaseTest.BaseClass - Log out
21:41:11.098 [main] INFO  BaseTest.BaseClass - Logging to absolute path: C:\Users\Dell\git\repository\AutomationFramework
21:41:11.114 [main] INFO  BaseTest.BaseClass - **starting logintest**
21:41:11.400 [main] INFO  BaseTest.BaseClass - Clicked on login_button
21:41:11.400 [main] INFO  BaseTest.BaseClass - ChromeDriver: chrome on windows (42165321b139730b3b39d5123751ce13)
21:41:12.007 [main] INFO  BaseTest.BaseClass - explicit is working fine
21:41:12.023 [main] INFO  BaseTest.BaseClass - implicit and explicit time is set
21:41:12.046 [main] INFO  BaseTest.BaseClass - Log in
21:41:12.493 [main] INFO  BaseTest.BaseClass - login successful
21:41:12.495 [main] INFO  BaseTest.BaseClass - setting implicit wait
21:41:12.498 [main] INFO  BaseTest.BaseClass - finding element...
21:41:14.572 [main] INFO  BaseTest.BaseClass - Log out
21:41:17.479 [main] INFO  BaseTest.BaseClass - Logging to absolute path: C:\Users\Dell\git\repository\AutomationFramework
21:41:17.493 [main] INFO  BaseTest.BaseClass - **starting logintest**
21:41:17.823 [main] INFO  BaseTest.BaseClass - Clicked on login_button
21:41:17.823 [main] INFO  BaseTest.BaseClass - ChromeDriver: chrome on windows (fbea26d77ec2b8990dc6b576dc719a05)
21:41:18.402 [main] INFO  BaseTest.BaseClass - explicit is working fine
21:41:18.420 [main] INFO  BaseTest.BaseClass - implicit and explicit time is set
21:41:18.436 [main] INFO  BaseTest.BaseClass - Log in
21:41:18.862 [main] INFO  BaseTest.BaseClass - login successful
21:41:18.862 [main] INFO  BaseTest.BaseClass - setting implicit wait
21:41:18.866 [main] INFO  BaseTest.BaseClass - finding element...
21:41:20.950 [main] INFO  BaseTest.BaseClass - Log out
21:41:23.770 [main] INFO  BaseTest.BaseClass - Logging to absolute path: C:\Users\Dell\git\repository\AutomationFramework
21:41:23.780 [main] INFO  BaseTest.BaseClass - **starting logintest**
21:41:24.066 [main] INFO  BaseTest.BaseClass - Clicked on login_button
21:41:24.066 [main] INFO  BaseTest.BaseClass - ChromeDriver: chrome on windows (305992cd23ecc3bbe7691cae46942ed8)
21:41:24.674 [main] INFO  BaseTest.BaseClass - explicit is working fine
21:41:24.686 [main] INFO  BaseTest.BaseClass - implicit and explicit time is set
21:41:24.716 [main] INFO  BaseTest.BaseClass - Log in
21:41:25.181 [main] INFO  BaseTest.BaseClass - login successful
21:41:25.181 [main] INFO  BaseTest.BaseClass - setting implicit wait
21:41:25.184 [main] INFO  BaseTest.BaseClass - finding element...
21:41:27.134 [main] INFO  BaseTest.BaseClass - Log out
21:41:29.812 [main] INFO  BaseTest.BaseClass - Logging to absolute path: C:\Users\Dell\git\repository\AutomationFramework
21:41:29.906 [main] INFO  BaseTest.BaseClass - Scrolled to bottom to find next page
21:41:30.206 [main] INFO  BaseTest.BaseClass - cliked on next button
21:41:30.872 [main] INFO  BaseTest.BaseClass - waited for element to locate
21:41:30.901 [main] INFO  BaseTest.BaseClass - Scrolled to desired product element
21:41:31.769 [main] INFO  BaseTest.BaseClass - clicked on desired product element
21:41:31.820 [main] ERROR BaseTest.BaseClass - Exception is: org.openqa.selenium.NoAlertPresentException: no such alert
  (Session info: chrome=141.0.7390.123)
Build info: version: '4.35.0', revision: '1c58e5028b'
System info: os.name: 'Windows 11', os.arch: 'amd64', os.version: '10.0', java.version: '17.0.12'
Driver info: org.openqa.selenium.chrome.ChromeDriver
Command: [a68f75488e9e33fff62d5b7abe89f938, getAlertText {}]
Capabilities {acceptInsecureCerts: false, browserName: chrome, browserVersion: 141.0.7390.123, chrome: {chromedriverVersion: 141.0.7390.122 (b477534e7e1..., userDataDir: C:\Users\Dell\AppData\Local...}, fedcm:accounts: true, goog:chromeOptions: {debuggerAddress: localhost:58094}, networkConnectionEnabled: false, pageLoadStrategy: normal, platformName: windows, proxy: Proxy(), se:cdp: ws://localhost:58094/devtoo..., se:cdpVersion: 141.0.7390.123, setWindowRect: true, strictFileInteractability: false, timeouts: {implicit: 0, pageLoad: 300000, script: 30000}, unhandledPromptBehavior: dismiss and notify, webauthn:extension:credBlob: true, webauthn:extension:largeBlob: true, webauthn:extension:minPinLength: true, webauthn:extension:prf: true, webauthn:virtualAuthenticators: true}
Session ID: a68f75488e9e33fff62d5b7abe89f938
21:41:32.746 [main] INFO  BaseTest.BaseClass - clicking on cart button..
21:41:33.799 [main] INFO  BaseTest.BaseClass - loading allure report....
15:51:00.713 [main] INFO  BaseTest.BaseClass - Logging to absolute path: C:\Users\Dell\git\repository\AutomationFramework
15:51:01.027 [main] INFO  BaseTest.BaseClass - **starting logintest**
15:51:01.337 [main] INFO  BaseTest.BaseClass - Clicked on login_button
15:51:01.340 [main] INFO  BaseTest.BaseClass - ChromeDriver: chrome on windows (970699345b74958a3369ef83feba0086)
15:51:02.080 [main] INFO  BaseTest.BaseClass - explicit is working fine
15:51:02.092 [main] INFO  BaseTest.BaseClass - implicit and explicit time is set
15:51:02.166 [main] INFO  BaseTest.BaseClass - Log in
15:51:02.636 [main] INFO  BaseTest.BaseClass - login successful
15:51:02.636 [main] INFO  BaseTest.BaseClass - setting implicit wait
15:51:02.640 [main] INFO  BaseTest.BaseClass - finding element...
15:51:04.747 [main] INFO  BaseTest.BaseClass - Log out
15:51:08.143 [main] INFO  BaseTest.BaseClass - Logging to absolute path: C:\Users\Dell\git\repository\AutomationFramework
15:51:08.165 [main] INFO  BaseTest.BaseClass - **starting logintest**
15:51:08.567 [main] INFO  BaseTest.BaseClass - Clicked on login_button
15:51:08.567 [main] INFO  BaseTest.BaseClass - ChromeDriver: chrome on windows (02fd379dd4ce1abe377ed012874f120c)
15:51:09.220 [main] INFO  BaseTest.BaseClass - explicit is working fine
15:51:09.225 [main] INFO  BaseTest.BaseClass - implicit and explicit time is set
15:51:09.254 [main] INFO  BaseTest.BaseClass - Log in
15:51:09.690 [main] INFO  BaseTest.BaseClass - login successful
15:51:09.690 [main] INFO  BaseTest.BaseClass - setting implicit wait
15:51:09.696 [main] INFO  BaseTest.BaseClass - finding element...
15:51:11.633 [main] INFO  BaseTest.BaseClass - Log out
15:51:14.670 [main] INFO  BaseTest.BaseClass - Logging to absolute path: C:\Users\Dell\git\repository\AutomationFramework
15:51:14.701 [main] INFO  BaseTest.BaseClass - **starting logintest**
15:51:15.234 [main] INFO  BaseTest.BaseClass - Clicked on login_button
15:51:15.234 [main] INFO  BaseTest.BaseClass - ChromeDriver: chrome on windows (c362024633a7147e4e91945b9c416fbc)
15:51:15.939 [main] INFO  BaseTest.BaseClass - explicit is working fine
15:51:15.956 [main] INFO  BaseTest.BaseClass - implicit and explicit time is set
15:51:15.977 [main] INFO  BaseTest.BaseClass - Log in
15:51:16.417 [main] INFO  BaseTest.BaseClass - login successful
15:51:16.417 [main] INFO  BaseTest.BaseClass - setting implicit wait
15:51:16.421 [main] INFO  BaseTest.BaseClass - finding element...
15:51:18.488 [main] INFO  BaseTest.BaseClass - Log out
15:51:21.415 [main] INFO  BaseTest.BaseClass - Logging to absolute path: C:\Users\Dell\git\repository\AutomationFramework
15:51:21.433 [main] INFO  BaseTest.BaseClass - **starting logintest**
15:51:21.730 [main] INFO  BaseTest.BaseClass - Clicked on login_button
15:51:21.730 [main] INFO  BaseTest.BaseClass - ChromeDriver: chrome on windows (dc4659564853410aa4330aa9b16eb470)
15:51:22.412 [main] INFO  BaseTest.BaseClass - explicit is working fine
15:51:22.456 [main] INFO  BaseTest.BaseClass - implicit and explicit time is set
15:51:22.494 [main] INFO  BaseTest.BaseClass - Log in
15:51:22.953 [main] INFO  BaseTest.BaseClass - login successful
15:51:22.953 [main] INFO  BaseTest.BaseClass - setting implicit wait
15:51:22.958 [main] INFO  BaseTest.BaseClass - finding element...
15:51:25.074 [main] INFO  BaseTest.BaseClass - Log out
15:51:25.669 [main] INFO  BaseTest.BaseClass - loading allure report....
04:07:15.038 [main] INFO  BaseTest.BaseClass - Logging to absolute path: C:\ProgramData\Jenkins\.jenkins\workspace\AutomationFramework
04:07:15.270 [main] INFO  BaseTest.BaseClass - **starting logintest**
04:07:15.498 [main] INFO  BaseTest.BaseClass - Clicked on login_button
04:07:15.501 [main] INFO  BaseTest.BaseClass - ChromeDriver: chrome on windows (947b8483e034e4334a63c2c9af2cff72)
04:07:16.136 [main] INFO  BaseTest.BaseClass - explicit is working fine
04:07:16.167 [main] INFO  BaseTest.BaseClass - implicit and explicit time is set
04:07:16.219 [main] INFO  BaseTest.BaseClass - Log in
04:07:16.744 [main] INFO  BaseTest.BaseClass - login successful
04:07:16.744 [main] INFO  BaseTest.BaseClass - setting implicit wait
04:07:16.747 [main] INFO  BaseTest.BaseClass - finding element...
04:07:19.072 [main] INFO  BaseTest.BaseClass - Log out
04:07:22.148 [main] INFO  BaseTest.BaseClass - Logging to absolute path: C:\ProgramData\Jenkins\.jenkins\workspace\AutomationFramework
04:07:22.151 [main] INFO  BaseTest.BaseClass - **starting logintest**
04:07:22.348 [main] INFO  BaseTest.BaseClass - Clicked on login_button
04:07:22.348 [main] INFO  BaseTest.BaseClass - ChromeDriver: chrome on windows (c1856a4b378388a8bca041831a419e94)
04:07:23.045 [main] INFO  BaseTest.BaseClass - explicit is working fine
04:07:23.066 [main] INFO  BaseTest.BaseClass - implicit and explicit time is set
04:07:23.107 [main] INFO  BaseTest.BaseClass - Log in
04:07:23.597 [main] INFO  BaseTest.BaseClass - login successful
04:07:23.597 [main] INFO  BaseTest.BaseClass - setting implicit wait
04:07:23.601 [main] INFO  BaseTest.BaseClass - finding element...
04:07:25.935 [main] INFO  BaseTest.BaseClass - Log out
04:07:28.659 [main] INFO  BaseTest.BaseClass - Logging to absolute path: C:\ProgramData\Jenkins\.jenkins\workspace\AutomationFramework
04:07:28.667 [main] INFO  BaseTest.BaseClass - **starting logintest**
04:07:28.823 [main] INFO  BaseTest.BaseClass - Clicked on login_button
04:07:28.823 [main] INFO  BaseTest.BaseClass - ChromeDriver: chrome on windows (c62a68340fe95bc045c77b4c76851fae)
04:07:29.480 [main] INFO  BaseTest.BaseClass - explicit is working fine
04:07:29.502 [main] INFO  BaseTest.BaseClass - implicit and explicit time is set
04:07:29.536 [main] INFO  BaseTest.BaseClass - Log in
04:07:29.954 [main] INFO  BaseTest.BaseClass - login successful
04:07:29.954 [main] INFO  BaseTest.BaseClass - setting implicit wait
04:07:29.956 [main] INFO  BaseTest.BaseClass - finding element...
04:07:32.076 [main] INFO  BaseTest.BaseClass - Log out
04:07:35.857 [main] INFO  BaseTest.BaseClass - Logging to absolute path: C:\ProgramData\Jenkins\.jenkins\workspace\AutomationFramework
04:07:35.864 [main] INFO  BaseTest.BaseClass - **starting logintest**
04:07:36.008 [main] INFO  BaseTest.BaseClass - Clicked on login_button
04:07:36.008 [main] INFO  BaseTest.BaseClass - ChromeDriver: chrome on windows (0a2df35337c4c321f3a825d26e55088b)
04:07:36.631 [main] INFO  BaseTest.BaseClass - explicit is working fine
04:07:36.672 [main] INFO  BaseTest.BaseClass - implicit and explicit time is set
04:07:36.739 [main] INFO  BaseTest.BaseClass - Log in
04:07:37.217 [main] INFO  BaseTest.BaseClass - login successful
04:07:37.217 [main] INFO  BaseTest.BaseClass - setting implicit wait
04:07:37.222 [main] INFO  BaseTest.BaseClass - finding element...
04:07:39.776 [main] INFO  BaseTest.BaseClass - Log out
04:07:42.455 [main] INFO  BaseTest.BaseClass - Logging to absolute path: C:\ProgramData\Jenkins\.jenkins\workspace\AutomationFramework
04:07:42.486 [main] INFO  BaseTest.BaseClass - Scrolled to bottom to find next page
04:07:42.734 [main] INFO  BaseTest.BaseClass - cliked on next button
04:07:55.796 [main] INFO  BaseTest.BaseClass - Logging to absolute path: C:\ProgramData\Jenkins\.jenkins\workspace\AutomationFramework
04:07:55.831 [main] INFO  BaseTest.BaseClass - Scrolled to bottom to find next page
04:07:56.053 [main] INFO  BaseTest.BaseClass - cliked on next button
04:08:09.518 [main] INFO  BaseTest.BaseClass - Logging to absolute path: C:\ProgramData\Jenkins\.jenkins\workspace\AutomationFramework
04:08:09.533 [main] INFO  BaseTest.BaseClass - Scrolled to bottom to find next page
04:08:09.712 [main] INFO  BaseTest.BaseClass - cliked on next button
04:08:23.221 [main] INFO  BaseTest.BaseClass - Logging to absolute path: C:\ProgramData\Jenkins\.jenkins\workspace\AutomationFramework
04:08:23.258 [main] INFO  BaseTest.BaseClass - Scrolled to bottom to find next page
04:08:23.435 [main] INFO  BaseTest.BaseClass - cliked on next button
04:08:34.055 [main] INFO  BaseTest.BaseClass - loading allure report....
00:04:42.100 [main] INFO  BaseTest.BaseClass - Logging to absolute path: C:\ProgramData\Jenkins\.jenkins\workspace\AutomationFramework
00:04:42.333 [main] INFO  BaseTest.BaseClass - **starting logintest**
00:04:42.526 [main] INFO  BaseTest.BaseClass - Clicked on login_button
00:04:42.527 [main] INFO  BaseTest.BaseClass - ChromeDriver: chrome on windows (52cb814b1c57c477ed9f2e355d14f7a7)
00:04:43.111 [main] INFO  BaseTest.BaseClass - explicit is working fine
00:04:43.121 [main] INFO  BaseTest.BaseClass - implicit and explicit time is set
00:04:43.137 [main] INFO  BaseTest.BaseClass - Log in
00:04:43.375 [main] INFO  BaseTest.BaseClass - login successful
00:04:43.375 [main] INFO  BaseTest.BaseClass - setting implicit wait
00:04:43.378 [main] INFO  BaseTest.BaseClass - finding element...
00:04:44.931 [main] INFO  BaseTest.BaseClass - Log out
00:04:47.014 [main] INFO  BaseTest.BaseClass - Logging to absolute path: C:\ProgramData\Jenkins\.jenkins\workspace\AutomationFramework
00:04:47.021 [main] INFO  BaseTest.BaseClass - **starting logintest**
00:04:47.105 [main] INFO  BaseTest.BaseClass - Clicked on login_button
00:04:47.105 [main] INFO  BaseTest.BaseClass - ChromeDriver: chrome on windows (25f12c630a420a969b472aa68461c534)
00:04:47.661 [main] INFO  BaseTest.BaseClass - explicit is working fine
00:04:47.676 [main] INFO  BaseTest.BaseClass - implicit and explicit time is set
00:04:47.691 [main] INFO  BaseTest.BaseClass - Log in
00:04:47.901 [main] INFO  BaseTest.BaseClass - login successful
00:04:47.901 [main] INFO  BaseTest.BaseClass - setting implicit wait
00:04:47.903 [main] INFO  BaseTest.BaseClass - finding element...
00:04:49.517 [main] INFO  BaseTest.BaseClass - Log out
00:04:51.595 [main] INFO  BaseTest.BaseClass - Logging to absolute path: C:\ProgramData\Jenkins\.jenkins\workspace\AutomationFramework
00:04:51.600 [main] INFO  BaseTest.BaseClass - **starting logintest**
00:04:51.753 [main] INFO  BaseTest.BaseClass - Clicked on login_button
00:04:51.753 [main] INFO  BaseTest.BaseClass - ChromeDriver: chrome on windows (11d139273b8e2fca2488f5a13186ab83)
00:04:52.304 [main] INFO  BaseTest.BaseClass - explicit is working fine
00:04:52.314 [main] INFO  BaseTest.BaseClass - implicit and explicit time is set
00:04:52.334 [main] INFO  BaseTest.BaseClass - Log in
00:04:52.568 [main] INFO  BaseTest.BaseClass - login successful
00:04:52.569 [main] INFO  BaseTest.BaseClass - setting implicit wait
00:04:52.570 [main] INFO  BaseTest.BaseClass - finding element...
00:04:54.218 [main] INFO  BaseTest.BaseClass - Log out
00:04:56.083 [main] INFO  BaseTest.BaseClass - Logging to absolute path: C:\ProgramData\Jenkins\.jenkins\workspace\AutomationFramework
00:04:56.093 [main] INFO  BaseTest.BaseClass - **starting logintest**
00:04:56.256 [main] INFO  BaseTest.BaseClass - Clicked on login_button
00:04:56.256 [main] INFO  BaseTest.BaseClass - ChromeDriver: chrome on windows (b29a8dcaa38aa5958d939056536078e9)
00:04:56.887 [main] INFO  BaseTest.BaseClass - explicit is working fine
00:04:56.915 [main] INFO  BaseTest.BaseClass - implicit and explicit time is set
00:04:56.938 [main] INFO  BaseTest.BaseClass - Log in
00:04:57.185 [main] INFO  BaseTest.BaseClass - login successful
00:04:57.185 [main] INFO  BaseTest.BaseClass - setting implicit wait
00:04:57.188 [main] INFO  BaseTest.BaseClass - finding element...
00:04:58.852 [main] INFO  BaseTest.BaseClass - Log out
00:05:00.882 [main] INFO  BaseTest.BaseClass - Logging to absolute path: C:\ProgramData\Jenkins\.jenkins\workspace\AutomationFramework
00:05:00.903 [main] INFO  BaseTest.BaseClass - Scrolled to bottom to find next page
00:05:01.083 [main] INFO  BaseTest.BaseClass - cliked on next button
00:05:13.547 [main] INFO  BaseTest.BaseClass - Logging to absolute path: C:\ProgramData\Jenkins\.jenkins\workspace\AutomationFramework
00:05:13.567 [main] INFO  BaseTest.BaseClass - Scrolled to bottom to find next page
00:05:13.688 [main] INFO  BaseTest.BaseClass - cliked on next button
00:05:14.323 [main] INFO  BaseTest.BaseClass - waited for element to locate
00:05:14.352 [main] INFO  BaseTest.BaseClass - Scrolled to desired product element
00:05:15.016 [main] INFO  BaseTest.BaseClass - clicked on desired product element
00:05:15.028 [main] ERROR BaseTest.BaseClass - Exception is: org.openqa.selenium.NoAlertPresentException: no such alert
  (Session info: chrome=142.0.7444.59)
Build info: version: '4.35.0', revision: '1c58e5028b'
System info: os.name: 'Windows 11', os.arch: 'amd64', os.version: '10.0', java.version: '17.0.12'
Driver info: org.openqa.selenium.chrome.ChromeDriver
Command: [734da088d0dfb88b8f9efb247843e2ec, getAlertText {}]
Capabilities {acceptInsecureCerts: false, browserName: chrome, browserVersion: 142.0.7444.59, chrome: {chromedriverVersion: 142.0.7444.61 (9884f628acbc..., userDataDir: C:\WINDOWS\SystemTemp\scope...}, fedcm:accounts: true, goog:chromeOptions: {debuggerAddress: localhost:63206}, goog:processID: 14520, networkConnectionEnabled: false, pageLoadStrategy: normal, platformName: windows, proxy: Proxy(), se:cdp: ws://localhost:63206/devtoo..., se:cdpVersion: 142.0.7444.59, setWindowRect: true, strictFileInteractability: false, timeouts: {implicit: 0, pageLoad: 300000, script: 30000}, unhandledPromptBehavior: dismiss and notify, webauthn:extension:credBlob: true, webauthn:extension:largeBlob: true, webauthn:extension:minPinLength: true, webauthn:extension:prf: true, webauthn:virtualAuthenticators: true}
Session ID: 734da088d0dfb88b8f9efb247843e2ec
00:05:15.666 [main] INFO  BaseTest.BaseClass - clicking on cart button..
00:05:16.524 [main] INFO  BaseTest.BaseClass - loading allure report....
00:57:04.326 [main] INFO  BaseTest.BaseClass - Logging to absolute path: C:\ProgramData\Jenkins\.jenkins\workspace\AutomationFramework
00:57:04.589 [main] INFO  BaseTest.BaseClass - **starting logintest**
00:57:04.775 [main] INFO  BaseTest.BaseClass - Clicked on login_button
00:57:04.775 [main] INFO  BaseTest.BaseClass - ChromeDriver: chrome on windows (5eb8f6294dc4e4413959bba84ba69d2a)
00:57:05.411 [main] INFO  BaseTest.BaseClass - explicit is working fine
00:57:05.452 [main] INFO  BaseTest.BaseClass - implicit and explicit time is set
00:57:05.538 [main] INFO  BaseTest.BaseClass - Log in
00:57:06.022 [main] INFO  BaseTest.BaseClass - login successful
00:57:06.022 [main] INFO  BaseTest.BaseClass - setting implicit wait
00:57:06.028 [main] INFO  BaseTest.BaseClass - finding element...
00:57:08.320 [main] INFO  BaseTest.BaseClass - Log out
00:57:12.018 [main] INFO  BaseTest.BaseClass - Logging to absolute path: C:\ProgramData\Jenkins\.jenkins\workspace\AutomationFramework
00:57:12.023 [main] INFO  BaseTest.BaseClass - **starting logintest**
00:57:12.273 [main] INFO  BaseTest.BaseClass - Clicked on login_button
00:57:12.275 [main] INFO  BaseTest.BaseClass - ChromeDriver: chrome on windows (d65b2d37266fce43d1664daa8828c169)
00:57:12.888 [main] INFO  BaseTest.BaseClass - explicit is working fine
00:57:12.913 [main] INFO  BaseTest.BaseClass - implicit and explicit time is set
00:57:12.946 [main] INFO  BaseTest.BaseClass - Log in
00:57:13.373 [main] INFO  BaseTest.BaseClass - login successful
00:57:13.373 [main] INFO  BaseTest.BaseClass - setting implicit wait
00:57:13.375 [main] INFO  BaseTest.BaseClass - finding element...
00:57:15.545 [main] INFO  BaseTest.BaseClass - Log out
00:57:18.458 [main] INFO  BaseTest.BaseClass - Logging to absolute path: C:\ProgramData\Jenkins\.jenkins\workspace\AutomationFramework
00:57:18.468 [main] INFO  BaseTest.BaseClass - **starting logintest**
00:57:18.601 [main] INFO  BaseTest.BaseClass - Clicked on login_button
00:57:18.601 [main] INFO  BaseTest.BaseClass - ChromeDriver: chrome on windows (cea642d8e463219d858ef9bc74e70691)
00:57:19.254 [main] INFO  BaseTest.BaseClass - explicit is working fine
00:57:19.277 [main] INFO  BaseTest.BaseClass - implicit and explicit time is set
00:57:19.298 [main] INFO  BaseTest.BaseClass - Log in
00:57:19.648 [main] INFO  BaseTest.BaseClass - login successful
00:57:19.653 [main] INFO  BaseTest.BaseClass - setting implicit wait
00:57:19.657 [main] INFO  BaseTest.BaseClass - finding element...
00:57:21.529 [main] INFO  BaseTest.BaseClass - Log out
00:57:24.495 [main] INFO  BaseTest.BaseClass - Logging to absolute path: C:\ProgramData\Jenkins\.jenkins\workspace\AutomationFramework
00:57:24.502 [main] INFO  BaseTest.BaseClass - **starting logintest**
00:57:24.646 [main] INFO  BaseTest.BaseClass - Clicked on login_button
00:57:24.646 [main] INFO  BaseTest.BaseClass - ChromeDriver: chrome on windows (3f17c94bff5fd7c12465cc8b1d2506f4)
00:57:25.241 [main] INFO  BaseTest.BaseClass - explicit is working fine
00:57:25.273 [main] INFO  BaseTest.BaseClass - implicit and explicit time is set
00:57:25.383 [main] INFO  BaseTest.BaseClass - Log in
00:57:25.753 [main] INFO  BaseTest.BaseClass - login successful
00:57:25.753 [main] INFO  BaseTest.BaseClass - setting implicit wait
00:57:25.757 [main] INFO  BaseTest.BaseClass - finding element...
00:57:28.041 [main] INFO  BaseTest.BaseClass - Log out
00:57:30.880 [main] INFO  BaseTest.BaseClass - Logging to absolute path: C:\ProgramData\Jenkins\.jenkins\workspace\AutomationFramework
00:57:30.963 [main] INFO  BaseTest.BaseClass - Scrolled to bottom to find next page
00:57:31.131 [main] INFO  BaseTest.BaseClass - cliked on next button
00:57:43.945 [main] INFO  BaseTest.BaseClass - Logging to absolute path: C:\ProgramData\Jenkins\.jenkins\workspace\AutomationFramework
00:57:43.978 [main] INFO  BaseTest.BaseClass - Scrolled to bottom to find next page
00:57:44.166 [main] INFO  BaseTest.BaseClass - cliked on next button
00:57:57.143 [main] INFO  BaseTest.BaseClass - Logging to absolute path: C:\ProgramData\Jenkins\.jenkins\workspace\AutomationFramework
00:57:57.168 [main] INFO  BaseTest.BaseClass - Scrolled to bottom to find next page
00:57:57.425 [main] INFO  BaseTest.BaseClass - cliked on next button
00:58:11.967 [main] INFO  BaseTest.BaseClass - Logging to absolute path: C:\ProgramData\Jenkins\.jenkins\workspace\AutomationFramework
00:58:12.076 [main] INFO  BaseTest.BaseClass - Scrolled to bottom to find next page
00:58:12.266 [main] INFO  BaseTest.BaseClass - cliked on next button
00:58:22.916 [main] INFO  BaseTest.BaseClass - loading allure report....
01:16:26.378 [main] INFO  BaseTest.BaseClass - Logging to absolute path: C:\ProgramData\Jenkins\.jenkins\workspace\AutomationFramework
01:16:26.561 [main] INFO  BaseTest.BaseClass - **starting logintest**
01:16:26.765 [main] INFO  BaseTest.BaseClass - Clicked on login_button
01:16:26.766 [main] INFO  BaseTest.BaseClass - ChromeDriver: chrome on windows (685f6ca0ea7d8cc2655ee643342fffb8)
01:16:27.403 [main] INFO  BaseTest.BaseClass - explicit is working fine
01:16:27.428 [main] INFO  BaseTest.BaseClass - implicit and explicit time is set
01:16:27.458 [main] INFO  BaseTest.BaseClass - Log in
01:16:27.850 [main] INFO  BaseTest.BaseClass - login successful
01:16:27.850 [main] INFO  BaseTest.BaseClass - setting implicit wait
01:16:27.850 [main] INFO  BaseTest.BaseClass - finding element...
01:16:29.900 [main] INFO  BaseTest.BaseClass - Log out
01:16:33.076 [main] INFO  BaseTest.BaseClass - Logging to absolute path: C:\ProgramData\Jenkins\.jenkins\workspace\AutomationFramework
01:16:33.083 [main] INFO  BaseTest.BaseClass - **starting logintest**
01:16:33.326 [main] INFO  BaseTest.BaseClass - Clicked on login_button
01:16:33.326 [main] INFO  BaseTest.BaseClass - ChromeDriver: chrome on windows (8ef62435c74be78d25b2856a418510de)
01:16:33.986 [main] INFO  BaseTest.BaseClass - explicit is working fine
01:16:34.006 [main] INFO  BaseTest.BaseClass - implicit and explicit time is set
01:16:34.038 [main] INFO  BaseTest.BaseClass - Log in
01:16:34.519 [main] INFO  BaseTest.BaseClass - login successful
01:16:34.519 [main] INFO  BaseTest.BaseClass - setting implicit wait
01:16:34.519 [main] INFO  BaseTest.BaseClass - finding element...
01:16:37.150 [main] INFO  BaseTest.BaseClass - Log out
01:16:40.731 [main] INFO  BaseTest.BaseClass - Logging to absolute path: C:\ProgramData\Jenkins\.jenkins\workspace\AutomationFramework
01:16:40.734 [main] INFO  BaseTest.BaseClass - **starting logintest**
01:16:41.021 [main] INFO  BaseTest.BaseClass - Clicked on login_button
01:16:41.021 [main] INFO  BaseTest.BaseClass - ChromeDriver: chrome on windows (35d22babea6f3cb620461b7c2b1ae1b3)
01:16:41.632 [main] INFO  BaseTest.BaseClass - explicit is working fine
01:16:41.647 [main] INFO  BaseTest.BaseClass - implicit and explicit time is set
01:16:41.671 [main] INFO  BaseTest.BaseClass - Log in
01:16:42.067 [main] INFO  BaseTest.BaseClass - login successful
01:16:42.067 [main] INFO  BaseTest.BaseClass - setting implicit wait
01:16:42.071 [main] INFO  BaseTest.BaseClass - finding element...
01:16:44.387 [main] INFO  BaseTest.BaseClass - Log out
01:16:46.739 [main] INFO  BaseTest.BaseClass - Logging to absolute path: C:\ProgramData\Jenkins\.jenkins\workspace\AutomationFramework
01:16:46.747 [main] INFO  BaseTest.BaseClass - **starting logintest**
01:16:46.943 [main] INFO  BaseTest.BaseClass - Clicked on login_button
01:16:46.943 [main] INFO  BaseTest.BaseClass - ChromeDriver: chrome on windows (001bdea85cf55e206636ac5a07d200d7)
01:16:47.609 [main] INFO  BaseTest.BaseClass - explicit is working fine
01:16:47.629 [main] INFO  BaseTest.BaseClass - implicit and explicit time is set
01:16:47.657 [main] INFO  BaseTest.BaseClass - Log in
01:16:48.043 [main] INFO  BaseTest.BaseClass - login successful
01:16:48.043 [main] INFO  BaseTest.BaseClass - setting implicit wait
01:16:48.044 [main] INFO  BaseTest.BaseClass - finding element...
01:16:50.307 [main] INFO  BaseTest.BaseClass - Log out
01:16:53.090 [main] INFO  BaseTest.BaseClass - Logging to absolute path: C:\ProgramData\Jenkins\.jenkins\workspace\AutomationFramework
01:16:53.134 [main] INFO  BaseTest.BaseClass - Scrolled to bottom to find next page
01:16:53.299 [main] INFO  BaseTest.BaseClass - cliked on next button
01:17:06.356 [main] INFO  BaseTest.BaseClass - Logging to absolute path: C:\ProgramData\Jenkins\.jenkins\workspace\AutomationFramework
01:17:06.390 [main] INFO  BaseTest.BaseClass - Scrolled to bottom to find next page
01:17:06.590 [main] INFO  BaseTest.BaseClass - cliked on next button
01:17:19.486 [main] INFO  BaseTest.BaseClass - Logging to absolute path: C:\ProgramData\Jenkins\.jenkins\workspace\AutomationFramework
01:17:19.498 [main] INFO  BaseTest.BaseClass - Scrolled to bottom to find next page
01:17:19.670 [main] INFO  BaseTest.BaseClass - cliked on next button
01:17:34.114 [main] INFO  BaseTest.BaseClass - Logging to absolute path: C:\ProgramData\Jenkins\.jenkins\workspace\AutomationFramework
01:17:34.188 [main] INFO  BaseTest.BaseClass - Scrolled to bottom to find next page
01:17:34.370 [main] INFO  BaseTest.BaseClass - cliked on next button
01:17:45.157 [main] INFO  BaseTest.BaseClass - loading allure report....
01:41:13.892 [main] INFO  BaseTest.BaseClass - Logging to absolute path: C:\ProgramData\Jenkins\.jenkins\workspace\AutomationFramework
01:41:14.151 [main] INFO  BaseTest.BaseClass - **starting logintest**
01:41:14.353 [main] INFO  BaseTest.BaseClass - Clicked on login_button
01:41:14.356 [main] INFO  BaseTest.BaseClass - ChromeDriver: chrome on windows (9a315b4ea370452dd4635fcd2ea64829)
01:41:15.029 [main] INFO  BaseTest.BaseClass - explicit is working fine
01:41:15.077 [main] INFO  BaseTest.BaseClass - implicit and explicit time is set
01:41:15.111 [main] INFO  BaseTest.BaseClass - Log in
01:41:15.533 [main] INFO  BaseTest.BaseClass - login successful
01:41:15.535 [main] INFO  BaseTest.BaseClass - setting implicit wait
01:41:15.539 [main] INFO  BaseTest.BaseClass - finding element...
01:41:18.386 [main] INFO  BaseTest.BaseClass - Log out
01:41:21.745 [main] INFO  BaseTest.BaseClass - Logging to absolute path: C:\ProgramData\Jenkins\.jenkins\workspace\AutomationFramework
01:41:21.754 [main] INFO  BaseTest.BaseClass - **starting logintest**
01:41:21.912 [main] INFO  BaseTest.BaseClass - Clicked on login_button
01:41:21.912 [main] INFO  BaseTest.BaseClass - ChromeDriver: chrome on windows (a6b6e3c453e44d13b7ae0bd0cba6b136)
01:41:22.507 [main] INFO  BaseTest.BaseClass - explicit is working fine
01:41:22.526 [main] INFO  BaseTest.BaseClass - implicit and explicit time is set
01:41:22.558 [main] INFO  BaseTest.BaseClass - Log in
01:41:22.973 [main] INFO  BaseTest.BaseClass - login successful
01:41:22.973 [main] INFO  BaseTest.BaseClass - setting implicit wait
01:41:22.975 [main] INFO  BaseTest.BaseClass - finding element...
01:41:25.175 [main] INFO  BaseTest.BaseClass - Log out
01:41:27.682 [main] INFO  BaseTest.BaseClass - Logging to absolute path: C:\ProgramData\Jenkins\.jenkins\workspace\AutomationFramework
01:41:27.683 [main] INFO  BaseTest.BaseClass - **starting logintest**
01:41:27.872 [main] INFO  BaseTest.BaseClass - Clicked on login_button
01:41:27.874 [main] INFO  BaseTest.BaseClass - ChromeDriver: chrome on windows (b85307c96d517cc24830a43e6e2937f0)
01:41:28.490 [main] INFO  BaseTest.BaseClass - explicit is working fine
01:41:28.506 [main] INFO  BaseTest.BaseClass - implicit and explicit time is set
01:41:28.529 [main] INFO  BaseTest.BaseClass - Log in
01:41:28.878 [main] INFO  BaseTest.BaseClass - login successful
01:41:28.878 [main] INFO  BaseTest.BaseClass - setting implicit wait
01:41:28.883 [main] INFO  BaseTest.BaseClass - finding element...
01:41:30.675 [main] INFO  BaseTest.BaseClass - Log out
01:41:33.371 [main] INFO  BaseTest.BaseClass - Logging to absolute path: C:\ProgramData\Jenkins\.jenkins\workspace\AutomationFramework
01:41:33.381 [main] INFO  BaseTest.BaseClass - **starting logintest**
01:41:33.583 [main] INFO  BaseTest.BaseClass - Clicked on login_button
01:41:33.583 [main] INFO  BaseTest.BaseClass - ChromeDriver: chrome on windows (e70c7887afcfe8b7b06b3cf8b59b710f)
01:41:34.170 [main] INFO  BaseTest.BaseClass - explicit is working fine
01:41:34.187 [main] INFO  BaseTest.BaseClass - implicit and explicit time is set
01:41:34.220 [main] INFO  BaseTest.BaseClass - Log in
01:41:34.651 [main] INFO  BaseTest.BaseClass - login successful
01:41:34.651 [main] INFO  BaseTest.BaseClass - setting implicit wait
01:41:34.655 [main] INFO  BaseTest.BaseClass - finding element...
01:41:36.640 [main] INFO  BaseTest.BaseClass - Log out
01:41:39.479 [main] INFO  BaseTest.BaseClass - Logging to absolute path: C:\ProgramData\Jenkins\.jenkins\workspace\AutomationFramework
01:41:39.511 [main] INFO  BaseTest.BaseClass - Scrolled to bottom to find next page
01:41:39.694 [main] INFO  BaseTest.BaseClass - cliked on next button
01:41:54.440 [main] INFO  BaseTest.BaseClass - Logging to absolute path: C:\ProgramData\Jenkins\.jenkins\workspace\AutomationFramework
01:41:54.521 [main] INFO  BaseTest.BaseClass - Scrolled to bottom to find next page
01:41:54.717 [main] INFO  BaseTest.BaseClass - cliked on next button
01:42:08.001 [main] INFO  BaseTest.BaseClass - Logging to absolute path: C:\ProgramData\Jenkins\.jenkins\workspace\AutomationFramework
01:42:08.021 [main] INFO  BaseTest.BaseClass - Scrolled to bottom to find next page
01:42:08.260 [main] INFO  BaseTest.BaseClass - cliked on next button
01:42:23.189 [main] INFO  BaseTest.BaseClass - Logging to absolute path: C:\ProgramData\Jenkins\.jenkins\workspace\AutomationFramework
01:42:23.220 [main] INFO  BaseTest.BaseClass - Scrolled to bottom to find next page
01:42:23.432 [main] INFO  BaseTest.BaseClass - cliked on next button
01:42:34.119 [main] INFO  BaseTest.BaseClass - loading allure report....
01:57:21.539 [main] INFO  BaseTest.BaseClass - Logging to absolute path: C:\ProgramData\Jenkins\.jenkins\workspace\AutomationFramework
01:57:21.834 [main] INFO  BaseTest.BaseClass - **starting logintest**
01:57:22.021 [main] INFO  BaseTest.BaseClass - Clicked on login_button
01:57:22.021 [main] INFO  BaseTest.BaseClass - ChromeDriver: chrome on windows (68ccdac056ba938a3bf65a8a3ce2c47d)
01:57:22.681 [main] INFO  BaseTest.BaseClass - explicit is working fine
01:57:22.719 [main] INFO  BaseTest.BaseClass - implicit and explicit time is set
01:57:22.800 [main] INFO  BaseTest.BaseClass - Log in
01:57:23.411 [main] INFO  BaseTest.BaseClass - login successful
01:57:23.411 [main] INFO  BaseTest.BaseClass - setting implicit wait
01:57:23.418 [main] INFO  BaseTest.BaseClass - finding element...
01:57:25.620 [main] INFO  BaseTest.BaseClass - Log out
01:57:28.760 [main] INFO  BaseTest.BaseClass - Logging to absolute path: C:\ProgramData\Jenkins\.jenkins\workspace\AutomationFramework
01:57:28.768 [main] INFO  BaseTest.BaseClass - **starting logintest**
01:57:28.913 [main] INFO  BaseTest.BaseClass - Clicked on login_button
01:57:28.913 [main] INFO  BaseTest.BaseClass - ChromeDriver: chrome on windows (fc5570cd319238045107175ff05b1819)
01:57:29.702 [main] INFO  BaseTest.BaseClass - explicit is working fine
01:57:29.738 [main] INFO  BaseTest.BaseClass - implicit and explicit time is set
01:57:29.767 [main] INFO  BaseTest.BaseClass - Log in
01:57:30.151 [main] INFO  BaseTest.BaseClass - login successful
01:57:30.151 [main] INFO  BaseTest.BaseClass - setting implicit wait
01:57:30.151 [main] INFO  BaseTest.BaseClass - finding element...
01:57:32.366 [main] INFO  BaseTest.BaseClass - Log out
01:57:35.098 [main] INFO  BaseTest.BaseClass - Logging to absolute path: C:\ProgramData\Jenkins\.jenkins\workspace\AutomationFramework
01:57:35.104 [main] INFO  BaseTest.BaseClass - **starting logintest**
01:57:35.344 [main] INFO  BaseTest.BaseClass - Clicked on login_button
01:57:35.344 [main] INFO  BaseTest.BaseClass - ChromeDriver: chrome on windows (8c9552c73ee7981a69f6b2286abe3ed5)
01:57:36.050 [main] INFO  BaseTest.BaseClass - explicit is working fine
01:57:36.090 [main] INFO  BaseTest.BaseClass - implicit and explicit time is set
01:57:36.114 [main] INFO  BaseTest.BaseClass - Log in
01:57:36.643 [main] INFO  BaseTest.BaseClass - login successful
01:57:36.643 [main] INFO  BaseTest.BaseClass - setting implicit wait
01:57:36.647 [main] INFO  BaseTest.BaseClass - finding element...
01:57:38.499 [main] INFO  BaseTest.BaseClass - Log out
01:57:41.577 [main] INFO  BaseTest.BaseClass - Logging to absolute path: C:\ProgramData\Jenkins\.jenkins\workspace\AutomationFramework
01:57:41.581 [main] INFO  BaseTest.BaseClass - **starting logintest**
01:57:41.760 [main] INFO  BaseTest.BaseClass - Clicked on login_button
01:57:41.762 [main] INFO  BaseTest.BaseClass - ChromeDriver: chrome on windows (2a6335cc01b1dbdcd83d05fe71fdb357)
01:57:42.361 [main] INFO  BaseTest.BaseClass - explicit is working fine
01:57:42.379 [main] INFO  BaseTest.BaseClass - implicit and explicit time is set
01:57:42.406 [main] INFO  BaseTest.BaseClass - Log in
01:57:42.876 [main] INFO  BaseTest.BaseClass - login successful
01:57:42.876 [main] INFO  BaseTest.BaseClass - setting implicit wait
01:57:42.880 [main] INFO  BaseTest.BaseClass - finding element...
01:57:44.810 [main] INFO  BaseTest.BaseClass - Log out
01:57:47.693 [main] INFO  BaseTest.BaseClass - Logging to absolute path: C:\ProgramData\Jenkins\.jenkins\workspace\AutomationFramework
01:57:47.716 [main] INFO  BaseTest.BaseClass - Scrolled to bottom to find next page
01:57:48.005 [main] INFO  BaseTest.BaseClass - cliked on next button
01:58:01.150 [main] INFO  BaseTest.BaseClass - Logging to absolute path: C:\ProgramData\Jenkins\.jenkins\workspace\AutomationFramework
01:58:01.226 [main] INFO  BaseTest.BaseClass - Scrolled to bottom to find next page
01:58:01.409 [main] INFO  BaseTest.BaseClass - cliked on next button
01:58:14.366 [main] INFO  BaseTest.BaseClass - Logging to absolute path: C:\ProgramData\Jenkins\.jenkins\workspace\AutomationFramework
01:58:14.394 [main] INFO  BaseTest.BaseClass - Scrolled to bottom to find next page
01:58:14.595 [main] INFO  BaseTest.BaseClass - cliked on next button
01:58:27.510 [main] INFO  BaseTest.BaseClass - Logging to absolute path: C:\ProgramData\Jenkins\.jenkins\workspace\AutomationFramework
01:58:27.527 [main] INFO  BaseTest.BaseClass - Scrolled to bottom to find next page
01:58:27.757 [main] INFO  BaseTest.BaseClass - cliked on next button
01:58:38.395 [main] INFO  BaseTest.BaseClass - loading allure report....
23:30:36.710 [main] INFO  BaseTest.BaseClass - Logging to absolute path: C:\Users\Dell\git\repository\AutomationFramework
23:30:36.816 [main] INFO  BaseTest.BaseClass - **starting logintest**
23:30:37.019 [main] INFO  BaseTest.BaseClass - Clicked on login_button
23:30:37.019 [main] INFO  BaseTest.BaseClass - ChromeDriver: chrome on windows (a5f6b4f46c0cc79fca53f108b368324a)
23:30:37.653 [main] INFO  BaseTest.BaseClass - explicit is working fine
23:30:37.668 [main] INFO  BaseTest.BaseClass - implicit and explicit time is set
23:30:37.683 [main] INFO  BaseTest.BaseClass - Log in
23:30:37.986 [main] INFO  BaseTest.BaseClass - login successful
23:30:37.986 [main] INFO  BaseTest.BaseClass - setting implicit wait
23:30:37.986 [main] INFO  BaseTest.BaseClass - finding element...
23:30:39.675 [main] INFO  BaseTest.BaseClass - Log out
23:30:42.323 [main] INFO  BaseTest.BaseClass - Logging to absolute path: C:\Users\Dell\git\repository\AutomationFramework
23:30:42.329 [main] INFO  BaseTest.BaseClass - **starting logintest**
23:30:42.517 [main] INFO  BaseTest.BaseClass - Clicked on login_button
23:30:42.517 [main] INFO  BaseTest.BaseClass - ChromeDriver: chrome on windows (d5f2daa48073290a7b4e39b79feb7bff)
23:30:43.122 [main] INFO  BaseTest.BaseClass - explicit is working fine
23:30:43.141 [main] INFO  BaseTest.BaseClass - implicit and explicit time is set
23:30:43.180 [main] INFO  BaseTest.BaseClass - Log in
23:30:43.515 [main] INFO  BaseTest.BaseClass - login successful
23:30:43.515 [main] INFO  BaseTest.BaseClass - setting implicit wait
23:30:43.519 [main] INFO  BaseTest.BaseClass - finding element...
23:30:45.190 [main] INFO  BaseTest.BaseClass - Log out
23:30:47.537 [main] INFO  BaseTest.BaseClass - Logging to absolute path: C:\Users\Dell\git\repository\AutomationFramework
23:30:47.549 [main] INFO  BaseTest.BaseClass - **starting logintest**
23:30:47.811 [main] INFO  BaseTest.BaseClass - Clicked on login_button
23:30:47.815 [main] INFO  BaseTest.BaseClass - ChromeDriver: chrome on windows (f0f7fa5dab4b86845663576d00e0742a)
23:30:48.381 [main] INFO  BaseTest.BaseClass - explicit is working fine
23:30:48.389 [main] INFO  BaseTest.BaseClass - implicit and explicit time is set
23:30:48.402 [main] INFO  BaseTest.BaseClass - Log in
23:30:48.697 [main] INFO  BaseTest.BaseClass - login successful
23:30:48.697 [main] INFO  BaseTest.BaseClass - setting implicit wait
23:30:48.701 [main] INFO  BaseTest.BaseClass - finding element...
23:30:50.429 [main] INFO  BaseTest.BaseClass - Log out
23:30:52.619 [main] INFO  BaseTest.BaseClass - Logging to absolute path: C:\Users\Dell\git\repository\AutomationFramework
23:30:52.628 [main] INFO  BaseTest.BaseClass - **starting logintest**
23:30:52.752 [main] INFO  BaseTest.BaseClass - Clicked on login_button
23:30:52.752 [main] INFO  BaseTest.BaseClass - ChromeDriver: chrome on windows (d5f2a2d7e758827231724c4beacc7fe8)
23:30:53.331 [main] INFO  BaseTest.BaseClass - explicit is working fine
23:30:53.341 [main] INFO  BaseTest.BaseClass - implicit and explicit time is set
23:30:53.378 [main] INFO  BaseTest.BaseClass - Log in
23:30:53.762 [main] INFO  BaseTest.BaseClass - login successful
23:30:53.763 [main] INFO  BaseTest.BaseClass - setting implicit wait
23:30:53.766 [main] INFO  BaseTest.BaseClass - finding element...
23:30:55.574 [main] INFO  BaseTest.BaseClass - Log out
23:30:57.919 [main] INFO  BaseTest.BaseClass - Logging to absolute path: C:\Users\Dell\git\repository\AutomationFramework
23:30:57.985 [main] INFO  BaseTest.BaseClass - Scrolled to bottom to find next page
23:30:58.267 [main] INFO  BaseTest.BaseClass - cliked on next button
23:30:58.811 [main] INFO  BaseTest.BaseClass - waited for element to locate
23:30:58.831 [main] INFO  BaseTest.BaseClass - Scrolled to desired product element
23:30:59.541 [main] INFO  BaseTest.BaseClass - clicked on desired product element
23:30:59.567 [main] ERROR BaseTest.BaseClass - Exception is: org.openqa.selenium.NoAlertPresentException: no such alert
  (Session info: chrome=142.0.7444.59)
Build info: version: '4.35.0', revision: '1c58e5028b'
System info: os.name: 'Windows 11', os.arch: 'amd64', os.version: '10.0', java.version: '17.0.12'
Driver info: org.openqa.selenium.chrome.ChromeDriver
Command: [9d22ec555b475ba4a44cd67192a4132c, getAlertText {}]
Capabilities {acceptInsecureCerts: false, browserName: chrome, browserVersion: 142.0.7444.59, chrome: {chromedriverVersion: 142.0.7444.61 (9884f628acbc..., userDataDir: C:\Users\Dell\AppData\Local...}, fedcm:accounts: true, goog:chromeOptions: {debuggerAddress: localhost:64391}, goog:processID: 5308, networkConnectionEnabled: false, pageLoadStrategy: normal, platformName: windows, proxy: Proxy(), se:cdp: ws://localhost:64391/devtoo..., se:cdpVersion: 142.0.7444.59, setWindowRect: true, strictFileInteractability: false, timeouts: {implicit: 0, pageLoad: 300000, script: 30000}, unhandledPromptBehavior: dismiss and notify, webauthn:extension:credBlob: true, webauthn:extension:largeBlob: true, webauthn:extension:minPinLength: true, webauthn:extension:prf: true, webauthn:virtualAuthenticators: true}
Session ID: 9d22ec555b475ba4a44cd67192a4132c
23:31:00.229 [main] INFO  BaseTest.BaseClass - clicking on cart button..
23:31:01.307 [main] INFO  BaseTest.BaseClass - loading allure report....
23:37:19.600 [main] INFO  BaseTest.BaseClass - Logging to absolute path: C:\Users\Dell\git\repository\AutomationFramework
23:37:19.874 [main] INFO  BaseTest.BaseClass - **starting logintest**
23:37:19.982 [main] INFO  BaseTest.BaseClass - Clicked on login_button
23:37:19.983 [main] INFO  BaseTest.BaseClass - ChromeDriver: chrome on windows (d992ac78d2a584c63205ccfec9cac6cf)
23:37:20.582 [main] INFO  BaseTest.BaseClass - explicit is working fine
23:37:20.595 [main] INFO  BaseTest.BaseClass - implicit and explicit time is set
23:37:20.612 [main] INFO  BaseTest.BaseClass - Log in
23:37:20.911 [main] INFO  BaseTest.BaseClass - login successful
23:37:20.911 [main] INFO  BaseTest.BaseClass - setting implicit wait
23:37:20.916 [main] INFO  BaseTest.BaseClass - finding element...
23:37:22.680 [main] INFO  BaseTest.BaseClass - Log out
23:37:25.199 [main] INFO  BaseTest.BaseClass - Logging to absolute path: C:\Users\Dell\git\repository\AutomationFramework
23:37:25.208 [main] INFO  BaseTest.BaseClass - **starting logintest**
23:37:25.495 [main] INFO  BaseTest.BaseClass - Clicked on login_button
23:37:25.495 [main] INFO  BaseTest.BaseClass - ChromeDriver: chrome on windows (a9403ca33d18cc91f9159a303553e0d1)
23:37:26.090 [main] INFO  BaseTest.BaseClass - explicit is working fine
23:37:26.108 [main] INFO  BaseTest.BaseClass - implicit and explicit time is set
23:37:26.122 [main] INFO  BaseTest.BaseClass - Log in
23:37:26.536 [main] INFO  BaseTest.BaseClass - login successful
23:37:26.538 [main] INFO  BaseTest.BaseClass - setting implicit wait
23:37:26.538 [main] INFO  BaseTest.BaseClass - finding element...
23:37:28.113 [main] INFO  BaseTest.BaseClass - Log out
23:37:30.479 [main] INFO  BaseTest.BaseClass - Logging to absolute path: C:\Users\Dell\git\repository\AutomationFramework
23:37:30.494 [main] INFO  BaseTest.BaseClass - **starting logintest**
23:37:30.737 [main] INFO  BaseTest.BaseClass - Clicked on login_button
23:37:30.737 [main] INFO  BaseTest.BaseClass - ChromeDriver: chrome on windows (022cd054b6b70f6c1a751e79a5361536)
23:37:31.365 [main] INFO  BaseTest.BaseClass - explicit is working fine
23:37:31.375 [main] INFO  BaseTest.BaseClass - implicit and explicit time is set
23:37:31.400 [main] INFO  BaseTest.BaseClass - Log in
23:37:31.792 [main] INFO  BaseTest.BaseClass - login successful
23:37:31.792 [main] INFO  BaseTest.BaseClass - setting implicit wait
23:37:31.799 [main] INFO  BaseTest.BaseClass - finding element...
23:37:33.603 [main] INFO  BaseTest.BaseClass - Log out
23:37:35.832 [main] INFO  BaseTest.BaseClass - Logging to absolute path: C:\Users\Dell\git\repository\AutomationFramework
23:37:35.838 [main] INFO  BaseTest.BaseClass - **starting logintest**
23:37:36.050 [main] INFO  BaseTest.BaseClass - Clicked on login_button
23:37:36.050 [main] INFO  BaseTest.BaseClass - ChromeDriver: chrome on windows (b107343bf0ab390858a255c857994fbb)
23:37:36.623 [main] INFO  BaseTest.BaseClass - explicit is working fine
23:37:36.634 [main] INFO  BaseTest.BaseClass - implicit and explicit time is set
23:37:36.640 [main] INFO  BaseTest.BaseClass - Log in
23:37:36.956 [main] INFO  BaseTest.BaseClass - login successful
23:37:36.957 [main] INFO  BaseTest.BaseClass - setting implicit wait
23:37:36.960 [main] INFO  BaseTest.BaseClass - finding element...
23:37:38.312 [main] INFO  BaseTest.BaseClass - Log out
23:37:40.835 [main] INFO  BaseTest.BaseClass - Logging to absolute path: C:\Users\Dell\git\repository\AutomationFramework
23:37:40.950 [main] INFO  BaseTest.BaseClass - Scrolled to bottom to find next page
23:37:41.085 [main] INFO  BaseTest.BaseClass - cliked on next button
23:37:53.557 [main] INFO  BaseTest.BaseClass - Logging to absolute path: C:\Users\Dell\git\repository\AutomationFramework
23:37:53.669 [main] INFO  BaseTest.BaseClass - Scrolled to bottom to find next page
23:37:53.840 [main] INFO  BaseTest.BaseClass - cliked on next button
23:38:06.237 [main] INFO  BaseTest.BaseClass - Logging to absolute path: C:\Users\Dell\git\repository\AutomationFramework
23:38:06.359 [main] INFO  BaseTest.BaseClass - Scrolled to bottom to find next page
23:38:06.590 [main] INFO  BaseTest.BaseClass - cliked on next button
23:38:19.037 [main] INFO  BaseTest.BaseClass - Logging to absolute path: C:\Users\Dell\git\repository\AutomationFramework
23:38:19.185 [main] INFO  BaseTest.BaseClass - Scrolled to bottom to find next page
23:38:19.371 [main] INFO  BaseTest.BaseClass - cliked on next button
23:38:30.110 [main] INFO  BaseTest.BaseClass - loading allure report....
23:59:02.169 [main] INFO  BaseTest.BaseClass - Logging to absolute path: C:\Users\Dell\git\repository\AutomationFramework
23:59:02.384 [main] INFO  BaseTest.BaseClass - **starting logintest**
23:59:02.569 [main] INFO  BaseTest.BaseClass - Clicked on login_button
23:59:02.569 [main] INFO  BaseTest.BaseClass - ChromeDriver: chrome on windows (441bcf6c1fae46bdac41937375912952)
23:59:03.191 [main] INFO  BaseTest.BaseClass - explicit is working fine
23:59:03.203 [main] INFO  BaseTest.BaseClass - implicit and explicit time is set
23:59:03.229 [main] INFO  BaseTest.BaseClass - Log in
23:59:03.598 [main] INFO  BaseTest.BaseClass - login successful
23:59:03.598 [main] INFO  BaseTest.BaseClass - setting implicit wait
23:59:03.598 [main] INFO  BaseTest.BaseClass - finding element...
23:59:05.299 [main] INFO  BaseTest.BaseClass - Log out
23:59:08.310 [main] INFO  BaseTest.BaseClass - Logging to absolute path: C:\Users\Dell\git\repository\AutomationFramework
23:59:08.323 [main] INFO  BaseTest.BaseClass - **starting logintest**
23:59:08.585 [main] INFO  BaseTest.BaseClass - Clicked on login_button
23:59:08.585 [main] INFO  BaseTest.BaseClass - ChromeDriver: chrome on windows (26f4c4d6b5837905b29fdc342193d025)
23:59:09.174 [main] INFO  BaseTest.BaseClass - explicit is working fine
23:59:09.193 [main] INFO  BaseTest.BaseClass - implicit and explicit time is set
23:59:09.215 [main] INFO  BaseTest.BaseClass - Log in
23:59:09.772 [main] INFO  BaseTest.BaseClass - login successful
23:59:09.772 [main] INFO  BaseTest.BaseClass - setting implicit wait
23:59:09.778 [main] INFO  BaseTest.BaseClass - finding element...
23:59:11.308 [main] INFO  BaseTest.BaseClass - Log out
23:59:14.074 [main] INFO  BaseTest.BaseClass - Logging to absolute path: C:\Users\Dell\git\repository\AutomationFramework
23:59:14.084 [main] INFO  BaseTest.BaseClass - **starting logintest**
23:59:14.353 [main] INFO  BaseTest.BaseClass - Clicked on login_button
23:59:14.354 [main] INFO  BaseTest.BaseClass - ChromeDriver: chrome on windows (20efdfa815f5ab77a140a80c43f9571f)
23:59:14.945 [main] INFO  BaseTest.BaseClass - explicit is working fine
23:59:14.958 [main] INFO  BaseTest.BaseClass - implicit and explicit time is set
23:59:15.007 [main] INFO  BaseTest.BaseClass - Log in
23:59:15.421 [main] INFO  BaseTest.BaseClass - login successful
23:59:15.421 [main] INFO  BaseTest.BaseClass - setting implicit wait
23:59:15.427 [main] INFO  BaseTest.BaseClass - finding element...
23:59:17.105 [main] INFO  BaseTest.BaseClass - Log out
23:59:19.899 [main] INFO  BaseTest.BaseClass - Logging to absolute path: C:\Users\Dell\git\repository\AutomationFramework
23:59:19.903 [main] INFO  BaseTest.BaseClass - **starting logintest**
23:59:20.129 [main] INFO  BaseTest.BaseClass - Clicked on login_button
23:59:20.129 [main] INFO  BaseTest.BaseClass - ChromeDriver: chrome on windows (70f4d3097043afbed5f3abb4d532993b)
23:59:20.726 [main] INFO  BaseTest.BaseClass - explicit is working fine
23:59:20.741 [main] INFO  BaseTest.BaseClass - implicit and explicit time is set
23:59:20.764 [main] INFO  BaseTest.BaseClass - Log in
23:59:21.184 [main] INFO  BaseTest.BaseClass - login successful
23:59:21.184 [main] INFO  BaseTest.BaseClass - setting implicit wait
23:59:21.188 [main] INFO  BaseTest.BaseClass - finding element...
23:59:22.897 [main] INFO  BaseTest.BaseClass - Log out
23:59:25.936 [main] INFO  BaseTest.BaseClass - Logging to absolute path: C:\Users\Dell\git\repository\AutomationFramework
23:59:25.977 [main] INFO  BaseTest.BaseClass - Scrolled to bottom to find next page
23:59:26.173 [main] INFO  BaseTest.BaseClass - cliked on next button
23:59:38.869 [main] INFO  BaseTest.BaseClass - Logging to absolute path: C:\Users\Dell\git\repository\AutomationFramework
23:59:38.963 [main] INFO  BaseTest.BaseClass - Scrolled to bottom to find next page
23:59:39.142 [main] INFO  BaseTest.BaseClass - cliked on next button
23:59:51.727 [main] INFO  BaseTest.BaseClass - Logging to absolute path: C:\Users\Dell\git\repository\AutomationFramework
23:59:51.822 [main] INFO  BaseTest.BaseClass - Scrolled to bottom to find next page
23:59:52.003 [main] INFO  BaseTest.BaseClass - cliked on next button
00:00:05.419 [main] INFO  BaseTest.BaseClass - Logging to absolute path: C:\Users\Dell\git\repository\AutomationFramework
00:00:05.486 [main] INFO  BaseTest.BaseClass - Scrolled to bottom to find next page
00:00:05.709 [main] INFO  BaseTest.BaseClass - cliked on next button
00:00:16.486 [main] INFO  BaseTest.BaseClass - loading allure report....
00:15:04.915 [main] INFO  BaseTest.BaseClass - Logging to absolute path: C:\Users\Dell\git\repository\AutomationFramework
00:15:05.232 [main] INFO  BaseTest.BaseClass - **starting logintest**
00:15:05.431 [main] INFO  BaseTest.BaseClass - Clicked on login_button
00:15:05.435 [main] INFO  BaseTest.BaseClass - ChromeDriver: chrome on windows (f86e2303d95d5c0de0e0522ce919ecd6)
00:15:06.045 [main] INFO  BaseTest.BaseClass - explicit is working fine
00:15:06.055 [main] INFO  BaseTest.BaseClass - implicit and explicit time is set
00:15:06.084 [main] INFO  BaseTest.BaseClass - Log in
00:15:06.572 [main] INFO  BaseTest.BaseClass - login successful
00:15:06.572 [main] INFO  BaseTest.BaseClass - setting implicit wait
00:15:06.579 [main] INFO  BaseTest.BaseClass - finding element...
00:15:08.278 [main] INFO  BaseTest.BaseClass - Log out
00:15:11.142 [main] INFO  BaseTest.BaseClass - Logging to absolute path: C:\Users\Dell\git\repository\AutomationFramework
00:15:11.150 [main] INFO  BaseTest.BaseClass - **starting logintest**
00:15:11.395 [main] INFO  BaseTest.BaseClass - Clicked on login_button
00:15:11.395 [main] INFO  BaseTest.BaseClass - ChromeDriver: chrome on windows (533d608d5ac084977939ba83794b81b1)
00:15:12.070 [main] INFO  BaseTest.BaseClass - explicit is working fine
00:15:12.087 [main] INFO  BaseTest.BaseClass - implicit and explicit time is set
00:15:12.109 [main] INFO  BaseTest.BaseClass - Log in
00:15:12.781 [main] INFO  BaseTest.BaseClass - login successful
00:15:12.781 [main] INFO  BaseTest.BaseClass - setting implicit wait
00:15:12.781 [main] INFO  BaseTest.BaseClass - finding element...
00:15:14.648 [main] INFO  BaseTest.BaseClass - Log out
00:15:18.042 [main] INFO  BaseTest.BaseClass - Logging to absolute path: C:\Users\Dell\git\repository\AutomationFramework
00:15:18.050 [main] INFO  BaseTest.BaseClass - **starting logintest**
00:15:18.392 [main] INFO  BaseTest.BaseClass - Clicked on login_button
00:15:18.393 [main] INFO  BaseTest.BaseClass - ChromeDriver: chrome on windows (8ff6f9808cd69cd814da0c8620092f81)
00:15:18.977 [main] INFO  BaseTest.BaseClass - explicit is working fine
00:15:18.988 [main] INFO  BaseTest.BaseClass - implicit and explicit time is set
00:15:19.007 [main] INFO  BaseTest.BaseClass - Log in
00:15:19.431 [main] INFO  BaseTest.BaseClass - login successful
00:15:19.431 [main] INFO  BaseTest.BaseClass - setting implicit wait
00:15:19.434 [main] INFO  BaseTest.BaseClass - finding element...
00:15:21.085 [main] INFO  BaseTest.BaseClass - Log out
00:15:23.317 [main] INFO  BaseTest.BaseClass - Logging to absolute path: C:\Users\Dell\git\repository\AutomationFramework
00:15:23.329 [main] INFO  BaseTest.BaseClass - **starting logintest**
00:15:23.629 [main] INFO  BaseTest.BaseClass - Clicked on login_button
00:15:23.629 [main] INFO  BaseTest.BaseClass - ChromeDriver: chrome on windows (0f076ee7814a5418040cbe69bc30e5fe)
00:15:24.195 [main] INFO  BaseTest.BaseClass - explicit is working fine
00:15:24.205 [main] INFO  BaseTest.BaseClass - implicit and explicit time is set
00:15:24.223 [main] INFO  BaseTest.BaseClass - Log in
00:15:24.662 [main] INFO  BaseTest.BaseClass - login successful
00:15:24.662 [main] INFO  BaseTest.BaseClass - setting implicit wait
00:15:24.664 [main] INFO  BaseTest.BaseClass - finding element...
00:15:26.532 [main] INFO  BaseTest.BaseClass - Log out
00:15:29.265 [main] INFO  BaseTest.BaseClass - Logging to absolute path: C:\Users\Dell\git\repository\AutomationFramework
00:15:29.363 [main] INFO  BaseTest.BaseClass - Scrolled to bottom to find next page
00:15:29.557 [main] INFO  BaseTest.BaseClass - cliked on next button
00:15:42.133 [main] INFO  BaseTest.BaseClass - Logging to absolute path: C:\Users\Dell\git\repository\AutomationFramework
00:15:42.169 [main] INFO  BaseTest.BaseClass - Scrolled to bottom to find next page
00:15:42.430 [main] INFO  BaseTest.BaseClass - cliked on next button
00:15:55.112 [main] INFO  BaseTest.BaseClass - Logging to absolute path: C:\Users\Dell\git\repository\AutomationFramework
00:15:55.283 [main] INFO  BaseTest.BaseClass - Scrolled to bottom to find next page
00:15:55.610 [main] INFO  BaseTest.BaseClass - cliked on next button
00:15:56.208 [main] INFO  BaseTest.BaseClass - waited for element to locate
00:15:56.240 [main] INFO  BaseTest.BaseClass - Scrolled to desired product element
00:15:57.023 [main] INFO  BaseTest.BaseClass - clicked on desired product element
00:15:57.043 [main] ERROR BaseTest.BaseClass - Exception is: org.openqa.selenium.NoAlertPresentException: no such alert
  (Session info: chrome=142.0.7444.59)
Build info: version: '4.35.0', revision: '1c58e5028b'
System info: os.name: 'Windows 11', os.arch: 'amd64', os.version: '10.0', java.version: '17.0.12'
Driver info: org.openqa.selenium.chrome.ChromeDriver
Command: [e61eef7a274ebe525861176724c7ed7a, getAlertText {}]
Capabilities {acceptInsecureCerts: false, browserName: chrome, browserVersion: 142.0.7444.59, chrome: {chromedriverVersion: 142.0.7444.61 (9884f628acbc..., userDataDir: C:\Users\Dell\AppData\Local...}, fedcm:accounts: true, goog:chromeOptions: {debuggerAddress: localhost:52592}, goog:processID: 20764, networkConnectionEnabled: false, pageLoadStrategy: normal, platformName: windows, proxy: Proxy(), se:cdp: ws://localhost:52592/devtoo..., se:cdpVersion: 142.0.7444.59, setWindowRect: true, strictFileInteractability: false, timeouts: {implicit: 0, pageLoad: 300000, script: 30000}, unhandledPromptBehavior: dismiss and notify, webauthn:extension:credBlob: true, webauthn:extension:largeBlob: true, webauthn:extension:minPinLength: true, webauthn:extension:prf: true, webauthn:virtualAuthenticators: true}
Session ID: e61eef7a274ebe525861176724c7ed7a
00:15:57.620 [main] INFO  BaseTest.BaseClass - clicking on cart button..
00:15:58.624 [main] INFO  BaseTest.BaseClass - loading allure report....
00:16:36.032 [main] INFO  BaseTest.BaseClass - Logging to absolute path: C:\Users\Dell\git\repository\AutomationFramework
00:16:36.335 [main] INFO  BaseTest.BaseClass - **starting logintest**
00:16:36.473 [main] INFO  BaseTest.BaseClass - Clicked on login_button
00:16:36.475 [main] INFO  BaseTest.BaseClass - ChromeDriver: chrome on windows (ef59d6411f442b2bf7af807299d3e809)
00:16:37.115 [main] INFO  BaseTest.BaseClass - explicit is working fine
00:16:37.126 [main] INFO  BaseTest.BaseClass - implicit and explicit time is set
00:16:37.146 [main] INFO  BaseTest.BaseClass - Log in
00:16:37.528 [main] INFO  BaseTest.BaseClass - login successful
00:16:37.528 [main] INFO  BaseTest.BaseClass - setting implicit wait
00:16:37.536 [main] INFO  BaseTest.BaseClass - finding element...
00:16:39.256 [main] INFO  BaseTest.BaseClass - Log out
00:16:42.281 [main] INFO  BaseTest.BaseClass - Logging to absolute path: C:\Users\Dell\git\repository\AutomationFramework
00:16:42.296 [main] INFO  BaseTest.BaseClass - **starting logintest**
00:16:42.508 [main] INFO  BaseTest.BaseClass - Clicked on login_button
00:16:42.509 [main] INFO  BaseTest.BaseClass - ChromeDriver: chrome on windows (d9e855424db72be3bcfdff6445427ba9)
00:16:43.106 [main] INFO  BaseTest.BaseClass - explicit is working fine
00:16:43.126 [main] INFO  BaseTest.BaseClass - implicit and explicit time is set
00:16:43.167 [main] INFO  BaseTest.BaseClass - Log in
00:16:43.696 [main] INFO  BaseTest.BaseClass - login successful
00:16:43.696 [main] INFO  BaseTest.BaseClass - setting implicit wait
00:16:43.700 [main] INFO  BaseTest.BaseClass - finding element...
00:16:45.528 [main] INFO  BaseTest.BaseClass - Log out
00:16:48.427 [main] INFO  BaseTest.BaseClass - Logging to absolute path: C:\Users\Dell\git\repository\AutomationFramework
00:16:48.437 [main] INFO  BaseTest.BaseClass - **starting logintest**
00:16:48.616 [main] INFO  BaseTest.BaseClass - Clicked on login_button
00:16:48.616 [main] INFO  BaseTest.BaseClass - ChromeDriver: chrome on windows (dbd6d40838756cb1d58c2d9e6960dedb)
00:16:49.277 [main] INFO  BaseTest.BaseClass - explicit is working fine
00:16:49.308 [main] INFO  BaseTest.BaseClass - implicit and explicit time is set
00:16:49.325 [main] INFO  BaseTest.BaseClass - Log in
00:16:49.764 [main] INFO  BaseTest.BaseClass - login successful
00:16:49.765 [main] INFO  BaseTest.BaseClass - setting implicit wait
00:16:49.770 [main] INFO  BaseTest.BaseClass - finding element...
00:16:51.702 [main] INFO  BaseTest.BaseClass - Log out
00:16:54.266 [main] INFO  BaseTest.BaseClass - Logging to absolute path: C:\Users\Dell\git\repository\AutomationFramework
00:16:54.279 [main] INFO  BaseTest.BaseClass - **starting logintest**
00:16:54.481 [main] INFO  BaseTest.BaseClass - Clicked on login_button
00:16:54.481 [main] INFO  BaseTest.BaseClass - ChromeDriver: chrome on windows (9dd35dc455efddd11e2605750fb29720)
00:16:55.097 [main] INFO  BaseTest.BaseClass - explicit is working fine
00:16:55.115 [main] INFO  BaseTest.BaseClass - implicit and explicit time is set
00:16:55.168 [main] INFO  BaseTest.BaseClass - Log in
00:16:55.627 [main] INFO  BaseTest.BaseClass - login successful
00:16:55.627 [main] INFO  BaseTest.BaseClass - setting implicit wait
00:16:55.627 [main] INFO  BaseTest.BaseClass - finding element...
00:16:57.545 [main] INFO  BaseTest.BaseClass - Log out
00:16:59.992 [main] INFO  BaseTest.BaseClass - Logging to absolute path: C:\Users\Dell\git\repository\AutomationFramework
00:17:00.155 [main] INFO  BaseTest.BaseClass - Scrolled to bottom to find next page
00:17:00.367 [main] INFO  BaseTest.BaseClass - cliked on next button
00:17:12.931 [main] INFO  BaseTest.BaseClass - Logging to absolute path: C:\Users\Dell\git\repository\AutomationFramework
00:17:12.950 [main] INFO  BaseTest.BaseClass - Scrolled to bottom to find next page
00:17:13.240 [main] INFO  BaseTest.BaseClass - cliked on next button
00:17:27.129 [main] INFO  BaseTest.BaseClass - Logging to absolute path: C:\Users\Dell\git\repository\AutomationFramework
00:17:27.168 [main] INFO  BaseTest.BaseClass - Scrolled to bottom to find next page
00:17:27.413 [main] INFO  BaseTest.BaseClass - cliked on next button
00:17:40.103 [main] INFO  BaseTest.BaseClass - Logging to absolute path: C:\Users\Dell\git\repository\AutomationFramework
00:17:40.342 [main] INFO  BaseTest.BaseClass - Scrolled to bottom to find next page
00:17:41.227 [main] INFO  BaseTest.BaseClass - cliked on next button
00:17:41.797 [main] INFO  BaseTest.BaseClass - waited for element to locate
00:17:41.822 [main] INFO  BaseTest.BaseClass - Scrolled to desired product element
00:17:42.485 [main] INFO  BaseTest.BaseClass - clicked on desired product element
00:17:42.517 [main] ERROR BaseTest.BaseClass - Exception is: org.openqa.selenium.NoAlertPresentException: no such alert
  (Session info: chrome=142.0.7444.59)
Build info: version: '4.35.0', revision: '1c58e5028b'
System info: os.name: 'Windows 11', os.arch: 'amd64', os.version: '10.0', java.version: '17.0.12'
Driver info: org.openqa.selenium.chrome.ChromeDriver
Command: [610087e2886d7495b4ea7b19dee5a07a, getAlertText {}]
Capabilities {acceptInsecureCerts: false, browserName: chrome, browserVersion: 142.0.7444.59, chrome: {chromedriverVersion: 142.0.7444.61 (9884f628acbc..., userDataDir: C:\Users\Dell\AppData\Local...}, fedcm:accounts: true, goog:chromeOptions: {debuggerAddress: localhost:58120}, goog:processID: 5152, networkConnectionEnabled: false, pageLoadStrategy: normal, platformName: windows, proxy: Proxy(), se:cdp: ws://localhost:58120/devtoo..., se:cdpVersion: 142.0.7444.59, setWindowRect: true, strictFileInteractability: false, timeouts: {implicit: 0, pageLoad: 300000, script: 30000}, unhandledPromptBehavior: dismiss and notify, webauthn:extension:credBlob: true, webauthn:extension:largeBlob: true, webauthn:extension:minPinLength: true, webauthn:extension:prf: true, webauthn:virtualAuthenticators: true}
Session ID: 610087e2886d7495b4ea7b19dee5a07a
00:17:43.135 [main] INFO  BaseTest.BaseClass - clicking on cart button..
00:17:44.230 [main] INFO  BaseTest.BaseClass - loading allure report....
00:19:06.091 [main] INFO  BaseTest.BaseClass - Logging to absolute path: C:\Users\Dell\git\repository\AutomationFramework
00:19:06.301 [main] INFO  BaseTest.BaseClass - **starting logintest**
00:19:06.498 [main] INFO  BaseTest.BaseClass - Clicked on login_button
00:19:06.501 [main] INFO  BaseTest.BaseClass - ChromeDriver: chrome on windows (cb531dff349387bf1b2792a7e8b6112d)
00:19:07.239 [main] INFO  BaseTest.BaseClass - explicit is working fine
00:19:07.262 [main] INFO  BaseTest.BaseClass - implicit and explicit time is set
00:19:07.298 [main] INFO  BaseTest.BaseClass - Log in
00:19:08.204 [main] INFO  BaseTest.BaseClass - login successful
00:19:08.206 [main] INFO  BaseTest.BaseClass - setting implicit wait
00:19:08.216 [main] INFO  BaseTest.BaseClass - finding element...
00:19:10.786 [main] INFO  BaseTest.BaseClass - Log out
00:19:14.504 [main] INFO  BaseTest.BaseClass - Logging to absolute path: C:\Users\Dell\git\repository\AutomationFramework
00:19:14.517 [main] INFO  BaseTest.BaseClass - **starting logintest**
00:19:14.710 [main] INFO  BaseTest.BaseClass - Clicked on login_button
00:19:14.711 [main] INFO  BaseTest.BaseClass - ChromeDriver: chrome on windows (191ba372dd86325a733dc93e4e94421c)
00:19:15.305 [main] INFO  BaseTest.BaseClass - explicit is working fine
00:19:15.350 [main] INFO  BaseTest.BaseClass - implicit and explicit time is set
00:19:15.386 [main] INFO  BaseTest.BaseClass - Log in
00:19:16.408 [main] INFO  BaseTest.BaseClass - login successful
00:19:16.409 [main] INFO  BaseTest.BaseClass - setting implicit wait
00:19:16.437 [main] INFO  BaseTest.BaseClass - finding element...
00:19:17.748 [main] INFO  BaseTest.BaseClass - Log out
00:19:20.201 [main] INFO  BaseTest.BaseClass - Logging to absolute path: C:\Users\Dell\git\repository\AutomationFramework
00:19:20.213 [main] INFO  BaseTest.BaseClass - **starting logintest**
00:19:20.528 [main] INFO  BaseTest.BaseClass - Clicked on login_button
00:19:20.528 [main] INFO  BaseTest.BaseClass - ChromeDriver: chrome on windows (f35cd6087d9cd4a8b4758dc0724a23b1)
00:19:21.090 [main] INFO  BaseTest.BaseClass - explicit is working fine
00:19:21.122 [main] INFO  BaseTest.BaseClass - implicit and explicit time is set
00:19:21.140 [main] INFO  BaseTest.BaseClass - Log in
00:19:21.731 [main] INFO  BaseTest.BaseClass - login successful
00:19:21.731 [main] INFO  BaseTest.BaseClass - setting implicit wait
00:19:21.737 [main] INFO  BaseTest.BaseClass - finding element...
00:19:23.854 [main] INFO  BaseTest.BaseClass - Log out
00:19:26.621 [main] INFO  BaseTest.BaseClass - Logging to absolute path: C:\Users\Dell\git\repository\AutomationFramework
00:19:26.629 [main] INFO  BaseTest.BaseClass - **starting logintest**
00:19:26.876 [main] INFO  BaseTest.BaseClass - Clicked on login_button
00:19:26.876 [main] INFO  BaseTest.BaseClass - ChromeDriver: chrome on windows (089147e033e085886fac4d50b621a325)
00:19:27.508 [main] INFO  BaseTest.BaseClass - explicit is working fine
00:19:27.522 [main] INFO  BaseTest.BaseClass - implicit and explicit time is set
00:19:27.546 [main] INFO  BaseTest.BaseClass - Log in
00:19:27.950 [main] INFO  BaseTest.BaseClass - login successful
00:19:27.950 [main] INFO  BaseTest.BaseClass - setting implicit wait
00:19:27.959 [main] INFO  BaseTest.BaseClass - finding element...
00:19:29.752 [main] INFO  BaseTest.BaseClass - Log out
00:19:32.618 [main] INFO  BaseTest.BaseClass - Logging to absolute path: C:\Users\Dell\git\repository\AutomationFramework
00:19:32.745 [main] INFO  BaseTest.BaseClass - Scrolled to bottom to find next page
00:19:32.956 [main] INFO  BaseTest.BaseClass - cliked on next button
00:19:45.695 [main] INFO  BaseTest.BaseClass - Logging to absolute path: C:\Users\Dell\git\repository\AutomationFramework
00:19:45.842 [main] INFO  BaseTest.BaseClass - Scrolled to bottom to find next page
00:19:46.045 [main] INFO  BaseTest.BaseClass - cliked on next button
00:19:58.862 [main] INFO  BaseTest.BaseClass - Logging to absolute path: C:\Users\Dell\git\repository\AutomationFramework
00:19:58.919 [main] INFO  BaseTest.BaseClass - Scrolled to bottom to find next page
00:19:59.129 [main] INFO  BaseTest.BaseClass - cliked on next button
00:20:11.684 [main] INFO  BaseTest.BaseClass - Logging to absolute path: C:\Users\Dell\git\repository\AutomationFramework
00:20:11.709 [main] INFO  BaseTest.BaseClass - Scrolled to bottom to find next page
00:20:11.938 [main] INFO  BaseTest.BaseClass - cliked on next button
00:20:22.697 [main] INFO  BaseTest.BaseClass - loading allure report....
00:44:14.273 [main] INFO  BaseTest.BaseClass - Logging to absolute path: C:\Users\Dell\git\repository\AutomationFramework
00:44:14.441 [main] INFO  BaseTest.BaseClass - **starting logintest**
00:44:14.675 [main] INFO  BaseTest.BaseClass - Clicked on login_button
00:44:14.675 [main] INFO  BaseTest.BaseClass - ChromeDriver: chrome on windows (74eab2b33e640023fc433592fd50e513)
00:44:15.366 [main] INFO  BaseTest.BaseClass - explicit is working fine
00:44:15.378 [main] INFO  BaseTest.BaseClass - implicit and explicit time is set
00:44:15.403 [main] INFO  BaseTest.BaseClass - Log in
00:44:15.855 [main] INFO  BaseTest.BaseClass - login successful
00:44:15.855 [main] INFO  BaseTest.BaseClass - setting implicit wait
00:44:15.861 [main] INFO  BaseTest.BaseClass - finding element...
00:44:17.950 [main] INFO  BaseTest.BaseClass - Log out
00:44:21.246 [main] INFO  BaseTest.BaseClass - Logging to absolute path: C:\Users\Dell\git\repository\AutomationFramework
00:44:21.258 [main] INFO  BaseTest.BaseClass - **starting logintest**
00:44:21.544 [main] INFO  BaseTest.BaseClass - Clicked on login_button
00:44:21.544 [main] INFO  BaseTest.BaseClass - ChromeDriver: chrome on windows (53c3bd08f683352d23fe62cef1c20f0c)
00:44:22.185 [main] INFO  BaseTest.BaseClass - explicit is working fine
00:44:22.198 [main] INFO  BaseTest.BaseClass - implicit and explicit time is set
00:44:22.221 [main] INFO  BaseTest.BaseClass - Log in
00:44:22.762 [main] INFO  BaseTest.BaseClass - login successful
00:44:22.762 [main] INFO  BaseTest.BaseClass - setting implicit wait
00:44:22.766 [main] INFO  BaseTest.BaseClass - finding element...
00:44:24.787 [main] INFO  BaseTest.BaseClass - Log out
00:44:27.777 [main] INFO  BaseTest.BaseClass - Logging to absolute path: C:\Users\Dell\git\repository\AutomationFramework
00:44:27.794 [main] INFO  BaseTest.BaseClass - **starting logintest**
00:44:28.130 [main] INFO  BaseTest.BaseClass - Clicked on login_button
00:44:28.130 [main] INFO  BaseTest.BaseClass - ChromeDriver: chrome on windows (bd68acb5fba71a4c194bb71ba4cb0245)
00:44:28.723 [main] INFO  BaseTest.BaseClass - explicit is working fine
00:44:28.745 [main] INFO  BaseTest.BaseClass - implicit and explicit time is set
00:44:28.779 [main] INFO  BaseTest.BaseClass - Log in
00:44:29.223 [main] INFO  BaseTest.BaseClass - login successful
00:44:29.223 [main] INFO  BaseTest.BaseClass - setting implicit wait
00:44:29.225 [main] INFO  BaseTest.BaseClass - finding element...
00:44:31.825 [main] INFO  BaseTest.BaseClass - Log out
00:44:35.072 [main] INFO  BaseTest.BaseClass - Logging to absolute path: C:\Users\Dell\git\repository\AutomationFramework
00:44:35.084 [main] INFO  BaseTest.BaseClass - **starting logintest**
00:44:35.384 [main] INFO  BaseTest.BaseClass - Clicked on login_button
00:44:35.384 [main] INFO  BaseTest.BaseClass - ChromeDriver: chrome on windows (a8581e20e16f632734552133ccb21283)
00:44:35.995 [main] INFO  BaseTest.BaseClass - explicit is working fine
00:44:36.022 [main] INFO  BaseTest.BaseClass - implicit and explicit time is set
00:44:36.051 [main] INFO  BaseTest.BaseClass - Log in
00:44:36.536 [main] INFO  BaseTest.BaseClass - login successful
00:44:36.536 [main] INFO  BaseTest.BaseClass - setting implicit wait
00:44:36.541 [main] INFO  BaseTest.BaseClass - finding element...
00:44:38.561 [main] INFO  BaseTest.BaseClass - Log out
00:44:41.666 [main] INFO  BaseTest.BaseClass - Logging to absolute path: C:\Users\Dell\git\repository\AutomationFramework
00:44:41.746 [main] INFO  BaseTest.BaseClass - Scrolled to bottom to find next page
00:44:42.012 [main] INFO  BaseTest.BaseClass - cliked on next button
00:44:55.268 [main] INFO  BaseTest.BaseClass - Logging to absolute path: C:\Users\Dell\git\repository\AutomationFramework
00:44:55.314 [main] INFO  BaseTest.BaseClass - Scrolled to bottom to find next page
00:44:55.547 [main] INFO  BaseTest.BaseClass - cliked on next button
00:45:08.707 [main] INFO  BaseTest.BaseClass - Logging to absolute path: C:\Users\Dell\git\repository\AutomationFramework
00:45:08.765 [main] INFO  BaseTest.BaseClass - Scrolled to bottom to find next page
00:45:09.006 [main] INFO  BaseTest.BaseClass - cliked on next button
00:45:22.116 [main] INFO  BaseTest.BaseClass - Logging to absolute path: C:\Users\Dell\git\repository\AutomationFramework
00:45:22.202 [main] INFO  BaseTest.BaseClass - Scrolled to bottom to find next page
00:45:22.516 [main] INFO  BaseTest.BaseClass - cliked on next button
00:45:23.421 [main] INFO  BaseTest.BaseClass - waited for element to locate
00:45:23.459 [main] INFO  BaseTest.BaseClass - Scrolled to desired product element
00:45:24.210 [main] INFO  BaseTest.BaseClass - clicked on desired product element
00:45:24.273 [main] ERROR BaseTest.BaseClass - Exception is: org.openqa.selenium.NoAlertPresentException: no such alert
  (Session info: chrome=142.0.7444.59)
Build info: version: '4.35.0', revision: '1c58e5028b'
System info: os.name: 'Windows 11', os.arch: 'amd64', os.version: '10.0', java.version: '17.0.12'
Driver info: org.openqa.selenium.chrome.ChromeDriver
Command: [62af420fc7f8a2aa199b2d8ab4ed6cb7, getAlertText {}]
Capabilities {acceptInsecureCerts: false, browserName: chrome, browserVersion: 142.0.7444.59, chrome: {chromedriverVersion: 142.0.7444.61 (9884f628acbc..., userDataDir: C:\Users\Dell\AppData\Local...}, fedcm:accounts: true, goog:chromeOptions: {debuggerAddress: localhost:63526}, goog:processID: 26608, networkConnectionEnabled: false, pageLoadStrategy: normal, platformName: windows, proxy: Proxy(), se:cdp: ws://localhost:63526/devtoo..., se:cdpVersion: 142.0.7444.59, setWindowRect: true, strictFileInteractability: false, timeouts: {implicit: 0, pageLoad: 300000, script: 30000}, unhandledPromptBehavior: dismiss and notify, webauthn:extension:credBlob: true, webauthn:extension:largeBlob: true, webauthn:extension:minPinLength: true, webauthn:extension:prf: true, webauthn:virtualAuthenticators: true}
Session ID: 62af420fc7f8a2aa199b2d8ab4ed6cb7
00:45:25.077 [main] INFO  BaseTest.BaseClass - clicking on cart button..
00:45:26.292 [main] INFO  BaseTest.BaseClass - loading allure report....
00:49:09.009 [main] INFO  BaseTest.BaseClass - Logging to absolute path: C:\Users\Dell\git\repository\AutomationFramework
00:49:09.246 [main] INFO  BaseTest.BaseClass - **starting logintest**
00:49:09.393 [main] INFO  BaseTest.BaseClass - Clicked on login_button
00:49:09.397 [main] INFO  BaseTest.BaseClass - ChromeDriver: chrome on windows (66321f912f70e947e17882d2fc942dbe)
00:49:10.169 [main] INFO  BaseTest.BaseClass - explicit is working fine
00:49:10.180 [main] INFO  BaseTest.BaseClass - implicit and explicit time is set
00:49:10.202 [main] INFO  BaseTest.BaseClass - Log in
00:49:10.608 [main] INFO  BaseTest.BaseClass - login successful
00:49:10.610 [main] INFO  BaseTest.BaseClass - setting implicit wait
00:49:10.611 [main] INFO  BaseTest.BaseClass - finding element...
00:49:12.668 [main] INFO  BaseTest.BaseClass - Log out
00:49:15.943 [main] INFO  BaseTest.BaseClass - Logging to absolute path: C:\Users\Dell\git\repository\AutomationFramework
00:49:15.994 [main] INFO  BaseTest.BaseClass - Scrolled to bottom to find next page
00:49:16.205 [main] INFO  BaseTest.BaseClass - cliked on next button
00:49:29.455 [main] INFO  BaseTest.BaseClass - Logging to absolute path: C:\Users\Dell\git\repository\AutomationFramework
00:49:29.491 [main] INFO  BaseTest.BaseClass - Scrolled to bottom to find next page
00:49:29.811 [main] INFO  BaseTest.BaseClass - cliked on next button
00:49:30.491 [main] INFO  BaseTest.BaseClass - waited for element to locate
00:49:30.529 [main] INFO  BaseTest.BaseClass - Scrolled to desired product element
00:49:31.300 [main] INFO  BaseTest.BaseClass - clicked on desired product element
00:49:31.373 [main] ERROR BaseTest.BaseClass - Exception is: org.openqa.selenium.NoAlertPresentException: no such alert
  (Session info: chrome=142.0.7444.59)
Build info: version: '4.35.0', revision: '1c58e5028b'
System info: os.name: 'Windows 11', os.arch: 'amd64', os.version: '10.0', java.version: '17.0.12'
Driver info: org.openqa.selenium.chrome.ChromeDriver
Command: [f59e58bbb9b02e4937df043d3c4c902b, getAlertText {}]
Capabilities {acceptInsecureCerts: false, browserName: chrome, browserVersion: 142.0.7444.59, chrome: {chromedriverVersion: 142.0.7444.61 (9884f628acbc..., userDataDir: C:\Users\Dell\AppData\Local...}, fedcm:accounts: true, goog:chromeOptions: {debuggerAddress: localhost:53345}, goog:processID: 33184, networkConnectionEnabled: false, pageLoadStrategy: normal, platformName: windows, proxy: Proxy(), se:cdp: ws://localhost:53345/devtoo..., se:cdpVersion: 142.0.7444.59, setWindowRect: true, strictFileInteractability: false, timeouts: {implicit: 0, pageLoad: 300000, script: 30000}, unhandledPromptBehavior: dismiss and notify, webauthn:extension:credBlob: true, webauthn:extension:largeBlob: true, webauthn:extension:minPinLength: true, webauthn:extension:prf: true, webauthn:virtualAuthenticators: true}
Session ID: f59e58bbb9b02e4937df043d3c4c902b
00:49:32.372 [main] INFO  BaseTest.BaseClass - clicking on cart button..
00:49:34.119 [main] INFO  BaseTest.BaseClass - loading allure report....
00:50:46.696 [main] INFO  BaseTest.BaseClass - Logging to absolute path: C:\Users\Dell\git\repository\AutomationFramework
00:50:46.987 [main] INFO  BaseTest.BaseClass - **starting logintest**
00:50:47.143 [main] INFO  BaseTest.BaseClass - Clicked on login_button
00:50:47.145 [main] INFO  BaseTest.BaseClass - ChromeDriver: chrome on windows (0a2de638c2e6134c60da15e42947a0ff)
00:50:47.770 [main] INFO  BaseTest.BaseClass - explicit is working fine
00:50:47.783 [main] INFO  BaseTest.BaseClass - implicit and explicit time is set
00:50:47.796 [main] INFO  BaseTest.BaseClass - Log in
00:50:48.212 [main] INFO  BaseTest.BaseClass - login successful
00:50:48.212 [main] INFO  BaseTest.BaseClass - setting implicit wait
00:50:48.215 [main] INFO  BaseTest.BaseClass - finding element...
00:50:50.033 [main] INFO  BaseTest.BaseClass - Log out
00:50:53.895 [main] INFO  BaseTest.BaseClass - Logging to absolute path: C:\Users\Dell\git\repository\AutomationFramework
00:50:53.971 [main] INFO  BaseTest.BaseClass - Scrolled to bottom to find next page
00:50:54.175 [main] INFO  BaseTest.BaseClass - cliked on next button
00:51:08.997 [main] INFO  BaseTest.BaseClass - Logging to absolute path: C:\Users\Dell\git\repository\AutomationFramework
00:51:09.050 [main] INFO  BaseTest.BaseClass - Scrolled to bottom to find next page
00:51:09.263 [main] INFO  BaseTest.BaseClass - cliked on next button
00:51:23.806 [main] INFO  BaseTest.BaseClass - Logging to absolute path: C:\Users\Dell\git\repository\AutomationFramework
00:51:23.970 [main] INFO  BaseTest.BaseClass - Scrolled to bottom to find next page
00:51:24.128 [main] INFO  BaseTest.BaseClass - cliked on next button
00:51:37.193 [main] INFO  BaseTest.BaseClass - Logging to absolute path: C:\Users\Dell\git\repository\AutomationFramework
00:51:37.243 [main] INFO  BaseTest.BaseClass - Scrolled to bottom to find next page
00:51:37.465 [main] INFO  BaseTest.BaseClass - cliked on next button
00:51:48.561 [main] INFO  BaseTest.BaseClass - loading allure report....
01:25:09.785 [main] INFO  BaseTest.BaseClass - Logging to absolute path: C:\ProgramData\Jenkins\.jenkins\workspace\AutomationFramework
01:25:09.870 [main] INFO  BaseTest.BaseClass - **starting logintest**
01:25:09.979 [main] INFO  BaseTest.BaseClass - Clicked on login_button
01:25:09.979 [main] INFO  BaseTest.BaseClass - ChromeDriver: chrome on windows (cd4967b7b5377527c57a790b0a5fb137)
01:25:10.549 [main] INFO  BaseTest.BaseClass - explicit is working fine
01:25:10.557 [main] INFO  BaseTest.BaseClass - implicit and explicit time is set
01:25:10.573 [main] INFO  BaseTest.BaseClass - Log in
01:25:10.793 [main] INFO  BaseTest.BaseClass - login successful
01:25:10.793 [main] INFO  BaseTest.BaseClass - setting implicit wait
01:25:10.795 [main] INFO  BaseTest.BaseClass - finding element...
01:25:12.433 [main] INFO  BaseTest.BaseClass - Log out
01:25:14.458 [main] INFO  BaseTest.BaseClass - Logging to absolute path: C:\ProgramData\Jenkins\.jenkins\workspace\AutomationFramework
01:25:14.473 [main] INFO  BaseTest.BaseClass - Scrolled to bottom to find next page
01:25:14.576 [main] INFO  BaseTest.BaseClass - cliked on next button
01:25:26.659 [main] INFO  BaseTest.BaseClass - Logging to absolute path: C:\ProgramData\Jenkins\.jenkins\workspace\AutomationFramework
01:25:26.675 [main] INFO  BaseTest.BaseClass - Scrolled to bottom to find next page
01:25:26.805 [main] INFO  BaseTest.BaseClass - cliked on next button
01:25:38.872 [main] INFO  BaseTest.BaseClass - Logging to absolute path: C:\ProgramData\Jenkins\.jenkins\workspace\AutomationFramework
01:25:38.891 [main] INFO  BaseTest.BaseClass - Scrolled to bottom to find next page
01:25:38.986 [main] INFO  BaseTest.BaseClass - cliked on next button
01:25:51.051 [main] INFO  BaseTest.BaseClass - Logging to absolute path: C:\ProgramData\Jenkins\.jenkins\workspace\AutomationFramework
01:25:51.070 [main] INFO  BaseTest.BaseClass - Scrolled to bottom to find next page
01:25:51.164 [main] INFO  BaseTest.BaseClass - cliked on next button
01:26:01.614 [main] INFO  BaseTest.BaseClass - loading allure report....
10:50:29.734 [main] INFO  BaseTest.BaseClass - Logging to absolute path: C:\ProgramData\Jenkins\.jenkins\workspace\AutomationFramework
10:50:29.945 [main] INFO  BaseTest.BaseClass - **starting logintest**
10:50:30.113 [main] INFO  BaseTest.BaseClass - Clicked on login_button
10:50:30.113 [main] INFO  BaseTest.BaseClass - ChromeDriver: chrome on windows (e7cb7bc7cb863b5fe3a00015a82db86e)
10:50:30.701 [main] INFO  BaseTest.BaseClass - explicit is working fine
10:50:30.728 [main] INFO  BaseTest.BaseClass - implicit and explicit time is set
10:50:30.748 [main] INFO  BaseTest.BaseClass - Log in
10:50:31.093 [main] INFO  BaseTest.BaseClass - login successful
10:50:31.093 [main] INFO  BaseTest.BaseClass - setting implicit wait
10:50:31.098 [main] INFO  BaseTest.BaseClass - finding element...
10:50:32.839 [main] INFO  BaseTest.BaseClass - Log out
10:50:36.050 [main] INFO  BaseTest.BaseClass - Logging to absolute path: C:\ProgramData\Jenkins\.jenkins\workspace\AutomationFramework
10:50:36.074 [main] INFO  BaseTest.BaseClass - Scrolled to bottom to find next page
10:50:36.213 [main] INFO  BaseTest.BaseClass - cliked on next button
10:50:49.303 [main] INFO  BaseTest.BaseClass - Logging to absolute path: C:\ProgramData\Jenkins\.jenkins\workspace\AutomationFramework
10:50:49.319 [main] INFO  BaseTest.BaseClass - Scrolled to bottom to find next page
10:50:49.551 [main] INFO  BaseTest.BaseClass - cliked on next button
10:51:02.285 [main] INFO  BaseTest.BaseClass - Logging to absolute path: C:\ProgramData\Jenkins\.jenkins\workspace\AutomationFramework
10:51:02.314 [main] INFO  BaseTest.BaseClass - Scrolled to bottom to find next page
10:51:02.461 [main] INFO  BaseTest.BaseClass - cliked on next button
10:51:15.101 [main] INFO  BaseTest.BaseClass - Logging to absolute path: C:\ProgramData\Jenkins\.jenkins\workspace\AutomationFramework
10:51:15.124 [main] INFO  BaseTest.BaseClass - Scrolled to bottom to find next page
10:51:15.370 [main] INFO  BaseTest.BaseClass - cliked on next button
10:51:26.047 [main] INFO  BaseTest.BaseClass - loading allure report....
11:23:48.946 [main] INFO  BaseTest.BaseClass - Logging to absolute path: C:\Users\Dell\git\repository\AutomationFramework
11:23:49.177 [main] INFO  BaseTest.BaseClass - **starting logintest**
11:23:49.379 [main] INFO  BaseTest.BaseClass - Clicked on login_button
11:23:49.381 [main] INFO  BaseTest.BaseClass - ChromeDriver: chrome on windows (e3a99abbeba0311964379b135355208b)
11:23:49.995 [main] INFO  BaseTest.BaseClass - explicit is working fine
11:23:50.013 [main] INFO  BaseTest.BaseClass - implicit and explicit time is set
11:23:50.067 [main] INFO  BaseTest.BaseClass - Log in
11:23:50.559 [main] INFO  BaseTest.BaseClass - login successful
11:23:50.559 [main] INFO  BaseTest.BaseClass - setting implicit wait
11:23:50.565 [main] INFO  BaseTest.BaseClass - finding element...
11:23:52.517 [main] INFO  BaseTest.BaseClass - Log out
11:23:55.767 [main] INFO  BaseTest.BaseClass - Logging to absolute path: C:\Users\Dell\git\repository\AutomationFramework
11:23:55.821 [main] INFO  BaseTest.BaseClass - Scrolled to bottom to find next page
11:23:56.224 [main] INFO  BaseTest.BaseClass - cliked on next button
11:24:09.383 [main] INFO  BaseTest.BaseClass - Logging to absolute path: C:\Users\Dell\git\repository\AutomationFramework
11:24:09.479 [main] INFO  BaseTest.BaseClass - Scrolled to bottom to find next page
11:24:09.695 [main] INFO  BaseTest.BaseClass - cliked on next button
11:24:22.642 [main] INFO  BaseTest.BaseClass - Logging to absolute path: C:\Users\Dell\git\repository\AutomationFramework
11:24:22.728 [main] INFO  BaseTest.BaseClass - Scrolled to bottom to find next page
11:24:23.033 [main] INFO  BaseTest.BaseClass - cliked on next button
11:24:23.866 [main] INFO  BaseTest.BaseClass - waited for element to locate
11:24:23.888 [main] INFO  BaseTest.BaseClass - Scrolled to desired product element
11:24:24.736 [main] INFO  BaseTest.BaseClass - clicked on desired product element
11:24:24.755 [main] ERROR BaseTest.BaseClass - Exception is: org.openqa.selenium.NoAlertPresentException: no such alert
  (Session info: chrome=142.0.7444.135)
Build info: version: '4.35.0', revision: '1c58e5028b'
System info: os.name: 'Windows 11', os.arch: 'amd64', os.version: '10.0', java.version: '17.0.12'
Driver info: org.openqa.selenium.chrome.ChromeDriver
Command: [f2b2dd7f8bb4f27b2424fdd15115114c, getAlertText {}]
Capabilities {acceptInsecureCerts: false, browserName: chrome, browserVersion: 142.0.7444.135, chrome: {chromedriverVersion: 142.0.7444.162 (c076baf266c..., userDataDir: C:\Users\Dell\AppData\Local...}, fedcm:accounts: true, goog:chromeOptions: {debuggerAddress: localhost:52055}, goog:processID: 1212, networkConnectionEnabled: false, pageLoadStrategy: normal, platformName: windows, proxy: Proxy(), se:cdp: ws://localhost:52055/devtoo..., se:cdpVersion: 142.0.7444.135, setWindowRect: true, strictFileInteractability: false, timeouts: {implicit: 0, pageLoad: 300000, script: 30000}, unhandledPromptBehavior: dismiss and notify, webauthn:extension:credBlob: true, webauthn:extension:largeBlob: true, webauthn:extension:minPinLength: true, webauthn:extension:prf: true, webauthn:virtualAuthenticators: true}
Session ID: f2b2dd7f8bb4f27b2424fdd15115114c
11:24:38.375 [main] INFO  BaseTest.BaseClass - Logging to absolute path: C:\Users\Dell\git\repository\AutomationFramework
11:24:38.404 [main] INFO  BaseTest.BaseClass - Scrolled to bottom to find next page
11:24:38.691 [main] INFO  BaseTest.BaseClass - cliked on next button
11:24:49.606 [main] INFO  BaseTest.BaseClass - loading allure report....
11:29:06.574 [main] INFO  BaseTest.BaseClass - Logging to absolute path: C:\Users\Dell\git\repository\AutomationFramework
11:29:06.974 [main] INFO  BaseTest.BaseClass - **starting logintest**
11:29:07.184 [main] INFO  BaseTest.BaseClass - Clicked on login_button
11:29:07.185 [main] INFO  BaseTest.BaseClass - ChromeDriver: chrome on windows (57a92d3e7c4417b9d3391d50e7c0c524)
11:29:07.932 [main] INFO  BaseTest.BaseClass - explicit is working fine
11:29:07.953 [main] INFO  BaseTest.BaseClass - implicit and explicit time is set
11:29:07.989 [main] INFO  BaseTest.BaseClass - Log in
11:29:08.435 [main] INFO  BaseTest.BaseClass - login successful
11:29:08.435 [main] INFO  BaseTest.BaseClass - setting implicit wait
11:29:08.441 [main] INFO  BaseTest.BaseClass - finding element...
11:29:11.105 [main] INFO  BaseTest.BaseClass - Log out
11:29:14.444 [main] INFO  BaseTest.BaseClass - Logging to absolute path: C:\Users\Dell\git\repository\AutomationFramework
11:29:14.456 [main] INFO  BaseTest.BaseClass - **starting logintest**
11:29:14.741 [main] INFO  BaseTest.BaseClass - Clicked on login_button
11:29:14.743 [main] INFO  BaseTest.BaseClass - ChromeDriver: chrome on windows (0b1b40809b57233eaac5168303cde667)
11:29:15.387 [main] INFO  BaseTest.BaseClass - explicit is working fine
11:29:15.403 [main] INFO  BaseTest.BaseClass - implicit and explicit time is set
11:29:15.428 [main] INFO  BaseTest.BaseClass - Log in
11:29:15.866 [main] INFO  BaseTest.BaseClass - login successful
11:29:15.866 [main] INFO  BaseTest.BaseClass - setting implicit wait
11:29:15.871 [main] INFO  BaseTest.BaseClass - finding element...
11:29:17.833 [main] INFO  BaseTest.BaseClass - Log out
11:29:20.992 [main] INFO  BaseTest.BaseClass - Logging to absolute path: C:\Users\Dell\git\repository\AutomationFramework
11:29:21.012 [main] INFO  BaseTest.BaseClass - **starting logintest**
11:29:21.279 [main] INFO  BaseTest.BaseClass - Clicked on login_button
11:29:21.279 [main] INFO  BaseTest.BaseClass - ChromeDriver: chrome on windows (8229b671cfbae2939853ffb3a75a0857)
11:29:21.893 [main] INFO  BaseTest.BaseClass - explicit is working fine
11:29:21.905 [main] INFO  BaseTest.BaseClass - implicit and explicit time is set
11:29:21.928 [main] INFO  BaseTest.BaseClass - Log in
11:29:22.358 [main] INFO  BaseTest.BaseClass - login successful
11:29:22.358 [main] INFO  BaseTest.BaseClass - setting implicit wait
11:29:22.361 [main] INFO  BaseTest.BaseClass - finding element...
11:29:24.492 [main] INFO  BaseTest.BaseClass - Log out
11:29:27.371 [main] INFO  BaseTest.BaseClass - Logging to absolute path: C:\Users\Dell\git\repository\AutomationFramework
11:29:27.388 [main] INFO  BaseTest.BaseClass - **starting logintest**
11:29:27.753 [main] INFO  BaseTest.BaseClass - Clicked on login_button
11:29:27.753 [main] INFO  BaseTest.BaseClass - ChromeDriver: chrome on windows (7df5e16140ec94af6dc6bbc85c595c3f)
11:29:28.392 [main] INFO  BaseTest.BaseClass - explicit is working fine
11:29:28.404 [main] INFO  BaseTest.BaseClass - implicit and explicit time is set
11:29:28.423 [main] INFO  BaseTest.BaseClass - Log in
11:29:28.860 [main] INFO  BaseTest.BaseClass - login successful
11:29:28.860 [main] INFO  BaseTest.BaseClass - setting implicit wait
11:29:28.868 [main] INFO  BaseTest.BaseClass - finding element...
11:29:30.768 [main] INFO  BaseTest.BaseClass - Log out
11:29:33.573 [main] INFO  BaseTest.BaseClass - Logging to absolute path: C:\Users\Dell\git\repository\AutomationFramework
11:29:33.655 [main] INFO  BaseTest.BaseClass - Scrolled to bottom to find next page
11:29:33.962 [main] INFO  BaseTest.BaseClass - cliked on next button
11:29:34.636 [main] INFO  BaseTest.BaseClass - waited for element to locate
11:29:34.663 [main] INFO  BaseTest.BaseClass - Scrolled to desired product element
11:29:35.437 [main] INFO  BaseTest.BaseClass - clicked on desired product element
11:29:35.498 [main] ERROR BaseTest.BaseClass - Exception is: org.openqa.selenium.NoAlertPresentException: no such alert
  (Session info: chrome=142.0.7444.135)
Build info: version: '4.35.0', revision: '1c58e5028b'
System info: os.name: 'Windows 11', os.arch: 'amd64', os.version: '10.0', java.version: '17.0.12'
Driver info: org.openqa.selenium.chrome.ChromeDriver
Command: [90f3a4d46d8d0570b4f64473862d4e4d, getAlertText {}]
Capabilities {acceptInsecureCerts: false, browserName: chrome, browserVersion: 142.0.7444.135, chrome: {chromedriverVersion: 142.0.7444.162 (c076baf266c..., userDataDir: C:\Users\Dell\AppData\Local...}, fedcm:accounts: true, goog:chromeOptions: {debuggerAddress: localhost:54300}, goog:processID: 27508, networkConnectionEnabled: false, pageLoadStrategy: normal, platformName: windows, proxy: Proxy(), se:cdp: ws://localhost:54300/devtoo..., se:cdpVersion: 142.0.7444.135, setWindowRect: true, strictFileInteractability: false, timeouts: {implicit: 0, pageLoad: 300000, script: 30000}, unhandledPromptBehavior: dismiss and notify, webauthn:extension:credBlob: true, webauthn:extension:largeBlob: true, webauthn:extension:minPinLength: true, webauthn:extension:prf: true, webauthn:virtualAuthenticators: true}
Session ID: 90f3a4d46d8d0570b4f64473862d4e4d
11:29:49.085 [main] INFO  BaseTest.BaseClass - Logging to absolute path: C:\Users\Dell\git\repository\AutomationFramework
11:29:49.151 [main] INFO  BaseTest.BaseClass - Scrolled to bottom to find next page
11:29:49.383 [main] INFO  BaseTest.BaseClass - cliked on next button
11:30:02.334 [main] INFO  BaseTest.BaseClass - Logging to absolute path: C:\Users\Dell\git\repository\AutomationFramework
11:30:02.389 [main] INFO  BaseTest.BaseClass - Scrolled to bottom to find next page
11:30:02.637 [main] INFO  BaseTest.BaseClass - cliked on next button
11:30:15.780 [main] INFO  BaseTest.BaseClass - Logging to absolute path: C:\Users\Dell\git\repository\AutomationFramework
11:30:15.869 [main] INFO  BaseTest.BaseClass - Scrolled to bottom to find next page
11:30:16.110 [main] INFO  BaseTest.BaseClass - cliked on next button
11:30:27.166 [main] INFO  BaseTest.BaseClass - loading allure report....
11:33:03.355 [main] INFO  BaseTest.BaseClass - Logging to absolute path: C:\Users\Dell\git\repository\AutomationFramework
11:33:03.716 [main] INFO  BaseTest.BaseClass - **starting logintest**
11:33:03.864 [main] INFO  BaseTest.BaseClass - Clicked on login_button
11:33:03.865 [main] INFO  BaseTest.BaseClass - ChromeDriver: chrome on windows (0364c6428149949c862d3ba07eeb8d1b)
11:33:04.475 [main] INFO  BaseTest.BaseClass - explicit is working fine
11:33:04.487 [main] INFO  BaseTest.BaseClass - implicit and explicit time is set
11:33:04.515 [main] INFO  BaseTest.BaseClass - Log in
11:33:04.950 [main] INFO  BaseTest.BaseClass - login successful
11:33:04.952 [main] INFO  BaseTest.BaseClass - setting implicit wait
11:33:04.955 [main] INFO  BaseTest.BaseClass - finding element...
11:33:06.803 [main] INFO  BaseTest.BaseClass - Log out
11:33:10.185 [main] INFO  BaseTest.BaseClass - Logging to absolute path: C:\Users\Dell\git\repository\AutomationFramework
11:33:10.212 [main] INFO  BaseTest.BaseClass - **starting logintest**
11:33:10.496 [main] INFO  BaseTest.BaseClass - Clicked on login_button
11:33:10.496 [main] INFO  BaseTest.BaseClass - ChromeDriver: chrome on windows (99a273eebcc05c39feb968e792407bb4)
11:33:11.091 [main] INFO  BaseTest.BaseClass - explicit is working fine
11:33:11.105 [main] INFO  BaseTest.BaseClass - implicit and explicit time is set
11:33:11.124 [main] INFO  BaseTest.BaseClass - Log in
11:33:11.551 [main] INFO  BaseTest.BaseClass - login successful
11:33:11.551 [main] INFO  BaseTest.BaseClass - setting implicit wait
11:33:11.555 [main] INFO  BaseTest.BaseClass - finding element...
11:33:13.781 [main] INFO  BaseTest.BaseClass - Log out
11:33:16.970 [main] INFO  BaseTest.BaseClass - Logging to absolute path: C:\Users\Dell\git\repository\AutomationFramework
11:33:16.979 [main] INFO  BaseTest.BaseClass - **starting logintest**
11:33:17.310 [main] INFO  BaseTest.BaseClass - Clicked on login_button
11:33:17.311 [main] INFO  BaseTest.BaseClass - ChromeDriver: chrome on windows (bd06ffe10cdf637f0206a7d0f5e6a6c4)
11:33:17.913 [main] INFO  BaseTest.BaseClass - explicit is working fine
11:33:17.918 [main] INFO  BaseTest.BaseClass - implicit and explicit time is set
11:33:17.965 [main] INFO  BaseTest.BaseClass - Log in
11:33:18.520 [main] INFO  BaseTest.BaseClass - login successful
11:33:18.520 [main] INFO  BaseTest.BaseClass - setting implicit wait
11:33:18.526 [main] INFO  BaseTest.BaseClass - finding element...
11:33:20.645 [main] INFO  BaseTest.BaseClass - Log out
11:33:23.084 [main] INFO  BaseTest.BaseClass - Logging to absolute path: C:\Users\Dell\git\repository\AutomationFramework
11:33:23.092 [main] INFO  BaseTest.BaseClass - **starting logintest**
11:33:23.522 [main] INFO  BaseTest.BaseClass - Clicked on login_button
11:33:23.522 [main] INFO  BaseTest.BaseClass - ChromeDriver: chrome on windows (80dc714a8b754f59b9bd7a932a819a38)
11:33:24.155 [main] INFO  BaseTest.BaseClass - explicit is working fine
11:33:24.166 [main] INFO  BaseTest.BaseClass - implicit and explicit time is set
11:33:24.192 [main] INFO  BaseTest.BaseClass - Log in
11:33:24.591 [main] INFO  BaseTest.BaseClass - login successful
11:33:24.591 [main] INFO  BaseTest.BaseClass - setting implicit wait
11:33:24.595 [main] INFO  BaseTest.BaseClass - finding element...
11:33:26.776 [main] INFO  BaseTest.BaseClass - Log out
11:33:29.912 [main] INFO  BaseTest.BaseClass - Logging to absolute path: C:\Users\Dell\git\repository\AutomationFramework
11:33:29.978 [main] INFO  BaseTest.BaseClass - Scrolled to bottom to find next page
11:33:30.210 [main] INFO  BaseTest.BaseClass - cliked on next button
11:33:43.510 [main] INFO  BaseTest.BaseClass - Logging to absolute path: C:\Users\Dell\git\repository\AutomationFramework
11:33:43.649 [main] INFO  BaseTest.BaseClass - Scrolled to bottom to find next page
11:33:43.988 [main] INFO  BaseTest.BaseClass - cliked on next button
11:33:44.574 [main] INFO  BaseTest.BaseClass - waited for element to locate
11:33:44.595 [main] INFO  BaseTest.BaseClass - Scrolled to desired product element
11:33:44.917 [main] INFO  BaseTest.BaseClass - clicked on desired product element
11:33:44.983 [main] ERROR BaseTest.BaseClass - Exception is: org.openqa.selenium.NoSuchWindowException: no such window: target window already closed
from unknown error: web view not found
  (Session info: chrome=142.0.7444.135)
Build info: version: '4.35.0', revision: '1c58e5028b'
System info: os.name: 'Windows 11', os.arch: 'amd64', os.version: '10.0', java.version: '17.0.12'
Driver info: org.openqa.selenium.chrome.ChromeDriver
Command: [03bb55a18aed957a0a200a363b061fa5, getAlertText {}]
Capabilities {acceptInsecureCerts: false, browserName: chrome, browserVersion: 142.0.7444.135, chrome: {chromedriverVersion: 142.0.7444.162 (c076baf266c..., userDataDir: C:\Users\Dell\AppData\Local...}, fedcm:accounts: true, goog:chromeOptions: {debuggerAddress: localhost:54499}, goog:processID: 11880, networkConnectionEnabled: false, pageLoadStrategy: normal, platformName: windows, proxy: Proxy(), se:cdp: ws://localhost:54499/devtoo..., se:cdpVersion: 142.0.7444.135, setWindowRect: true, strictFileInteractability: false, timeouts: {implicit: 0, pageLoad: 300000, script: 30000}, unhandledPromptBehavior: dismiss and notify, webauthn:extension:credBlob: true, webauthn:extension:largeBlob: true, webauthn:extension:minPinLength: true, webauthn:extension:prf: true, webauthn:virtualAuthenticators: true}
Session ID: 03bb55a18aed957a0a200a363b061fa5
11:33:57.998 [main] INFO  BaseTest.BaseClass - Logging to absolute path: C:\Users\Dell\git\repository\AutomationFramework
11:33:58.096 [main] INFO  BaseTest.BaseClass - Scrolled to bottom to find next page
11:33:58.500 [main] INFO  BaseTest.BaseClass - cliked on next button
11:33:59.162 [main] INFO  BaseTest.BaseClass - waited for element to locate
11:33:59.185 [main] INFO  BaseTest.BaseClass - Scrolled to desired product element
11:33:59.550 [main] INFO  BaseTest.BaseClass - clicked on desired product element
11:33:59.793 [main] ERROR BaseTest.BaseClass - Exception is: org.openqa.selenium.WebDriverException: target frame detached
  (failed to check if window was closed: disconnected: Unable to receive message from renderer)
  (Session info: chrome=142.0.7444.135)
Build info: version: '4.35.0', revision: '1c58e5028b'
System info: os.name: 'Windows 11', os.arch: 'amd64', os.version: '10.0', java.version: '17.0.12'
Driver info: org.openqa.selenium.chrome.ChromeDriver
Command: [2e4526ad70fd71ec1ae8c6ddcd1915d8, getAlertText {}]
Capabilities {acceptInsecureCerts: false, browserName: chrome, browserVersion: 142.0.7444.135, chrome: {chromedriverVersion: 142.0.7444.162 (c076baf266c..., userDataDir: C:\Users\Dell\AppData\Local...}, fedcm:accounts: true, goog:chromeOptions: {debuggerAddress: localhost:53318}, goog:processID: 34988, networkConnectionEnabled: false, pageLoadStrategy: normal, platformName: windows, proxy: Proxy(), se:cdp: ws://localhost:53318/devtoo..., se:cdpVersion: 142.0.7444.135, setWindowRect: true, strictFileInteractability: false, timeouts: {implicit: 0, pageLoad: 300000, script: 30000}, unhandledPromptBehavior: dismiss and notify, webauthn:extension:credBlob: true, webauthn:extension:largeBlob: true, webauthn:extension:minPinLength: true, webauthn:extension:prf: true, webauthn:virtualAuthenticators: true}
Session ID: 2e4526ad70fd71ec1ae8c6ddcd1915d8
11:34:02.672 [main] INFO  BaseTest.BaseClass - Logging to absolute path: C:\Users\Dell\git\repository\AutomationFramework
11:34:02.750 [main] INFO  BaseTest.BaseClass - Scrolled to bottom to find next page
11:34:03.182 [main] INFO  BaseTest.BaseClass - cliked on next button
11:34:03.789 [main] INFO  BaseTest.BaseClass - waited for element to locate
11:34:03.823 [main] INFO  BaseTest.BaseClass - Scrolled to desired product element
11:34:04.651 [main] INFO  BaseTest.BaseClass - clicked on desired product element
11:34:04.694 [main] ERROR BaseTest.BaseClass - Exception is: org.openqa.selenium.NoAlertPresentException: no such alert
  (Session info: chrome=142.0.7444.135)
Build info: version: '4.35.0', revision: '1c58e5028b'
System info: os.name: 'Windows 11', os.arch: 'amd64', os.version: '10.0', java.version: '17.0.12'
Driver info: org.openqa.selenium.chrome.ChromeDriver
Command: [d234272d5e573f4c0bd6bb11572823af, getAlertText {}]
Capabilities {acceptInsecureCerts: false, browserName: chrome, browserVersion: 142.0.7444.135, chrome: {chromedriverVersion: 142.0.7444.162 (c076baf266c..., userDataDir: C:\Users\Dell\AppData\Local...}, fedcm:accounts: true, goog:chromeOptions: {debuggerAddress: localhost:63397}, goog:processID: 16216, networkConnectionEnabled: false, pageLoadStrategy: normal, platformName: windows, proxy: Proxy(), se:cdp: ws://localhost:63397/devtoo..., se:cdpVersion: 142.0.7444.135, setWindowRect: true, strictFileInteractability: false, timeouts: {implicit: 0, pageLoad: 300000, script: 30000}, unhandledPromptBehavior: dismiss and notify, webauthn:extension:credBlob: true, webauthn:extension:largeBlob: true, webauthn:extension:minPinLength: true, webauthn:extension:prf: true, webauthn:virtualAuthenticators: true}
Session ID: d234272d5e573f4c0bd6bb11572823af
11:35:19.575 [main] INFO  BaseTest.BaseClass - Logging to absolute path: C:\Users\Dell\git\repository\AutomationFramework
11:35:19.980 [main] INFO  BaseTest.BaseClass - **starting logintest**
11:35:20.205 [main] INFO  BaseTest.BaseClass - Clicked on login_button
11:35:20.207 [main] INFO  BaseTest.BaseClass - ChromeDriver: chrome on windows (2905a7844cbeec85994a4830945e1236)
11:35:20.851 [main] INFO  BaseTest.BaseClass - explicit is working fine
11:35:20.883 [main] INFO  BaseTest.BaseClass - implicit and explicit time is set
11:35:20.903 [main] INFO  BaseTest.BaseClass - Log in
11:39:36.688 [main] INFO  BaseTest.BaseClass - Logging to absolute path: C:\Users\Dell\git\repository\AutomationFramework
11:39:37.260 [main] INFO  BaseTest.BaseClass - **starting logintest**
11:39:37.513 [main] INFO  BaseTest.BaseClass - Clicked on login_button
11:39:37.515 [main] INFO  BaseTest.BaseClass - ChromeDriver: chrome on windows (121052510c4e43129ea646a7f6d07294)
11:39:38.160 [main] INFO  BaseTest.BaseClass - explicit is working fine
11:39:38.175 [main] INFO  BaseTest.BaseClass - implicit and explicit time is set
11:39:38.200 [main] INFO  BaseTest.BaseClass - Log in
11:39:38.830 [main] INFO  BaseTest.BaseClass - login successful
11:39:38.830 [main] INFO  BaseTest.BaseClass - setting implicit wait
11:39:38.846 [main] INFO  BaseTest.BaseClass - finding element...
11:41:20.343 [main] INFO  BaseTest.BaseClass - Logging to absolute path: C:\Users\Dell\git\repository\AutomationFramework
11:41:20.739 [main] INFO  BaseTest.BaseClass - **starting logintest**
11:41:20.984 [main] INFO  BaseTest.BaseClass - Clicked on login_button
11:41:21.000 [main] INFO  BaseTest.BaseClass - ChromeDriver: chrome on windows (1d917ddabfe40d146fb2e11a59f6f74c)
11:41:21.248 [main] INFO  BaseTest.BaseClass - explicit is working fine
11:41:21.299 [main] INFO  BaseTest.BaseClass - implicit and explicit time is set
11:41:21.363 [main] INFO  BaseTest.BaseClass - Log in
11:45:30.892 [main] INFO  BaseTest.BaseClass - Logging to absolute path: C:\Users\Dell\git\repository\AutomationFramework
11:45:31.403 [main] INFO  BaseTest.BaseClass - **starting logintest**
11:45:31.870 [main] INFO  BaseTest.BaseClass - Clicked on login_button
11:45:31.874 [main] INFO  BaseTest.BaseClass - ChromeDriver: chrome on windows (0e626fe20e2a53626d1d1cdd5fc82d98)
11:45:32.559 [main] INFO  BaseTest.BaseClass - explicit is working fine
11:45:32.570 [main] INFO  BaseTest.BaseClass - implicit and explicit time is set
11:45:32.595 [main] INFO  BaseTest.BaseClass - Log in
11:46:59.422 [main] INFO  BaseTest.BaseClass - Logging to absolute path: C:\Users\Dell\git\repository\AutomationFramework
11:46:59.850 [main] INFO  BaseTest.BaseClass - **starting logintest**
11:47:00.000 [main] INFO  BaseTest.BaseClass - Clicked on login_button
11:47:00.003 [main] INFO  BaseTest.BaseClass - ChromeDriver: chrome on windows (b4e5bd31fcc1128ad7fb1effbd868d9e)
11:47:00.782 [main] INFO  BaseTest.BaseClass - explicit is working fine
11:47:00.795 [main] INFO  BaseTest.BaseClass - implicit and explicit time is set
11:47:00.815 [main] INFO  BaseTest.BaseClass - Log in
13:05:07.370 [main] INFO  BaseTest.BaseClass - Logging to absolute path: C:\Users\Dell\git\repository\AutomationFramework
13:05:07.773 [main] INFO  BaseTest.BaseClass - **starting logintest**
13:05:08.146 [main] INFO  BaseTest.BaseClass - Clicked on login_button
13:05:08.149 [main] INFO  BaseTest.BaseClass - ChromeDriver: chrome on windows (b3f518e6ad4ce85fdbec8dbee09b2d7c)
13:05:08.419 [main] INFO  BaseTest.BaseClass - explicit is working fine
13:05:08.471 [main] INFO  BaseTest.BaseClass - implicit and explicit time is set
13:05:08.556 [main] INFO  BaseTest.BaseClass - Log in
13:05:09.018 [main] INFO  BaseTest.BaseClass - login successful
13:05:09.019 [main] INFO  BaseTest.BaseClass - setting implicit wait
13:05:09.030 [main] INFO  BaseTest.BaseClass - finding element...
14:01:38.638 [main] INFO  BaseTest.BaseClass - Logging to absolute path: C:\ProgramData\Jenkins\.jenkins\workspace\AutomationFramework
14:01:38.839 [main] INFO  BaseTest.BaseClass - **starting logintest**
14:01:39.123 [main] INFO  BaseTest.BaseClass - Clicked on login_button
14:01:39.125 [main] INFO  BaseTest.BaseClass - ChromeDriver: chrome on windows (96aeb72c7647d9a776fafb9a54eb56d1)
14:01:39.750 [main] INFO  BaseTest.BaseClass - explicit is working fine
14:01:39.778 [main] INFO  BaseTest.BaseClass - implicit and explicit time is set
14:01:39.814 [main] INFO  BaseTest.BaseClass - Log in
14:01:40.367 [main] INFO  BaseTest.BaseClass - login successful
14:01:40.367 [main] INFO  BaseTest.BaseClass - setting implicit wait
14:01:40.367 [main] INFO  BaseTest.BaseClass - finding element...
14:01:44.792 [main] INFO  BaseTest.BaseClass - Logging to absolute path: C:\ProgramData\Jenkins\.jenkins\workspace\AutomationFramework
14:01:44.798 [main] INFO  BaseTest.BaseClass - **starting logintest**
14:01:44.984 [main] INFO  BaseTest.BaseClass - Clicked on login_button
14:01:44.984 [main] INFO  BaseTest.BaseClass - ChromeDriver: chrome on windows (d6162c2c4cf8052e1b609326ab13235d)
14:01:45.672 [main] INFO  BaseTest.BaseClass - explicit is working fine
14:01:45.694 [main] INFO  BaseTest.BaseClass - implicit and explicit time is set
14:01:45.728 [main] INFO  BaseTest.BaseClass - Log in
14:01:46.292 [main] INFO  BaseTest.BaseClass - login successful
14:01:46.292 [main] INFO  BaseTest.BaseClass - setting implicit wait
14:01:46.292 [main] INFO  BaseTest.BaseClass - finding element...
14:01:49.840 [main] INFO  BaseTest.BaseClass - Logging to absolute path: C:\ProgramData\Jenkins\.jenkins\workspace\AutomationFramework
14:01:49.848 [main] INFO  BaseTest.BaseClass - **starting logintest**
14:01:50.204 [main] INFO  BaseTest.BaseClass - Clicked on login_button
14:01:50.204 [main] INFO  BaseTest.BaseClass - ChromeDriver: chrome on windows (5a3a03dffc11c961d65d77af5bfe0c9f)
14:01:50.853 [main] INFO  BaseTest.BaseClass - explicit is working fine
14:01:50.869 [main] INFO  BaseTest.BaseClass - implicit and explicit time is set
14:01:50.905 [main] INFO  BaseTest.BaseClass - Log in
14:01:51.451 [main] INFO  BaseTest.BaseClass - login successful
14:01:51.451 [main] INFO  BaseTest.BaseClass - setting implicit wait
14:01:51.462 [main] INFO  BaseTest.BaseClass - finding element...
14:01:55.544 [main] INFO  BaseTest.BaseClass - Logging to absolute path: C:\ProgramData\Jenkins\.jenkins\workspace\AutomationFramework
14:01:55.552 [main] INFO  BaseTest.BaseClass - **starting logintest**
14:01:55.883 [main] INFO  BaseTest.BaseClass - Clicked on login_button
14:01:55.883 [main] INFO  BaseTest.BaseClass - ChromeDriver: chrome on windows (27d4b15e0fb27ccf4b1d883f9a77dfd6)
14:01:56.493 [main] INFO  BaseTest.BaseClass - explicit is working fine
14:01:56.503 [main] INFO  BaseTest.BaseClass - implicit and explicit time is set
14:01:56.544 [main] INFO  BaseTest.BaseClass - Log in
14:01:57.027 [main] INFO  BaseTest.BaseClass - login successful
14:01:57.029 [main] INFO  BaseTest.BaseClass - setting implicit wait
14:01:57.031 [main] INFO  BaseTest.BaseClass - finding element...
14:02:00.710 [main] INFO  BaseTest.BaseClass - Logging to absolute path: C:\ProgramData\Jenkins\.jenkins\workspace\AutomationFramework
14:02:00.720 [main] INFO  BaseTest.BaseClass - **starting logintest**
14:02:01.122 [main] INFO  BaseTest.BaseClass - Clicked on login_button
14:02:01.124 [main] INFO  BaseTest.BaseClass - ChromeDriver: chrome on windows (5dfa70876cf9961d5abe5f929df8be2d)
14:02:01.797 [main] INFO  BaseTest.BaseClass - explicit is working fine
14:02:01.822 [main] INFO  BaseTest.BaseClass - implicit and explicit time is set
14:02:01.874 [main] INFO  BaseTest.BaseClass - Log in
14:02:02.339 [main] INFO  BaseTest.BaseClass - login successful
14:02:02.339 [main] INFO  BaseTest.BaseClass - setting implicit wait
14:02:02.348 [main] INFO  BaseTest.BaseClass - finding element...
14:02:04.985 [main] INFO  BaseTest.BaseClass - Logging to absolute path: C:\ProgramData\Jenkins\.jenkins\workspace\AutomationFramework
14:02:04.991 [main] INFO  BaseTest.BaseClass - **starting logintest**
14:02:05.377 [main] INFO  BaseTest.BaseClass - Clicked on login_button
14:02:05.377 [main] INFO  BaseTest.BaseClass - ChromeDriver: chrome on windows (1552b2ee3d61b143fcf2131a7e79f1cf)
14:02:06.008 [main] INFO  BaseTest.BaseClass - explicit is working fine
14:02:06.046 [main] INFO  BaseTest.BaseClass - implicit and explicit time is set
14:02:06.106 [main] INFO  BaseTest.BaseClass - Log in
14:02:06.606 [main] INFO  BaseTest.BaseClass - login successful
14:02:06.606 [main] INFO  BaseTest.BaseClass - setting implicit wait
14:02:06.611 [main] INFO  BaseTest.BaseClass - finding element...
14:02:09.509 [main] INFO  BaseTest.BaseClass - Logging to absolute path: C:\ProgramData\Jenkins\.jenkins\workspace\AutomationFramework
14:02:09.518 [main] INFO  BaseTest.BaseClass - **starting logintest**
14:02:09.715 [main] INFO  BaseTest.BaseClass - Clicked on login_button
14:02:09.715 [main] INFO  BaseTest.BaseClass - ChromeDriver: chrome on windows (546eb23ccd168019536aab62e4eed654)
14:02:10.427 [main] INFO  BaseTest.BaseClass - explicit is working fine
14:02:10.446 [main] INFO  BaseTest.BaseClass - implicit and explicit time is set
14:02:10.479 [main] INFO  BaseTest.BaseClass - Log in
14:02:10.926 [main] INFO  BaseTest.BaseClass - login successful
14:02:10.926 [main] INFO  BaseTest.BaseClass - setting implicit wait
14:02:10.926 [main] INFO  BaseTest.BaseClass - finding element...
14:02:14.236 [main] INFO  BaseTest.BaseClass - Logging to absolute path: C:\ProgramData\Jenkins\.jenkins\workspace\AutomationFramework
14:02:14.242 [main] INFO  BaseTest.BaseClass - **starting logintest**
14:02:14.499 [main] INFO  BaseTest.BaseClass - Clicked on login_button
14:02:14.499 [main] INFO  BaseTest.BaseClass - ChromeDriver: chrome on windows (28a80d8d8a011ff875352894eeeb05c5)
14:02:15.149 [main] INFO  BaseTest.BaseClass - explicit is working fine
14:02:15.166 [main] INFO  BaseTest.BaseClass - implicit and explicit time is set
14:02:15.197 [main] INFO  BaseTest.BaseClass - Log in
14:02:15.630 [main] INFO  BaseTest.BaseClass - login successful
14:02:15.630 [main] INFO  BaseTest.BaseClass - setting implicit wait
14:02:15.636 [main] INFO  BaseTest.BaseClass - finding element...
14:02:18.809 [main] INFO  BaseTest.BaseClass - Logging to absolute path: C:\ProgramData\Jenkins\.jenkins\workspace\AutomationFramework
14:02:18.817 [main] INFO  BaseTest.BaseClass - **starting logintest**
14:02:19.157 [main] INFO  BaseTest.BaseClass - Clicked on login_button
14:02:19.157 [main] INFO  BaseTest.BaseClass - ChromeDriver: chrome on windows (d845821713e8902dd98978366ac001ac)
14:02:19.816 [main] INFO  BaseTest.BaseClass - explicit is working fine
14:02:19.841 [main] INFO  BaseTest.BaseClass - implicit and explicit time is set
14:02:19.881 [main] INFO  BaseTest.BaseClass - Log in
14:02:20.410 [main] INFO  BaseTest.BaseClass - login successful
14:02:20.410 [main] INFO  BaseTest.BaseClass - setting implicit wait
14:02:20.418 [main] INFO  BaseTest.BaseClass - finding element...
14:02:23.633 [main] INFO  BaseTest.BaseClass - Logging to absolute path: C:\ProgramData\Jenkins\.jenkins\workspace\AutomationFramework
14:02:23.638 [main] INFO  BaseTest.BaseClass - **starting logintest**
14:02:23.970 [main] INFO  BaseTest.BaseClass - Clicked on login_button
14:02:23.970 [main] INFO  BaseTest.BaseClass - ChromeDriver: chrome on windows (4e8b689fc9d8db1fbf6b94ae0cf2df37)
14:02:24.575 [main] INFO  BaseTest.BaseClass - explicit is working fine
14:02:24.591 [main] INFO  BaseTest.BaseClass - implicit and explicit time is set
14:02:24.616 [main] INFO  BaseTest.BaseClass - Log in
14:02:25.057 [main] INFO  BaseTest.BaseClass - login successful
14:02:25.057 [main] INFO  BaseTest.BaseClass - setting implicit wait
14:02:25.066 [main] INFO  BaseTest.BaseClass - finding element...
14:02:28.055 [main] INFO  BaseTest.BaseClass - Logging to absolute path: C:\ProgramData\Jenkins\.jenkins\workspace\AutomationFramework
14:02:28.075 [main] INFO  BaseTest.BaseClass - Scrolled to bottom to find next page
14:02:28.411 [main] INFO  BaseTest.BaseClass - cliked on next button
14:02:43.231 [main] INFO  BaseTest.BaseClass - Logging to absolute path: C:\ProgramData\Jenkins\.jenkins\workspace\AutomationFramework
14:02:43.280 [main] INFO  BaseTest.BaseClass - Scrolled to bottom to find next page
14:02:43.582 [main] INFO  BaseTest.BaseClass - cliked on next button
14:02:56.620 [main] INFO  BaseTest.BaseClass - Logging to absolute path: C:\ProgramData\Jenkins\.jenkins\workspace\AutomationFramework
14:02:56.642 [main] INFO  BaseTest.BaseClass - Scrolled to bottom to find next page
14:02:57.009 [main] INFO  BaseTest.BaseClass - cliked on next button
14:03:10.126 [main] INFO  BaseTest.BaseClass - Logging to absolute path: C:\ProgramData\Jenkins\.jenkins\workspace\AutomationFramework
14:03:10.147 [main] INFO  BaseTest.BaseClass - Scrolled to bottom to find next page
14:03:10.495 [main] INFO  BaseTest.BaseClass - cliked on next button
14:03:11.142 [main] INFO  BaseTest.BaseClass - waited for element to locate
14:03:11.180 [main] INFO  BaseTest.BaseClass - Scrolled to desired product element
14:03:11.954 [main] INFO  BaseTest.BaseClass - clicked on desired product element
14:03:12.009 [main] ERROR BaseTest.BaseClass - Exception is: org.openqa.selenium.NoAlertPresentException: no such alert
  (Session info: chrome=142.0.7444.176)
Build info: version: '4.35.0', revision: '1c58e5028b'
System info: os.name: 'Windows 11', os.arch: 'amd64', os.version: '10.0', java.version: '17.0.12'
Driver info: org.openqa.selenium.chrome.ChromeDriver
Command: [5e789135fa881304f3bf2f140059fe65, getAlertText {}]
Capabilities {acceptInsecureCerts: false, browserName: chrome, browserVersion: 142.0.7444.176, chrome: {chromedriverVersion: 142.0.7444.175 (302067f14a4..., userDataDir: C:\WINDOWS\SystemTemp\scope...}, fedcm:accounts: true, goog:chromeOptions: {debuggerAddress: localhost:58861}, goog:processID: 14540, networkConnectionEnabled: false, pageLoadStrategy: normal, platformName: windows, proxy: Proxy(), se:cdp: ws://localhost:58861/devtoo..., se:cdpVersion: 142.0.7444.176, setWindowRect: true, strictFileInteractability: false, timeouts: {implicit: 0, pageLoad: 300000, script: 30000}, unhandledPromptBehavior: dismiss and notify, webauthn:extension:credBlob: true, webauthn:extension:largeBlob: true, webauthn:extension:minPinLength: true, webauthn:extension:prf: true, webauthn:virtualAuthenticators: true}
Session ID: 5e789135fa881304f3bf2f140059fe65
14:03:23.348 [main] INFO  BaseTest.BaseClass - loading allure report....
10:14:03.948 [main] INFO  BaseTest.BaseClass - Logging to absolute path: C:\Users\Dell\git\repository\AutomationFramework
10:14:04.359 [main] INFO  BaseTest.BaseClass - **starting logintest**
10:14:04.525 [main] INFO  BaseTest.BaseClass - Clicked on login_button
10:14:04.525 [main] INFO  BaseTest.BaseClass - ChromeDriver: chrome on windows (a37117afb419bf72f2fb86adeeb5f2e5)
10:14:05.137 [main] INFO  BaseTest.BaseClass - explicit is working fine
10:14:05.142 [main] INFO  BaseTest.BaseClass - implicit and explicit time is set
10:14:05.174 [main] INFO  BaseTest.BaseClass - Log in
10:14:05.508 [main] INFO  BaseTest.BaseClass - login successful
10:14:05.510 [main] INFO  BaseTest.BaseClass - setting implicit wait
10:14:05.514 [main] INFO  BaseTest.BaseClass - finding element...
10:14:08.721 [main] INFO  BaseTest.BaseClass - Logging to absolute path: C:\Users\Dell\git\repository\AutomationFramework
10:14:08.734 [main] INFO  BaseTest.BaseClass - **starting logintest**
10:14:09.028 [main] INFO  BaseTest.BaseClass - Clicked on login_button
10:14:09.028 [main] INFO  BaseTest.BaseClass - ChromeDriver: chrome on windows (f913082ccd8f1fcb4581d2c15200394c)
10:14:09.612 [main] INFO  BaseTest.BaseClass - explicit is working fine
10:14:09.623 [main] INFO  BaseTest.BaseClass - implicit and explicit time is set
10:14:09.640 [main] INFO  BaseTest.BaseClass - Log in
10:14:10.032 [main] INFO  BaseTest.BaseClass - login successful
10:14:10.032 [main] INFO  BaseTest.BaseClass - setting implicit wait
10:14:10.037 [main] INFO  BaseTest.BaseClass - finding element...
10:14:12.958 [main] INFO  BaseTest.BaseClass - Logging to absolute path: C:\Users\Dell\git\repository\AutomationFramework
10:14:12.970 [main] INFO  BaseTest.BaseClass - **starting logintest**
10:14:13.219 [main] INFO  BaseTest.BaseClass - Clicked on login_button
10:14:13.219 [main] INFO  BaseTest.BaseClass - ChromeDriver: chrome on windows (72c13a590dd667f51ba29d5943052b89)
10:14:13.815 [main] INFO  BaseTest.BaseClass - explicit is working fine
10:14:13.827 [main] INFO  BaseTest.BaseClass - implicit and explicit time is set
10:14:13.841 [main] INFO  BaseTest.BaseClass - Log in
10:14:14.297 [main] INFO  BaseTest.BaseClass - login successful
10:14:14.297 [main] INFO  BaseTest.BaseClass - setting implicit wait
10:14:14.297 [main] INFO  BaseTest.BaseClass - finding element...
10:14:17.214 [main] INFO  BaseTest.BaseClass - Logging to absolute path: C:\Users\Dell\git\repository\AutomationFramework
10:14:17.232 [main] INFO  BaseTest.BaseClass - **starting logintest**
10:14:17.598 [main] INFO  BaseTest.BaseClass - Clicked on login_button
10:14:17.598 [main] INFO  BaseTest.BaseClass - ChromeDriver: chrome on windows (bdb5a4cc3bec8159acb88ae2efa500e2)
10:14:18.330 [main] INFO  BaseTest.BaseClass - explicit is working fine
10:14:18.345 [main] INFO  BaseTest.BaseClass - implicit and explicit time is set
10:14:18.373 [main] INFO  BaseTest.BaseClass - Log in
10:14:18.865 [main] INFO  BaseTest.BaseClass - login successful
10:14:18.865 [main] INFO  BaseTest.BaseClass - setting implicit wait
10:14:18.873 [main] INFO  BaseTest.BaseClass - finding element...
10:14:22.303 [main] INFO  BaseTest.BaseClass - Logging to absolute path: C:\Users\Dell\git\repository\AutomationFramework
10:14:22.321 [main] INFO  BaseTest.BaseClass - **starting logintest**
10:14:22.776 [main] INFO  BaseTest.BaseClass - Clicked on login_button
10:14:22.776 [main] INFO  BaseTest.BaseClass - ChromeDriver: chrome on windows (d0fa19d9b937719e7a4acbcaaf918f37)
10:14:23.402 [main] INFO  BaseTest.BaseClass - explicit is working fine
10:14:23.434 [main] INFO  BaseTest.BaseClass - implicit and explicit time is set
10:14:23.452 [main] INFO  BaseTest.BaseClass - Log in
10:14:23.972 [main] INFO  BaseTest.BaseClass - login successful
10:14:23.973 [main] INFO  BaseTest.BaseClass - setting implicit wait
10:14:23.977 [main] INFO  BaseTest.BaseClass - finding element...
10:14:26.764 [main] INFO  BaseTest.BaseClass - Logging to absolute path: C:\Users\Dell\git\repository\AutomationFramework
10:14:26.779 [main] INFO  BaseTest.BaseClass - **starting logintest**
10:14:27.223 [main] INFO  BaseTest.BaseClass - Clicked on login_button
10:14:27.223 [main] INFO  BaseTest.BaseClass - ChromeDriver: chrome on windows (4ade791562c7b9a98282885fb5c4eaf5)
10:14:27.825 [main] INFO  BaseTest.BaseClass - explicit is working fine
10:14:27.842 [main] INFO  BaseTest.BaseClass - implicit and explicit time is set
10:14:27.868 [main] INFO  BaseTest.BaseClass - Log in
10:14:28.268 [main] INFO  BaseTest.BaseClass - login successful
10:14:28.269 [main] INFO  BaseTest.BaseClass - setting implicit wait
10:14:28.271 [main] INFO  BaseTest.BaseClass - finding element...
10:14:31.152 [main] INFO  BaseTest.BaseClass - Logging to absolute path: C:\Users\Dell\git\repository\AutomationFramework
10:14:31.175 [main] INFO  BaseTest.BaseClass - **starting logintest**
10:14:31.556 [main] INFO  BaseTest.BaseClass - Clicked on login_button
10:14:31.556 [main] INFO  BaseTest.BaseClass - ChromeDriver: chrome on windows (c86b9bd08057e96492fb7d82d8c2f8ee)
10:14:32.180 [main] INFO  BaseTest.BaseClass - explicit is working fine
10:14:32.193 [main] INFO  BaseTest.BaseClass - implicit and explicit time is set
10:14:32.211 [main] INFO  BaseTest.BaseClass - Log in
10:14:32.592 [main] INFO  BaseTest.BaseClass - login successful
10:14:32.592 [main] INFO  BaseTest.BaseClass - setting implicit wait
10:14:32.594 [main] INFO  BaseTest.BaseClass - finding element...
10:14:35.250 [main] INFO  BaseTest.BaseClass - Logging to absolute path: C:\Users\Dell\git\repository\AutomationFramework
10:14:35.271 [main] INFO  BaseTest.BaseClass - **starting logintest**
10:14:35.688 [main] INFO  BaseTest.BaseClass - Clicked on login_button
10:14:35.690 [main] INFO  BaseTest.BaseClass - ChromeDriver: chrome on windows (4824a77700f5f3225a66896a840830be)
10:14:36.345 [main] INFO  BaseTest.BaseClass - explicit is working fine
10:14:36.358 [main] INFO  BaseTest.BaseClass - implicit and explicit time is set
10:14:36.383 [main] INFO  BaseTest.BaseClass - Log in
10:14:36.839 [main] INFO  BaseTest.BaseClass - login successful
10:14:36.839 [main] INFO  BaseTest.BaseClass - setting implicit wait
10:14:36.842 [main] INFO  BaseTest.BaseClass - finding element...
10:14:39.907 [main] INFO  BaseTest.BaseClass - Logging to absolute path: C:\Users\Dell\git\repository\AutomationFramework
10:14:39.919 [main] INFO  BaseTest.BaseClass - **starting logintest**
10:14:40.111 [main] INFO  BaseTest.BaseClass - Clicked on login_button
10:14:40.111 [main] INFO  BaseTest.BaseClass - ChromeDriver: chrome on windows (5d9902ed47a3523f27cd5224f4fbee78)
10:14:40.857 [main] INFO  BaseTest.BaseClass - explicit is working fine
10:14:40.887 [main] INFO  BaseTest.BaseClass - implicit and explicit time is set
10:14:40.940 [main] INFO  BaseTest.BaseClass - Log in
10:14:41.408 [main] INFO  BaseTest.BaseClass - login successful
10:14:41.408 [main] INFO  BaseTest.BaseClass - setting implicit wait
10:14:41.413 [main] INFO  BaseTest.BaseClass - finding element...
10:14:44.477 [main] INFO  BaseTest.BaseClass - Logging to absolute path: C:\Users\Dell\git\repository\AutomationFramework
10:14:44.488 [main] INFO  BaseTest.BaseClass - **starting logintest**
10:14:44.874 [main] INFO  BaseTest.BaseClass - Clicked on login_button
10:14:44.874 [main] INFO  BaseTest.BaseClass - ChromeDriver: chrome on windows (a1087fb6d39d2154d201318d21c18833)
10:14:45.501 [main] INFO  BaseTest.BaseClass - explicit is working fine
10:14:45.517 [main] INFO  BaseTest.BaseClass - implicit and explicit time is set
10:14:45.528 [main] INFO  BaseTest.BaseClass - Log in
10:14:45.951 [main] INFO  BaseTest.BaseClass - login successful
10:14:45.952 [main] INFO  BaseTest.BaseClass - setting implicit wait
10:14:45.955 [main] INFO  BaseTest.BaseClass - finding element...
10:14:49.410 [main] INFO  BaseTest.BaseClass - Logging to absolute path: C:\Users\Dell\git\repository\AutomationFramework
10:14:49.511 [main] INFO  BaseTest.BaseClass - Scrolled to bottom to find next page
10:14:49.798 [main] INFO  BaseTest.BaseClass - cliked on next button
10:14:50.356 [main] INFO  BaseTest.BaseClass - waited for element to locate
10:14:50.381 [main] INFO  BaseTest.BaseClass - Scrolled to desired product element
10:14:51.129 [main] INFO  BaseTest.BaseClass - clicked on desired product element
10:14:51.153 [main] ERROR BaseTest.BaseClass - Exception is: org.openqa.selenium.NoAlertPresentException: no such alert
  (Session info: chrome=142.0.7444.176)
Build info: version: '4.35.0', revision: '1c58e5028b'
System info: os.name: 'Windows 11', os.arch: 'amd64', os.version: '10.0', java.version: '17.0.12'
Driver info: org.openqa.selenium.chrome.ChromeDriver
Command: [765df026cda06f27be4ba956f22e4b8e, getAlertText {}]
Capabilities {acceptInsecureCerts: false, browserName: chrome, browserVersion: 142.0.7444.176, chrome: {chromedriverVersion: 142.0.7444.175 (302067f14a4..., userDataDir: C:\Users\Dell\AppData\Local...}, fedcm:accounts: true, goog:chromeOptions: {debuggerAddress: localhost:51517}, goog:processID: 22764, networkConnectionEnabled: false, pageLoadStrategy: normal, platformName: windows, proxy: Proxy(), se:cdp: ws://localhost:51517/devtoo..., se:cdpVersion: 142.0.7444.176, setWindowRect: true, strictFileInteractability: false, timeouts: {implicit: 0, pageLoad: 300000, script: 30000}, unhandledPromptBehavior: dismiss and notify, webauthn:extension:credBlob: true, webauthn:extension:largeBlob: true, webauthn:extension:minPinLength: true, webauthn:extension:prf: true, webauthn:virtualAuthenticators: true}
Session ID: 765df026cda06f27be4ba956f22e4b8e
10:15:04.239 [main] INFO  BaseTest.BaseClass - Logging to absolute path: C:\Users\Dell\git\repository\AutomationFramework
10:15:04.410 [main] INFO  BaseTest.BaseClass - Scrolled to bottom to find next page
10:15:04.647 [main] INFO  BaseTest.BaseClass - cliked on next button
10:15:17.030 [main] INFO  BaseTest.BaseClass - Logging to absolute path: C:\Users\Dell\git\repository\AutomationFramework
10:15:17.077 [main] INFO  BaseTest.BaseClass - Scrolled to bottom to find next page
10:15:17.280 [main] INFO  BaseTest.BaseClass - cliked on next button
10:15:29.821 [main] INFO  BaseTest.BaseClass - Logging to absolute path: C:\Users\Dell\git\repository\AutomationFramework
10:15:29.875 [main] INFO  BaseTest.BaseClass - Scrolled to bottom to find next page
10:15:30.071 [main] INFO  BaseTest.BaseClass - cliked on next button
10:15:40.699 [main] INFO  BaseTest.BaseClass - loading allure report....
09:41:16.406 [main] INFO  BaseTest.BaseClass - Logging to absolute path: C:\ProgramData\Jenkins\.jenkins\workspace\AutomationFramework
09:41:16.634 [main] INFO  BaseTest.BaseClass - **starting logintest**
09:41:16.863 [main] INFO  BaseTest.BaseClass - Clicked on login_button
09:41:16.866 [main] INFO  BaseTest.BaseClass - ChromeDriver: chrome on windows (8e2ee6c8758822c61ef0891842cec276)
09:41:17.487 [main] INFO  BaseTest.BaseClass - explicit is working fine
09:41:17.494 [main] INFO  BaseTest.BaseClass - implicit and explicit time is set
09:41:17.520 [main] INFO  BaseTest.BaseClass - Log in
09:41:18.088 [main] INFO  BaseTest.BaseClass - login successful
09:41:18.088 [main] INFO  BaseTest.BaseClass - setting implicit wait
09:41:18.094 [main] INFO  BaseTest.BaseClass - finding element...
09:41:22.341 [main] INFO  BaseTest.BaseClass - Logging to absolute path: C:\ProgramData\Jenkins\.jenkins\workspace\AutomationFramework
09:41:22.347 [main] INFO  BaseTest.BaseClass - **starting logintest**
09:41:22.619 [main] INFO  BaseTest.BaseClass - Clicked on login_button
09:41:22.619 [main] INFO  BaseTest.BaseClass - ChromeDriver: chrome on windows (86ab87ae89dbc210c1fe6f836c75c474)
09:41:23.236 [main] INFO  BaseTest.BaseClass - explicit is working fine
09:41:23.254 [main] INFO  BaseTest.BaseClass - implicit and explicit time is set
09:41:23.286 [main] INFO  BaseTest.BaseClass - Log in
09:41:23.808 [main] INFO  BaseTest.BaseClass - login successful
09:41:23.808 [main] INFO  BaseTest.BaseClass - setting implicit wait
09:41:23.819 [main] INFO  BaseTest.BaseClass - finding element...
09:41:28.070 [main] INFO  BaseTest.BaseClass - Logging to absolute path: C:\ProgramData\Jenkins\.jenkins\workspace\AutomationFramework
09:41:28.079 [main] INFO  BaseTest.BaseClass - **starting logintest**
09:41:28.345 [main] INFO  BaseTest.BaseClass - Clicked on login_button
09:41:28.346 [main] INFO  BaseTest.BaseClass - ChromeDriver: chrome on windows (a3db60797482324c8751266c45d3c980)
09:41:28.966 [main] INFO  BaseTest.BaseClass - explicit is working fine
09:41:29.002 [main] INFO  BaseTest.BaseClass - implicit and explicit time is set
09:41:29.044 [main] INFO  BaseTest.BaseClass - Log in
09:41:29.450 [main] INFO  BaseTest.BaseClass - login successful
09:41:29.450 [main] INFO  BaseTest.BaseClass - setting implicit wait
09:41:29.450 [main] INFO  BaseTest.BaseClass - finding element...
09:41:33.509 [main] INFO  BaseTest.BaseClass - Logging to absolute path: C:\ProgramData\Jenkins\.jenkins\workspace\AutomationFramework
09:41:33.517 [main] INFO  BaseTest.BaseClass - **starting logintest**
09:41:33.864 [main] INFO  BaseTest.BaseClass - Clicked on login_button
09:41:33.864 [main] INFO  BaseTest.BaseClass - ChromeDriver: chrome on windows (93c6b812828ce38a0a3f5b619bc0c64a)
09:41:34.542 [main] INFO  BaseTest.BaseClass - explicit is working fine
09:41:34.566 [main] INFO  BaseTest.BaseClass - implicit and explicit time is set
09:41:34.626 [main] INFO  BaseTest.BaseClass - Log in
09:41:35.125 [main] INFO  BaseTest.BaseClass - login successful
09:41:35.125 [main] INFO  BaseTest.BaseClass - setting implicit wait
09:41:35.133 [main] INFO  BaseTest.BaseClass - finding element...
09:41:39.303 [main] INFO  BaseTest.BaseClass - Logging to absolute path: C:\ProgramData\Jenkins\.jenkins\workspace\AutomationFramework
09:41:39.314 [main] INFO  BaseTest.BaseClass - **starting logintest**
09:41:39.616 [main] INFO  BaseTest.BaseClass - Clicked on login_button
09:41:39.617 [main] INFO  BaseTest.BaseClass - ChromeDriver: chrome on windows (45c9ddba99bdc2ceee7a8ca10ac026c8)
09:41:40.253 [main] INFO  BaseTest.BaseClass - explicit is working fine
09:41:40.270 [main] INFO  BaseTest.BaseClass - implicit and explicit time is set
09:41:40.289 [main] INFO  BaseTest.BaseClass - Log in
09:41:40.812 [main] INFO  BaseTest.BaseClass - login successful
09:41:40.812 [main] INFO  BaseTest.BaseClass - setting implicit wait
09:41:40.818 [main] INFO  BaseTest.BaseClass - finding element...
09:41:43.889 [main] INFO  BaseTest.BaseClass - Logging to absolute path: C:\ProgramData\Jenkins\.jenkins\workspace\AutomationFramework
09:41:43.889 [main] INFO  BaseTest.BaseClass - **starting logintest**
09:41:44.083 [main] INFO  BaseTest.BaseClass - Clicked on login_button
09:41:44.083 [main] INFO  BaseTest.BaseClass - ChromeDriver: chrome on windows (491e7cbbe539a5e4795b2fc841b91ffd)
09:41:44.796 [main] INFO  BaseTest.BaseClass - explicit is working fine
09:41:44.824 [main] INFO  BaseTest.BaseClass - implicit and explicit time is set
09:41:44.862 [main] INFO  BaseTest.BaseClass - Log in
09:41:45.321 [main] INFO  BaseTest.BaseClass - login successful
09:41:45.321 [main] INFO  BaseTest.BaseClass - setting implicit wait
09:41:45.323 [main] INFO  BaseTest.BaseClass - finding element...
09:41:48.123 [main] INFO  BaseTest.BaseClass - Logging to absolute path: C:\ProgramData\Jenkins\.jenkins\workspace\AutomationFramework
09:41:48.131 [main] INFO  BaseTest.BaseClass - **starting logintest**
09:41:48.459 [main] INFO  BaseTest.BaseClass - Clicked on login_button
09:41:48.459 [main] INFO  BaseTest.BaseClass - ChromeDriver: chrome on windows (a7b248b3be65b30aab76735cf040f35b)
09:41:49.083 [main] INFO  BaseTest.BaseClass - explicit is working fine
09:41:49.116 [main] INFO  BaseTest.BaseClass - implicit and explicit time is set
09:41:49.166 [main] INFO  BaseTest.BaseClass - Log in
09:41:49.605 [main] INFO  BaseTest.BaseClass - login successful
09:41:49.605 [main] INFO  BaseTest.BaseClass - setting implicit wait
09:41:49.610 [main] INFO  BaseTest.BaseClass - finding element...
09:41:52.339 [main] INFO  BaseTest.BaseClass - Logging to absolute path: C:\ProgramData\Jenkins\.jenkins\workspace\AutomationFramework
09:41:52.345 [main] INFO  BaseTest.BaseClass - **starting logintest**
09:41:52.620 [main] INFO  BaseTest.BaseClass - Clicked on login_button
09:41:52.620 [main] INFO  BaseTest.BaseClass - ChromeDriver: chrome on windows (90ad1ea5d31c1f02cca2a6458b8748c4)
09:41:53.282 [main] INFO  BaseTest.BaseClass - explicit is working fine
09:41:53.307 [main] INFO  BaseTest.BaseClass - implicit and explicit time is set
09:41:53.356 [main] INFO  BaseTest.BaseClass - Log in
09:41:53.800 [main] INFO  BaseTest.BaseClass - login successful
09:41:53.800 [main] INFO  BaseTest.BaseClass - setting implicit wait
09:41:53.802 [main] INFO  BaseTest.BaseClass - finding element...
09:41:56.549 [main] INFO  BaseTest.BaseClass - Logging to absolute path: C:\ProgramData\Jenkins\.jenkins\workspace\AutomationFramework
09:41:56.557 [main] INFO  BaseTest.BaseClass - **starting logintest**
09:41:56.774 [main] INFO  BaseTest.BaseClass - Clicked on login_button
09:41:56.774 [main] INFO  BaseTest.BaseClass - ChromeDriver: chrome on windows (e4cdd8d5111b0b6bfedfc2e4f4ce0e94)
09:41:57.392 [main] INFO  BaseTest.BaseClass - explicit is working fine
09:41:57.417 [main] INFO  BaseTest.BaseClass - implicit and explicit time is set
09:41:57.447 [main] INFO  BaseTest.BaseClass - Log in
09:41:57.893 [main] INFO  BaseTest.BaseClass - login successful
09:41:57.893 [main] INFO  BaseTest.BaseClass - setting implicit wait
09:41:57.901 [main] INFO  BaseTest.BaseClass - finding element...
09:42:00.974 [main] INFO  BaseTest.BaseClass - Logging to absolute path: C:\ProgramData\Jenkins\.jenkins\workspace\AutomationFramework
09:42:00.982 [main] INFO  BaseTest.BaseClass - **starting logintest**
09:42:01.270 [main] INFO  BaseTest.BaseClass - Clicked on login_button
09:42:01.271 [main] INFO  BaseTest.BaseClass - ChromeDriver: chrome on windows (b9693c4f09b969a20078a8ab2bbd35e2)
09:42:01.908 [main] INFO  BaseTest.BaseClass - explicit is working fine
09:42:01.964 [main] INFO  BaseTest.BaseClass - implicit and explicit time is set
09:42:02.014 [main] INFO  BaseTest.BaseClass - Log in
09:42:02.458 [main] INFO  BaseTest.BaseClass - login successful
09:42:02.458 [main] INFO  BaseTest.BaseClass - setting implicit wait
09:42:02.467 [main] INFO  BaseTest.BaseClass - finding element...
09:42:05.616 [main] INFO  BaseTest.BaseClass - Logging to absolute path: C:\ProgramData\Jenkins\.jenkins\workspace\AutomationFramework
09:42:05.642 [main] INFO  BaseTest.BaseClass - Scrolled to bottom to find next page
09:42:05.989 [main] INFO  BaseTest.BaseClass - cliked on next button
09:42:19.084 [main] INFO  BaseTest.BaseClass - Logging to absolute path: C:\ProgramData\Jenkins\.jenkins\workspace\AutomationFramework
09:42:19.224 [main] INFO  BaseTest.BaseClass - Scrolled to bottom to find next page
09:42:19.495 [main] INFO  BaseTest.BaseClass - cliked on next button
09:42:32.666 [main] INFO  BaseTest.BaseClass - Logging to absolute path: C:\ProgramData\Jenkins\.jenkins\workspace\AutomationFramework
09:42:32.789 [main] INFO  BaseTest.BaseClass - Scrolled to bottom to find next page
09:42:33.146 [main] INFO  BaseTest.BaseClass - cliked on next button
09:42:46.490 [main] INFO  BaseTest.BaseClass - Logging to absolute path: C:\ProgramData\Jenkins\.jenkins\workspace\AutomationFramework
09:42:46.583 [main] INFO  BaseTest.BaseClass - Scrolled to bottom to find next page
09:42:46.838 [main] INFO  BaseTest.BaseClass - cliked on next button
09:42:59.127 [main] INFO  BaseTest.BaseClass - loading allure report....
23:10:10.951 [main] INFO  BaseTest.BaseClass - Logging to absolute path: C:\Users\Dell\git\repository\AutomationFramework
23:10:11.286 [main] INFO  BaseTest.BaseClass - **starting logintest**
23:10:11.406 [main] INFO  BaseTest.BaseClass - Clicked on login_button
23:10:11.407 [main] INFO  BaseTest.BaseClass - RemoteWebDriver: chrome on Windows 11 (b7269a4655bca55b92e3313d39ec0a32)
23:10:12.075 [main] INFO  BaseTest.BaseClass - explicit is working fine
23:10:12.093 [main] INFO  BaseTest.BaseClass - implicit and explicit time is set
23:10:12.121 [main] INFO  BaseTest.BaseClass - Log in
23:10:12.562 [main] INFO  BaseTest.BaseClass - login successful
23:10:12.562 [main] INFO  BaseTest.BaseClass - setting implicit wait
23:10:12.577 [main] INFO  BaseTest.BaseClass - finding element...
23:10:16.479 [main] INFO  BaseTest.BaseClass - Logging to absolute path: C:\Users\Dell\git\repository\AutomationFramework
23:10:16.521 [main] INFO  BaseTest.BaseClass - **starting logintest**
23:10:16.761 [main] INFO  BaseTest.BaseClass - Clicked on login_button
23:10:16.761 [main] INFO  BaseTest.BaseClass - RemoteWebDriver: chrome on Windows 11 (42c940ba5fc161948b56f5f4473cce35)
23:10:17.427 [main] INFO  BaseTest.BaseClass - explicit is working fine
23:10:17.440 [main] INFO  BaseTest.BaseClass - implicit and explicit time is set
23:10:17.483 [main] INFO  BaseTest.BaseClass - Log in
23:10:17.886 [main] INFO  BaseTest.BaseClass - login successful
23:10:17.886 [main] INFO  BaseTest.BaseClass - setting implicit wait
23:10:17.894 [main] INFO  BaseTest.BaseClass - finding element...
23:10:21.182 [main] INFO  BaseTest.BaseClass - Logging to absolute path: C:\Users\Dell\git\repository\AutomationFramework
23:10:21.205 [main] INFO  BaseTest.BaseClass - **starting logintest**
23:10:21.419 [main] INFO  BaseTest.BaseClass - Clicked on login_button
23:10:21.420 [main] INFO  BaseTest.BaseClass - RemoteWebDriver: chrome on Windows 11 (4b361e281c1a93e2529671684f5a4c83)
23:10:22.057 [main] INFO  BaseTest.BaseClass - explicit is working fine
23:10:22.072 [main] INFO  BaseTest.BaseClass - implicit and explicit time is set
23:10:22.094 [main] INFO  BaseTest.BaseClass - Log in
23:10:22.456 [main] INFO  BaseTest.BaseClass - login successful
23:10:22.456 [main] INFO  BaseTest.BaseClass - setting implicit wait
23:10:22.470 [main] INFO  BaseTest.BaseClass - finding element...
23:10:25.490 [main] INFO  BaseTest.BaseClass - Logging to absolute path: C:\Users\Dell\git\repository\AutomationFramework
23:10:25.525 [main] INFO  BaseTest.BaseClass - **starting logintest**
23:10:25.938 [main] INFO  BaseTest.BaseClass - Clicked on login_button
23:10:25.938 [main] INFO  BaseTest.BaseClass - RemoteWebDriver: chrome on Windows 11 (38e07d9df139ab3b5408f2fc43155eb3)
23:10:26.549 [main] INFO  BaseTest.BaseClass - explicit is working fine
23:10:26.570 [main] INFO  BaseTest.BaseClass - implicit and explicit time is set
23:10:26.589 [main] INFO  BaseTest.BaseClass - Log in
23:10:26.906 [main] INFO  BaseTest.BaseClass - login successful
23:10:26.906 [main] INFO  BaseTest.BaseClass - setting implicit wait
23:10:26.920 [main] INFO  BaseTest.BaseClass - finding element...
23:10:27.626 [main] INFO  BaseTest.BaseClass - loading allure report....
23:11:26.568 [main] INFO  BaseTest.BaseClass - Logging to absolute path: C:\Users\Dell\git\repository\AutomationFramework
23:11:26.971 [main] INFO  BaseTest.BaseClass - **starting logintest**
23:11:27.200 [main] INFO  BaseTest.BaseClass - Clicked on login_button
23:11:27.201 [main] INFO  BaseTest.BaseClass - RemoteWebDriver: chrome on Windows 11 (bcf82d3bf6c002ac3f929131a417f49e)
23:11:27.630 [main] INFO  BaseTest.BaseClass - explicit is working fine
23:11:27.704 [main] INFO  BaseTest.BaseClass - implicit and explicit time is set
23:11:27.748 [main] INFO  BaseTest.BaseClass - Log in
23:11:28.187 [main] INFO  BaseTest.BaseClass - login successful
23:11:28.187 [main] INFO  BaseTest.BaseClass - setting implicit wait
23:11:28.199 [main] INFO  BaseTest.BaseClass - finding element...
23:11:32.568 [main] INFO  BaseTest.BaseClass - Logging to absolute path: C:\Users\Dell\git\repository\AutomationFramework
23:11:32.602 [main] INFO  BaseTest.BaseClass - **starting logintest**
23:11:32.899 [main] INFO  BaseTest.BaseClass - Clicked on login_button
23:11:32.900 [main] INFO  BaseTest.BaseClass - RemoteWebDriver: chrome on Windows 11 (8041d207e15b8faafa60d9f842c89990)
23:11:33.514 [main] INFO  BaseTest.BaseClass - explicit is working fine
23:11:33.528 [main] INFO  BaseTest.BaseClass - implicit and explicit time is set
23:11:33.547 [main] INFO  BaseTest.BaseClass - Log in
23:11:33.925 [main] INFO  BaseTest.BaseClass - login successful
23:11:33.925 [main] INFO  BaseTest.BaseClass - setting implicit wait
23:11:33.932 [main] INFO  BaseTest.BaseClass - finding element...
23:11:37.887 [main] INFO  BaseTest.BaseClass - Logging to absolute path: C:\Users\Dell\git\repository\AutomationFramework
23:11:37.899 [main] INFO  BaseTest.BaseClass - **starting logintest**
23:11:38.114 [main] INFO  BaseTest.BaseClass - Clicked on login_button
23:11:38.114 [main] INFO  BaseTest.BaseClass - RemoteWebDriver: chrome on Windows 11 (e08f879eb2bf613c82da172b13c906d2)
23:11:38.768 [main] INFO  BaseTest.BaseClass - explicit is working fine
23:11:38.783 [main] INFO  BaseTest.BaseClass - implicit and explicit time is set
23:11:38.810 [main] INFO  BaseTest.BaseClass - Log in
23:11:39.132 [main] INFO  BaseTest.BaseClass - login successful
23:11:39.132 [main] INFO  BaseTest.BaseClass - setting implicit wait
23:11:39.150 [main] INFO  BaseTest.BaseClass - finding element...
23:11:42.046 [main] INFO  BaseTest.BaseClass - Logging to absolute path: C:\Users\Dell\git\repository\AutomationFramework
23:11:42.077 [main] INFO  BaseTest.BaseClass - **starting logintest**
23:11:42.391 [main] INFO  BaseTest.BaseClass - Clicked on login_button
23:11:42.392 [main] INFO  BaseTest.BaseClass - RemoteWebDriver: chrome on Windows 11 (656138df8b3bc65721e69944708c2b37)
23:11:43.094 [main] INFO  BaseTest.BaseClass - explicit is working fine
23:11:43.110 [main] INFO  BaseTest.BaseClass - implicit and explicit time is set
23:11:43.146 [main] INFO  BaseTest.BaseClass - Log in
23:11:43.445 [main] INFO  BaseTest.BaseClass - login successful
23:11:43.445 [main] INFO  BaseTest.BaseClass - setting implicit wait
23:11:43.462 [main] INFO  BaseTest.BaseClass - finding element...
23:11:44.136 [main] INFO  BaseTest.BaseClass - loading allure report....
23:15:17.117 [main] INFO  BaseTest.BaseClass - Logging to absolute path: C:\Users\Dell\git\repository\AutomationFramework
23:15:17.358 [main] INFO  BaseTest.BaseClass - **starting logintest**
23:15:17.613 [main] INFO  BaseTest.BaseClass - Clicked on login_button
23:15:17.620 [main] INFO  BaseTest.BaseClass - RemoteWebDriver: chrome on Windows 11 (ddf91a77a807d1248681eaa716ae0b69)
23:15:18.306 [main] INFO  BaseTest.BaseClass - explicit is working fine
23:15:18.331 [main] INFO  BaseTest.BaseClass - implicit and explicit time is set
23:15:18.362 [main] INFO  BaseTest.BaseClass - Log in
23:15:19.048 [main] INFO  BaseTest.BaseClass - login successful
23:15:19.050 [main] INFO  BaseTest.BaseClass - setting implicit wait
23:15:19.083 [main] INFO  BaseTest.BaseClass - finding element...
23:15:22.397 [main] INFO  BaseTest.BaseClass - Logging to absolute path: C:\Users\Dell\git\repository\AutomationFramework
23:15:22.399 [main] INFO  BaseTest.BaseClass - **starting logintest**
23:15:22.659 [main] INFO  BaseTest.BaseClass - Clicked on login_button
23:15:22.659 [main] INFO  BaseTest.BaseClass - RemoteWebDriver: chrome on Windows 11 (a9c81d83fd4516698de10b438213b858)
23:15:23.286 [main] INFO  BaseTest.BaseClass - explicit is working fine
23:15:23.298 [main] INFO  BaseTest.BaseClass - implicit and explicit time is set
23:15:23.332 [main] INFO  BaseTest.BaseClass - Log in
23:15:23.872 [main] INFO  BaseTest.BaseClass - login successful
23:15:23.873 [main] INFO  BaseTest.BaseClass - setting implicit wait
23:15:23.892 [main] INFO  BaseTest.BaseClass - finding element...
23:15:26.718 [main] INFO  BaseTest.BaseClass - Logging to absolute path: C:\Users\Dell\git\repository\AutomationFramework
23:15:26.740 [main] INFO  BaseTest.BaseClass - **starting logintest**
23:15:27.001 [main] INFO  BaseTest.BaseClass - Clicked on login_button
23:15:27.001 [main] INFO  BaseTest.BaseClass - RemoteWebDriver: chrome on Windows 11 (fe626077f55751ce9dec8c4695322e5b)
23:15:27.639 [main] INFO  BaseTest.BaseClass - explicit is working fine
23:15:27.662 [main] INFO  BaseTest.BaseClass - implicit and explicit time is set
23:15:27.703 [main] INFO  BaseTest.BaseClass - Log in
23:15:28.087 [main] INFO  BaseTest.BaseClass - login successful
23:15:28.087 [main] INFO  BaseTest.BaseClass - setting implicit wait
23:15:28.097 [main] INFO  BaseTest.BaseClass - finding element...
23:15:30.662 [main] INFO  BaseTest.BaseClass - Logging to absolute path: C:\Users\Dell\git\repository\AutomationFramework
23:15:30.676 [main] INFO  BaseTest.BaseClass - **starting logintest**
23:15:30.886 [main] INFO  BaseTest.BaseClass - Clicked on login_button
23:15:30.886 [main] INFO  BaseTest.BaseClass - RemoteWebDriver: chrome on Windows 11 (1c041a1a35e3267227fb76aae3e08a7b)
23:15:31.489 [main] INFO  BaseTest.BaseClass - explicit is working fine
23:15:31.517 [main] INFO  BaseTest.BaseClass - implicit and explicit time is set
23:15:31.549 [main] INFO  BaseTest.BaseClass - Log in
23:15:31.999 [main] INFO  BaseTest.BaseClass - login successful
23:15:31.999 [main] INFO  BaseTest.BaseClass - setting implicit wait
23:15:32.006 [main] INFO  BaseTest.BaseClass - finding element...
23:15:32.528 [main] INFO  BaseTest.BaseClass - loading allure report....
00:00:20.766 [main] INFO  BaseTest.BaseClass - Logging to absolute path: C:\Users\Dell\git\repository\AutomationFramework
00:00:20.886 [main] INFO  BaseTest.BaseClass - **starting logintest**
00:00:21.058 [main] INFO  BaseTest.BaseClass - Clicked on login_button
00:00:21.059 [main] INFO  BaseTest.BaseClass - RemoteWebDriver: chrome on Windows 11 (bd3a0a050de2f6c73b0c9e46fb35420b)
00:00:21.669 [main] INFO  BaseTest.BaseClass - explicit is working fine
00:00:21.682 [main] INFO  BaseTest.BaseClass - implicit and explicit time is set
00:00:21.702 [main] INFO  BaseTest.BaseClass - Log in
00:00:22.032 [main] INFO  BaseTest.BaseClass - login successful
00:00:22.032 [main] INFO  BaseTest.BaseClass - setting implicit wait
00:00:22.039 [main] INFO  BaseTest.BaseClass - finding element...
00:00:24.988 [main] INFO  BaseTest.BaseClass - Logging to absolute path: C:\Users\Dell\git\repository\AutomationFramework
00:00:24.995 [main] INFO  BaseTest.BaseClass - **starting logintest**
00:00:25.144 [main] INFO  BaseTest.BaseClass - Clicked on login_button
00:00:25.144 [main] INFO  BaseTest.BaseClass - RemoteWebDriver: chrome on Windows 11 (31a405f7000574066bee993cd71abea4)
00:00:25.732 [main] INFO  BaseTest.BaseClass - explicit is working fine
00:00:25.749 [main] INFO  BaseTest.BaseClass - implicit and explicit time is set
00:00:25.770 [main] INFO  BaseTest.BaseClass - Log in
00:00:26.118 [main] INFO  BaseTest.BaseClass - login successful
00:00:26.118 [main] INFO  BaseTest.BaseClass - setting implicit wait
00:00:26.125 [main] INFO  BaseTest.BaseClass - finding element...
00:00:28.940 [main] INFO  BaseTest.BaseClass - Logging to absolute path: C:\Users\Dell\git\repository\AutomationFramework
00:00:28.944 [main] INFO  BaseTest.BaseClass - **starting logintest**
00:00:29.109 [main] INFO  BaseTest.BaseClass - Clicked on login_button
00:00:29.109 [main] INFO  BaseTest.BaseClass - RemoteWebDriver: chrome on Windows 11 (c11628037b4076ed412bc5166ea7462e)
00:00:29.729 [main] INFO  BaseTest.BaseClass - explicit is working fine
00:00:29.752 [main] INFO  BaseTest.BaseClass - implicit and explicit time is set
00:00:29.792 [main] INFO  BaseTest.BaseClass - Log in
00:00:30.217 [main] INFO  BaseTest.BaseClass - login successful
00:00:30.218 [main] INFO  BaseTest.BaseClass - setting implicit wait
00:00:30.226 [main] INFO  BaseTest.BaseClass - finding element...
00:00:33.152 [main] INFO  BaseTest.BaseClass - Logging to absolute path: C:\Users\Dell\git\repository\AutomationFramework
00:00:33.161 [main] INFO  BaseTest.BaseClass - **starting logintest**
00:00:33.352 [main] INFO  BaseTest.BaseClass - Clicked on login_button
00:00:33.352 [main] INFO  BaseTest.BaseClass - RemoteWebDriver: chrome on Windows 11 (7d70ce95d50db6b7c89e93600546668b)
00:00:33.966 [main] INFO  BaseTest.BaseClass - explicit is working fine
00:00:33.989 [main] INFO  BaseTest.BaseClass - implicit and explicit time is set
00:00:34.011 [main] INFO  BaseTest.BaseClass - Log in
00:00:34.339 [main] INFO  BaseTest.BaseClass - login successful
00:00:34.339 [main] INFO  BaseTest.BaseClass - setting implicit wait
00:00:34.346 [main] INFO  BaseTest.BaseClass - finding element...
00:00:37.230 [main] INFO  BaseTest.BaseClass - Logging to absolute path: C:\Users\Dell\git\repository\AutomationFramework
00:00:37.239 [main] INFO  BaseTest.BaseClass - **starting logintest**
00:00:37.472 [main] INFO  BaseTest.BaseClass - Clicked on login_button
00:00:37.473 [main] INFO  BaseTest.BaseClass - RemoteWebDriver: chrome on Windows 11 (67150e580779472e9de9923c42d0e8ac)
00:00:38.060 [main] INFO  BaseTest.BaseClass - explicit is working fine
00:00:38.078 [main] INFO  BaseTest.BaseClass - implicit and explicit time is set
00:00:38.104 [main] INFO  BaseTest.BaseClass - Log in
00:00:38.579 [main] INFO  BaseTest.BaseClass - login successful
00:00:38.579 [main] INFO  BaseTest.BaseClass - setting implicit wait
00:00:38.599 [main] INFO  BaseTest.BaseClass - finding element...
00:00:40.963 [main] INFO  BaseTest.BaseClass - Logging to absolute path: C:\Users\Dell\git\repository\AutomationFramework
00:00:40.971 [main] INFO  BaseTest.BaseClass - **starting logintest**
00:00:41.171 [main] INFO  BaseTest.BaseClass - Clicked on login_button
00:00:41.171 [main] INFO  BaseTest.BaseClass - RemoteWebDriver: chrome on Windows 11 (ef13125804684356d866861f36b9596f)
00:00:41.761 [main] INFO  BaseTest.BaseClass - explicit is working fine
00:00:41.778 [main] INFO  BaseTest.BaseClass - implicit and explicit time is set
00:00:41.807 [main] INFO  BaseTest.BaseClass - Log in
00:00:43.130 [main] INFO  BaseTest.BaseClass - login successful
00:00:43.130 [main] INFO  BaseTest.BaseClass - setting implicit wait
00:00:43.187 [main] INFO  BaseTest.BaseClass - finding element...
00:00:46.836 [main] INFO  BaseTest.BaseClass - Logging to absolute path: C:\Users\Dell\git\repository\AutomationFramework
00:00:46.847 [main] INFO  BaseTest.BaseClass - **starting logintest**
00:00:47.046 [main] INFO  BaseTest.BaseClass - Clicked on login_button
00:00:47.046 [main] INFO  BaseTest.BaseClass - RemoteWebDriver: chrome on Windows 11 (016c8b668a2a053caaddf961f93b6e86)
00:00:47.719 [main] INFO  BaseTest.BaseClass - explicit is working fine
00:00:47.751 [main] INFO  BaseTest.BaseClass - implicit and explicit time is set
00:00:47.818 [main] INFO  BaseTest.BaseClass - Log in
00:00:48.260 [main] INFO  BaseTest.BaseClass - login successful
00:00:48.261 [main] INFO  BaseTest.BaseClass - setting implicit wait
00:00:48.267 [main] INFO  BaseTest.BaseClass - finding element...
00:00:50.933 [main] INFO  BaseTest.BaseClass - Logging to absolute path: C:\Users\Dell\git\repository\AutomationFramework
00:00:50.948 [main] INFO  BaseTest.BaseClass - **starting logintest**
00:00:51.184 [main] INFO  BaseTest.BaseClass - Clicked on login_button
00:00:51.184 [main] INFO  BaseTest.BaseClass - RemoteWebDriver: chrome on Windows 11 (deee8c434267309f3270db2762caba52)
00:00:51.779 [main] INFO  BaseTest.BaseClass - explicit is working fine
00:00:51.796 [main] INFO  BaseTest.BaseClass - implicit and explicit time is set
00:00:51.827 [main] INFO  BaseTest.BaseClass - Log in
00:00:52.197 [main] INFO  BaseTest.BaseClass - login successful
00:00:52.197 [main] INFO  BaseTest.BaseClass - setting implicit wait
00:00:52.198 [main] INFO  BaseTest.BaseClass - finding element...
00:00:55.211 [main] INFO  BaseTest.BaseClass - Logging to absolute path: C:\Users\Dell\git\repository\AutomationFramework
00:00:55.217 [main] INFO  BaseTest.BaseClass - **starting logintest**
00:00:55.430 [main] INFO  BaseTest.BaseClass - Clicked on login_button
00:00:55.430 [main] INFO  BaseTest.BaseClass - RemoteWebDriver: chrome on Windows 11 (3ce4a0dc904c3b2708ec6937b9bcf28c)
00:00:56.030 [main] INFO  BaseTest.BaseClass - explicit is working fine
00:00:56.047 [main] INFO  BaseTest.BaseClass - implicit and explicit time is set
00:00:56.074 [main] INFO  BaseTest.BaseClass - Log in
00:00:56.431 [main] INFO  BaseTest.BaseClass - login successful
00:00:56.431 [main] INFO  BaseTest.BaseClass - setting implicit wait
00:00:56.437 [main] INFO  BaseTest.BaseClass - finding element...
00:00:58.954 [main] INFO  BaseTest.BaseClass - Logging to absolute path: C:\Users\Dell\git\repository\AutomationFramework
00:00:58.957 [main] INFO  BaseTest.BaseClass - **starting logintest**
00:00:59.099 [main] INFO  BaseTest.BaseClass - Clicked on login_button
00:00:59.100 [main] INFO  BaseTest.BaseClass - RemoteWebDriver: chrome on Windows 11 (760d7254fb0b98287c209ae7dcf87265)
00:00:59.677 [main] INFO  BaseTest.BaseClass - explicit is working fine
00:00:59.696 [main] INFO  BaseTest.BaseClass - implicit and explicit time is set
00:00:59.736 [main] INFO  BaseTest.BaseClass - Log in
00:01:00.127 [main] INFO  BaseTest.BaseClass - login successful
00:01:00.128 [main] INFO  BaseTest.BaseClass - setting implicit wait
00:01:00.137 [main] INFO  BaseTest.BaseClass - finding element...
00:01:02.589 [main] INFO  BaseTest.BaseClass - Logging to absolute path: C:\Users\Dell\git\repository\AutomationFramework
00:01:02.684 [main] INFO  BaseTest.BaseClass - Scrolled to bottom to find next page
00:01:02.854 [main] INFO  BaseTest.BaseClass - cliked on next button
00:01:15.364 [main] INFO  BaseTest.BaseClass - Logging to absolute path: C:\Users\Dell\git\repository\AutomationFramework
00:01:15.452 [main] INFO  BaseTest.BaseClass - Scrolled to bottom to find next page
00:01:15.649 [main] INFO  BaseTest.BaseClass - cliked on next button
00:01:28.198 [main] INFO  BaseTest.BaseClass - Logging to absolute path: C:\Users\Dell\git\repository\AutomationFramework
00:01:28.226 [main] INFO  BaseTest.BaseClass - Scrolled to bottom to find next page
00:01:28.487 [main] INFO  BaseTest.BaseClass - cliked on next button
00:01:40.687 [main] INFO  BaseTest.BaseClass - Logging to absolute path: C:\Users\Dell\git\repository\AutomationFramework
00:01:40.711 [main] INFO  BaseTest.BaseClass - Scrolled to bottom to find next page
00:01:40.960 [main] INFO  BaseTest.BaseClass - cliked on next button
00:01:51.477 [main] INFO  BaseTest.BaseClass - loading allure report....
00:06:31.363 [main] INFO  BaseTest.BaseClass - Logging to absolute path: C:\Users\Dell\git\repository\AutomationFramework
00:06:31.486 [main] INFO  BaseTest.BaseClass - **starting logintest**
00:06:31.614 [main] INFO  BaseTest.BaseClass - Clicked on login_button
00:06:31.616 [main] INFO  BaseTest.BaseClass - RemoteWebDriver: chrome on Windows 11 (5e608962d13e4736b3e10444a8894aa9)
00:06:32.240 [main] INFO  BaseTest.BaseClass - explicit is working fine
00:06:32.251 [main] INFO  BaseTest.BaseClass - implicit and explicit time is set
00:06:32.274 [main] INFO  BaseTest.BaseClass - Log in
00:06:32.578 [main] INFO  BaseTest.BaseClass - login successful
00:06:32.578 [main] INFO  BaseTest.BaseClass - setting implicit wait
00:06:32.589 [main] INFO  BaseTest.BaseClass - finding element...
00:06:35.415 [main] INFO  BaseTest.BaseClass - Logging to absolute path: C:\Users\Dell\git\repository\AutomationFramework
00:06:35.425 [main] INFO  BaseTest.BaseClass - **starting logintest**
00:06:35.581 [main] INFO  BaseTest.BaseClass - Clicked on login_button
00:06:35.582 [main] INFO  BaseTest.BaseClass - RemoteWebDriver: chrome on Windows 11 (666d4cb2c36851b2440180b306450767)
00:06:36.176 [main] INFO  BaseTest.BaseClass - explicit is working fine
00:06:36.198 [main] INFO  BaseTest.BaseClass - implicit and explicit time is set
00:06:36.266 [main] INFO  BaseTest.BaseClass - Log in
00:06:36.600 [main] INFO  BaseTest.BaseClass - login successful
00:06:36.600 [main] INFO  BaseTest.BaseClass - setting implicit wait
00:06:36.605 [main] INFO  BaseTest.BaseClass - finding element...
00:06:39.399 [main] INFO  BaseTest.BaseClass - Logging to absolute path: C:\Users\Dell\git\repository\AutomationFramework
00:06:39.405 [main] INFO  BaseTest.BaseClass - **starting logintest**
00:06:39.531 [main] INFO  BaseTest.BaseClass - Clicked on login_button
00:06:39.531 [main] INFO  BaseTest.BaseClass - RemoteWebDriver: chrome on Windows 11 (f80b11d7a487f4501eb83574f03687d2)
00:06:40.116 [main] INFO  BaseTest.BaseClass - explicit is working fine
00:06:40.133 [main] INFO  BaseTest.BaseClass - implicit and explicit time is set
00:06:40.154 [main] INFO  BaseTest.BaseClass - Log in
00:06:40.451 [main] INFO  BaseTest.BaseClass - login successful
00:06:40.451 [main] INFO  BaseTest.BaseClass - setting implicit wait
00:06:40.459 [main] INFO  BaseTest.BaseClass - finding element...
00:06:43.208 [main] INFO  BaseTest.BaseClass - Logging to absolute path: C:\Users\Dell\git\repository\AutomationFramework
00:06:43.221 [main] INFO  BaseTest.BaseClass - **starting logintest**
00:06:43.366 [main] INFO  BaseTest.BaseClass - Clicked on login_button
00:06:43.366 [main] INFO  BaseTest.BaseClass - RemoteWebDriver: chrome on Windows 11 (a22ce2233b52be9aafb8d24195dd45d0)
00:06:43.956 [main] INFO  BaseTest.BaseClass - explicit is working fine
00:06:43.973 [main] INFO  BaseTest.BaseClass - implicit and explicit time is set
00:06:43.995 [main] INFO  BaseTest.BaseClass - Log in
00:06:44.302 [main] INFO  BaseTest.BaseClass - login successful
00:06:44.302 [main] INFO  BaseTest.BaseClass - setting implicit wait
00:06:44.311 [main] INFO  BaseTest.BaseClass - finding element...
00:06:46.843 [main] INFO  BaseTest.BaseClass - Logging to absolute path: C:\Users\Dell\git\repository\AutomationFramework
00:06:46.847 [main] INFO  BaseTest.BaseClass - **starting logintest**
00:06:46.974 [main] INFO  BaseTest.BaseClass - Clicked on login_button
00:06:46.974 [main] INFO  BaseTest.BaseClass - RemoteWebDriver: chrome on Windows 11 (9f398e2a30a78a7ab7e4c52154df0c2c)
00:06:47.536 [main] INFO  BaseTest.BaseClass - explicit is working fine
00:06:47.562 [main] INFO  BaseTest.BaseClass - implicit and explicit time is set
00:06:47.597 [main] INFO  BaseTest.BaseClass - Log in
00:06:47.922 [main] INFO  BaseTest.BaseClass - login successful
00:06:47.922 [main] INFO  BaseTest.BaseClass - setting implicit wait
00:06:47.928 [main] INFO  BaseTest.BaseClass - finding element...
00:06:50.340 [main] INFO  BaseTest.BaseClass - Logging to absolute path: C:\Users\Dell\git\repository\AutomationFramework
00:06:50.355 [main] INFO  BaseTest.BaseClass - **starting logintest**
00:06:50.562 [main] INFO  BaseTest.BaseClass - Clicked on login_button
00:06:50.562 [main] INFO  BaseTest.BaseClass - RemoteWebDriver: chrome on Windows 11 (63701a7e2b647b29d2a9e7594c5aef9a)
00:06:51.252 [main] INFO  BaseTest.BaseClass - explicit is working fine
00:06:51.266 [main] INFO  BaseTest.BaseClass - implicit and explicit time is set
00:06:51.289 [main] INFO  BaseTest.BaseClass - Log in
00:06:51.644 [main] INFO  BaseTest.BaseClass - login successful
00:06:51.644 [main] INFO  BaseTest.BaseClass - setting implicit wait
00:06:51.650 [main] INFO  BaseTest.BaseClass - finding element...
00:06:53.828 [main] INFO  BaseTest.BaseClass - Logging to absolute path: C:\Users\Dell\git\repository\AutomationFramework
00:06:53.839 [main] INFO  BaseTest.BaseClass - **starting logintest**
00:06:54.062 [main] INFO  BaseTest.BaseClass - Clicked on login_button
00:06:54.063 [main] INFO  BaseTest.BaseClass - RemoteWebDriver: chrome on Windows 11 (fe52d4419d556ed8cef5616fd264448d)
00:06:54.636 [main] INFO  BaseTest.BaseClass - explicit is working fine
00:06:54.651 [main] INFO  BaseTest.BaseClass - implicit and explicit time is set
00:06:54.675 [main] INFO  BaseTest.BaseClass - Log in
00:06:55.090 [main] INFO  BaseTest.BaseClass - login successful
00:06:55.090 [main] INFO  BaseTest.BaseClass - setting implicit wait
00:06:55.099 [main] INFO  BaseTest.BaseClass - finding element...
00:06:57.272 [main] INFO  BaseTest.BaseClass - Logging to absolute path: C:\Users\Dell\git\repository\AutomationFramework
00:06:57.281 [main] INFO  BaseTest.BaseClass - **starting logintest**
00:06:57.433 [main] INFO  BaseTest.BaseClass - Clicked on login_button
00:06:57.433 [main] INFO  BaseTest.BaseClass - RemoteWebDriver: chrome on Windows 11 (b75a3ccb942c85846d4e17fc6ad6fd39)
00:06:58.019 [main] INFO  BaseTest.BaseClass - explicit is working fine
00:06:58.035 [main] INFO  BaseTest.BaseClass - implicit and explicit time is set
00:06:58.057 [main] INFO  BaseTest.BaseClass - Log in
00:06:58.366 [main] INFO  BaseTest.BaseClass - login successful
00:06:58.366 [main] INFO  BaseTest.BaseClass - setting implicit wait
00:06:58.372 [main] INFO  BaseTest.BaseClass - finding element...
00:07:00.775 [main] INFO  BaseTest.BaseClass - Logging to absolute path: C:\Users\Dell\git\repository\AutomationFramework
00:07:00.780 [main] INFO  BaseTest.BaseClass - **starting logintest**
00:07:00.938 [main] INFO  BaseTest.BaseClass - Clicked on login_button
00:07:00.938 [main] INFO  BaseTest.BaseClass - RemoteWebDriver: chrome on Windows 11 (90b748a34202fddd1cc17706dfc89038)
00:07:01.518 [main] INFO  BaseTest.BaseClass - explicit is working fine
00:07:01.536 [main] INFO  BaseTest.BaseClass - implicit and explicit time is set
00:07:01.572 [main] INFO  BaseTest.BaseClass - Log in
00:07:01.867 [main] INFO  BaseTest.BaseClass - login successful
00:07:01.867 [main] INFO  BaseTest.BaseClass - setting implicit wait
00:07:01.874 [main] INFO  BaseTest.BaseClass - finding element...
00:07:04.255 [main] INFO  BaseTest.BaseClass - Logging to absolute path: C:\Users\Dell\git\repository\AutomationFramework
00:07:04.259 [main] INFO  BaseTest.BaseClass - **starting logintest**
00:07:04.376 [main] INFO  BaseTest.BaseClass - Clicked on login_button
00:07:04.376 [main] INFO  BaseTest.BaseClass - RemoteWebDriver: chrome on Windows 11 (80cae56a9ef18e284779ce2ec9e4dfb2)
00:07:04.987 [main] INFO  BaseTest.BaseClass - explicit is working fine
00:07:05.000 [main] INFO  BaseTest.BaseClass - implicit and explicit time is set
00:07:05.023 [main] INFO  BaseTest.BaseClass - Log in
00:07:05.604 [main] INFO  BaseTest.BaseClass - login successful
00:07:05.604 [main] INFO  BaseTest.BaseClass - setting implicit wait
00:07:05.619 [main] INFO  BaseTest.BaseClass - finding element...
00:07:07.734 [main] INFO  BaseTest.BaseClass - Logging to absolute path: C:\Users\Dell\git\repository\AutomationFramework
00:07:07.753 [main] INFO  BaseTest.BaseClass - Scrolled to bottom to find next page
00:07:07.920 [main] INFO  BaseTest.BaseClass - cliked on next button
00:07:20.040 [main] INFO  BaseTest.BaseClass - Logging to absolute path: C:\Users\Dell\git\repository\AutomationFramework
00:07:20.104 [main] INFO  BaseTest.BaseClass - Scrolled to bottom to find next page
00:07:20.260 [main] INFO  BaseTest.BaseClass - cliked on next button
00:07:33.203 [main] INFO  BaseTest.BaseClass - Logging to absolute path: C:\Users\Dell\git\repository\AutomationFramework
00:07:33.326 [main] INFO  BaseTest.BaseClass - Scrolled to bottom to find next page
00:07:33.829 [main] INFO  BaseTest.BaseClass - cliked on next button
00:07:34.431 [main] INFO  BaseTest.BaseClass - waited for element to locate
00:07:34.814 [main] INFO  BaseTest.BaseClass - Scrolled to desired product element
00:07:35.864 [main] INFO  BaseTest.BaseClass - clicked on desired product element
00:07:35.940 [main] ERROR BaseTest.BaseClass - Exception is: org.openqa.selenium.NoAlertPresentException: no such alert
  (Session info: chrome=142.0.7444.177)
Build info: version: '4.35.0', revision: '1c58e5028b'
System info: os.name: 'Windows 11', os.arch: 'amd64', os.version: '10.0', java.version: '17.0.12'
Driver info: org.openqa.selenium.remote.RemoteWebDriver
Command: [4e2e4f5a51df4129466d91df1fb47d8d, getAlertText {}]
Capabilities {acceptInsecureCerts: false, browserName: chrome, browserVersion: 142.0.7444.177, chrome: {chromedriverVersion: 142.0.7444.175 (302067f14a4..., userDataDir: C:\Users\Dell\AppData\Local...}, fedcm:accounts: true, goog:chromeOptions: {debuggerAddress: localhost:51044}, goog:processID: 10164, networkConnectionEnabled: false, pageLoadStrategy: normal, platformName: Windows 11, proxy: Proxy(), se:bidiEnabled: false, se:cdp: ws://192.168.0.103:4444/ses..., se:cdpVersion: 142.0.7444.177, setWindowRect: true, strictFileInteractability: false, timeouts: {implicit: 0, pageLoad: 300000, script: 30000}, unhandledPromptBehavior: dismiss and notify, webauthn:extension:credBlob: true, webauthn:extension:largeBlob: true, webauthn:extension:minPinLength: true, webauthn:extension:prf: true, webauthn:virtualAuthenticators: true}
Session ID: 4e2e4f5a51df4129466d91df1fb47d8d
00:07:49.077 [main] INFO  BaseTest.BaseClass - Logging to absolute path: C:\Users\Dell\git\repository\AutomationFramework
00:07:49.106 [main] INFO  BaseTest.BaseClass - Scrolled to bottom to find next page
00:07:49.407 [main] INFO  BaseTest.BaseClass - cliked on next button
00:07:59.915 [main] INFO  BaseTest.BaseClass - loading allure report....
