<?xml version="1.0" encoding="UTF-8"?>
<testsuite xmlns:xsi="http://www.w3.org/2001/XMLSchema-instance" xsi:noNamespaceSchemaLocation="https://maven.apache.org/surefire/maven-surefire-plugin/xsd/surefire-test-report.xsd" version="3.0.2" name="TestSuite" time="68.43" tests="5" errors="0" skipped="3" failures="1">
  <properties>
[...]
</properties>
  <testcase name="login_test[test, test](1)" classname="TestCases.LoginTest" time="3.235">
    <system-out><![CDATA[start method..Teststarted
ChromeDriver: chrome on windows (0a2de638c2e6134c60da15e42947a0ff)
Log4j2 config file: C:\Users\Dell\git\repository\AutomationFramework\src\test\resources\log4j2.xml
test start method login_testtest started
ChromeDriver: chrome on windows (0a2de638c2e6134c60da15e42947a0ff)
ChromeDriver: chrome on windows (0a2de638c2e6134c60da15e42947a0ff)
ChromeDriver: chrome on windows (0a2de638c2e6134c60da15e42947a0ff)
]]></system-out>
    <system-err><![CDATA[SLF4J(W): No SLF4J providers were found.
SLF4J(W): Defaulting to no-operation (NOP) logger implementation
SLF4J(W): See https://www.slf4j.org/codes.html#noProviders for further details.
SLF4J(W): Class path contains SLF4J bindings targeting slf4j-api versions 1.7.x or earlier.
SLF4J(W): Ignoring binding found at [jar:file:/C:/Users/Dell/.m2/repository/org/apache/logging/log4j/log4j-slf4j-impl/2.25.2/log4j-slf4j-impl-2.25.2.jar!/org/slf4j/impl/StaticLoggerBinder.class]
SLF4J(W): See https://www.slf4j.org/codes.html#ignoredBindings for an explanation.
Nov 08, 2025 12:50:44 AM org.openqa.selenium.devtools.CdpVersionFinder findNearestMatch
WARNING: Unable to find an exact match for CDP version 142, returning the closest version; found: 139; Please update to a Selenium version that supports CDP version 142
2025-11-07T19:20:46.384130Z main DEBUG Apache Log4j Core 2.25 initializing configuration XmlConfiguration[location=C:\Users\Dell\git\repository\AutomationFramework\target\test-classes\log4j2.xml, lastModified=2025-10-31T00:57:14.018Z]
2025-11-07T19:20:46.393316100Z main DEBUG PluginManager 'Core' found 134 plugins
2025-11-07T19:20:46.393316100Z main DEBUG PluginManager 'Level' found 0 plugins
2025-11-07T19:20:46.393316100Z main DEBUG Building Plugin[name=Property, class=org.apache.logging.log4j.core.config.Property].
2025-11-07T19:20:46.410277100Z main DEBUG PluginManager 'TypeConverter' found 26 plugins
2025-11-07T19:20:46.424946700Z main DEBUG createProperty(name="basePath", value="C:\Users\Dell\git\repository\AutomationFramework\logs", Configuration(C:\Users\Dell\git\repository\AutomationFramework\target\test-classes\log4j2.xml))
2025-11-07T19:20:46.424946700Z main DEBUG Building Plugin[name=Properties, class=org.apache.logging.log4j.core.config.PropertiesPlugin].
2025-11-07T19:20:46.434039500Z main DEBUG configureSubstitutor(={basePath=C:\Users\Dell\git\repository\AutomationFramework\logs}, Configuration(C:\Users\Dell\git\repository\AutomationFramework\target\test-classes\log4j2.xml))
2025-11-07T19:20:46.434039500Z main DEBUG PluginManager 'Lookup' found 16 plugins
2025-11-07T19:20:46.436047600Z main DEBUG Building Plugin[name=layout, class=org.apache.logging.log4j.core.layout.PatternLayout].
2025-11-07T19:20:46.445035500Z main DEBUG PatternLayout$Builder(pattern="%d{HH:mm:ss.SSS} [%t] %-5level %logger{36} - %msg%n", PatternSelector=null, Configuration(C:\Users\Dell\git\repository\AutomationFramework\target\test-classes\log4j2.xml), Replace=null, charset="null", alwaysWriteExceptions="null", disableAnsi="null", noConsoleNoAnsi="null", header="null", footer="null")
2025-11-07T19:20:46.448956700Z main DEBUG PluginManager 'Converter' found 45 plugins
2025-11-07T19:20:46.490715500Z main DEBUG Building Plugin[name=appender, class=org.apache.logging.log4j.core.appender.ConsoleAppender].
2025-11-07T19:20:46.492025600Z main DEBUG ConsoleAppender$Builder(target="SYSTEM_OUT", follow="null", direct="null", bufferedIo="null", bufferSize="null", immediateFlush="null", ignoreExceptions="null", PatternLayout(%d{HH:mm:ss.SSS} [%t] %-5level %logger{36} - %msg%n), name="Console", Configuration(C:\Users\Dell\git\repository\AutomationFramework\target\test-classes\log4j2.xml), Filter=null, ={})
2025-11-07T19:20:46.492025600Z main DEBUG Starting OutputStreamManager SYSTEM_OUT.false.false
2025-11-07T19:20:46.492025600Z main DEBUG Building Plugin[name=layout, class=org.apache.logging.log4j.core.layout.PatternLayout].
2025-11-07T19:20:46.524306600Z main DEBUG PatternLayout$Builder(pattern="%d{HH:mm:ss.SSS} [%t] %-5level %logger{36} - %msg%n", PatternSelector=null, Configuration(C:\Users\Dell\git\repository\AutomationFramework\target\test-classes\log4j2.xml), Replace=null, charset="null", alwaysWriteExceptions="null", disableAnsi="null", noConsoleNoAnsi="null", header="null", footer="null")
2025-11-07T19:20:46.529109700Z main DEBUG Building Plugin[name=SizeBasedTriggeringPolicy, class=org.apache.logging.log4j.core.appender.rolling.SizeBasedTriggeringPolicy].
2025-11-07T19:20:46.533007700Z main DEBUG createPolicy(size="50MB")
2025-11-07T19:20:46.535450600Z main DEBUG Building Plugin[name=Policies, class=org.apache.logging.log4j.core.appender.rolling.CompositeTriggeringPolicy].
2025-11-07T19:20:46.535450600Z main DEBUG createPolicy(={SizeBasedTriggeringPolicy(size=52428800)})
2025-11-07T19:20:46.535450600Z main DEBUG Building Plugin[name=DefaultRolloverStrategy, class=org.apache.logging.log4j.core.appender.rolling.DefaultRolloverStrategy].
2025-11-07T19:20:46.541959700Z main DEBUG DefaultRolloverStrategy$Builder(max="10", min="null", fileIndex="null", compressionLevel="null", ={}, stopCustomActionsOnError="null", tempCompressedFilePattern="null", Configuration(C:\Users\Dell\git\repository\AutomationFramework\target\test-classes\log4j2.xml))
2025-11-07T19:20:46.541959700Z main DEBUG Building Plugin[name=appender, class=org.apache.logging.log4j.core.appender.RollingFileAppender].
2025-11-07T19:20:46.544462900Z main DEBUG RollingFileAppender$Builder(fileName="C:\Users\Dell\git\repository\AutomationFramework\logs/automation.log", filePattern="C:\Users\Dell\git\repository\AutomationFramework\logs/automation-%d{yyyy-MM-dd}-%i.log.gz", append="null", locking="null", Policies(CompositeTriggeringPolicy(policies=[SizeBasedTriggeringPolicy(size=52428800)])), DefaultRolloverStrategy(DefaultRolloverStrategy(min=1, max=10, useMax=true)), advertise="null", advertiseUri="null", createOnDemand="null", filePermissions="null", fileOwner="null", fileGroup="null", bufferedIo="null", bufferSize="null", immediateFlush="null", ignoreExceptions="null", PatternLayout(%d{HH:mm:ss.SSS} [%t] %-5level %logger{36} - %msg%n), name="File", Configuration(C:\Users\Dell\git\repository\AutomationFramework\target\test-classes\log4j2.xml), Filter=null, ={})
2025-11-07T19:20:46.559562300Z main DEBUG Returning file creation time for C:\Users\Dell\git\repository\AutomationFramework\logs\automation.log
2025-11-07T19:20:46.561573300Z main DEBUG Starting RollingFileManager C:\Users\Dell\git\repository\AutomationFramework\logs/automation.log
2025-11-07T19:20:46.564594300Z main DEBUG PluginManager 'FileConverter' found 2 plugins
2025-11-07T19:20:46.570970400Z main DEBUG Setting prev file time to 2025-10-21T15:05:33.000+0530
2025-11-07T19:20:46.570970400Z main DEBUG Initializing triggering policy CompositeTriggeringPolicy(policies=[SizeBasedTriggeringPolicy(size=52428800)])
2025-11-07T19:20:46.572734600Z main DEBUG Initializing triggering policy SizeBasedTriggeringPolicy(size=52428800)
2025-11-07T19:20:46.572734600Z main DEBUG Building Plugin[name=Appenders, class=org.apache.logging.log4j.core.config.AppendersPlugin].
2025-11-07T19:20:46.574098600Z main DEBUG createAppenders(={Console, File})
2025-11-07T19:20:46.574098600Z main DEBUG Building Plugin[name=AppenderRef, class=org.apache.logging.log4j.core.config.AppenderRef].
2025-11-07T19:20:46.574098600Z main DEBUG createAppenderRef(ref="File", level="null", Filter=null)
2025-11-07T19:20:46.576106800Z main DEBUG Building Plugin[name=Root, class=org.apache.logging.log4j.core.config.LoggerConfig$RootLogger].
2025-11-07T19:20:46.578118100Z main DEBUG LoggerConfig$RootLogger$Builder(additivity="null", level="INFO", levelAndRefs="null", includeLocation="null", ={File}, ={}, Configuration(C:\Users\Dell\git\repository\AutomationFramework\target\test-classes\log4j2.xml), Filter=null)
2025-11-07T19:20:46.581152900Z main DEBUG Building Plugin[name=Loggers, class=org.apache.logging.log4j.core.config.LoggersPlugin].
2025-11-07T19:20:46.585613700Z main DEBUG createLoggers(={root})
2025-11-07T19:20:46.585613700Z main DEBUG Configuration XmlConfiguration[location=C:\Users\Dell\git\repository\AutomationFramework\target\test-classes\log4j2.xml, lastModified=2025-10-31T00:57:14.018Z] initialized
2025-11-07T19:20:46.587625600Z main INFO Starting configuration XmlConfiguration[location=C:\Users\Dell\git\repository\AutomationFramework\target\test-classes\log4j2.xml, lastModified=2025-10-31T00:57:14.018Z]...
2025-11-07T19:20:46.591834500Z main INFO Configuration XmlConfiguration[location=C:\Users\Dell\git\repository\AutomationFramework\target\test-classes\log4j2.xml, lastModified=2025-10-31T00:57:14.018Z] started.
2025-11-07T19:20:46.604030900Z main INFO Stopping configuration org.apache.logging.log4j.core.config.DefaultConfiguration@36061cf3...
2025-11-07T19:20:46.606077700Z main DEBUG Shutting down OutputStreamManager SYSTEM_OUT.false.false-1
2025-11-07T19:20:46.606077700Z main DEBUG OutputStream closed
2025-11-07T19:20:46.608098600Z main DEBUG Shut down OutputStreamManager SYSTEM_OUT.false.false-1, all resources released: true
2025-11-07T19:20:46.608098600Z main DEBUG Appender DefaultConsole-1 stopped with status true
2025-11-07T19:20:46.608098600Z main INFO Configuration org.apache.logging.log4j.core.config.DefaultConfiguration@36061cf3 stopped.
2025-11-07T19:20:46.636513Z main DEBUG org.apache.logging.log4j.core.util.SystemClock supports precise timestamps.
2025-11-07T19:20:46.637179900Z main DEBUG Reconfiguration complete for context[name=73d16e93] at URI C:\Users\Dell\git\repository\AutomationFramework\target\test-classes\log4j2.xml (org.apache.logging.log4j.core.LoggerContext@1305c126) with optional ClassLoader: null
2025-11-07T19:20:46.639086100Z main DEBUG Shutdown hook enabled. Registering a new one.
2025-11-07T19:20:46.643110300Z main DEBUG LoggerContext[name=73d16e93, org.apache.logging.log4j.core.LoggerContext@1305c126] started OK.
]]></system-err>
  </testcase>
  <testcase name="addToCart_test" classname="TestCases.AddToCartTest" time="0.0">
    <skipped message="Expected condition failed: waiting for presence of element located by: By.xpath: //a[@href=&apos;prod.html?idp_=12&apos;] (tried for 5 second(s) with 500 milliseconds interval)"/>
    <system-out><![CDATA[test success method login_testtest successed
ChromeDriver: chrome on windows (17e1b1e3b4216b932e4f2c1d1ca1765d)
Log4j2 config file: C:\Users\Dell\git\repository\AutomationFramework\src\test\resources\log4j2.xml
test start method addToCart_testtest started
retring..............................................................
]]></system-out>
    <system-err><![CDATA[Nov 08, 2025 12:50:52 AM org.openqa.selenium.devtools.CdpVersionFinder findNearestMatch
WARNING: Unable to find an exact match for CDP version 142, returning the closest version; found: 139; Please update to a Selenium version that supports CDP version 142
]]></system-err>
  </testcase>
  <testcase name="addToCart_test" classname="TestCases.AddToCartTest" time="0.0">
    <skipped message="Expected condition failed: waiting for presence of element located by: By.xpath: //a[@href=&apos;prod.html?idp_=12&apos;] (tried for 5 second(s) with 500 milliseconds interval)"/>
    <system-out><![CDATA[test skip method addToCart_testtest skipped
ChromeDriver: chrome on windows (c6eb3525e6c65827c4de6936d936f758)
Log4j2 config file: C:\Users\Dell\git\repository\AutomationFramework\src\test\resources\log4j2.xml
test start method addToCart_testtest started
retring..............................................................
]]></system-out>
    <system-err><![CDATA[Nov 08, 2025 12:51:07 AM org.openqa.selenium.devtools.CdpVersionFinder findNearestMatch
WARNING: Unable to find an exact match for CDP version 142, returning the closest version; found: 139; Please update to a Selenium version that supports CDP version 142
]]></system-err>
  </testcase>
  <testcase name="addToCart_test" classname="TestCases.AddToCartTest" time="0.0">
    <skipped message="Expected condition failed: waiting for presence of element located by: By.xpath: //a[@href=&apos;prod.html?idp_=12&apos;] (tried for 5 second(s) with 500 milliseconds interval)"/>
    <system-out><![CDATA[test skip method addToCart_testtest skipped
ChromeDriver: chrome on windows (3d9089306b9489c0590101d26bd6810b)
Log4j2 config file: C:\Users\Dell\git\repository\AutomationFramework\src\test\resources\log4j2.xml
test start method addToCart_testtest started
retring..............................................................
]]></system-out>
    <system-err><![CDATA[Nov 08, 2025 12:51:22 AM org.openqa.selenium.devtools.CdpVersionFinder findNearestMatch
WARNING: Unable to find an exact match for CDP version 142, returning the closest version; found: 139; Please update to a Selenium version that supports CDP version 142
]]></system-err>
  </testcase>
  <testcase name="addToCart_test" classname="TestCases.AddToCartTest" time="10.291">
    <failure message="Expected condition failed: waiting for presence of element located by: By.xpath: //a[@href=&apos;prod.html?idp_=12&apos;] (tried for 5 second(s) with 500 milliseconds interval)" type="org.openqa.selenium.TimeoutException"><![CDATA[org.openqa.selenium.TimeoutException: Expected condition failed: waiting for presence of element located by: By.xpath: //a[@href='prod.html?idp_=12'] (tried for 5 second(s) with 500 milliseconds interval)
	at org.openqa.selenium.support.ui.WebDriverWait.timeoutException(WebDriverWait.java:84)
	at org.openqa.selenium.support.ui.FluentWait.until(FluentWait.java:228)
	at Utils.SeleniumMethods.waitUntillPresenceOfElementLocated(SeleniumMethods.java:46)
	at PageObjects.AddToCartPage.addToCart(AddToCartPage.java:28)
	at TestCases.AddToCartTest.addToCart_test(AddToCartTest.java:21)
	at java.base/jdk.internal.reflect.NativeMethodAccessorImpl.invoke0(Native Method)
	at java.base/jdk.internal.reflect.NativeMethodAccessorImpl.invoke(NativeMethodAccessorImpl.java:77)
	at java.base/jdk.internal.reflect.DelegatingMethodAccessorImpl.invoke(DelegatingMethodAccessorImpl.java:43)
	at java.base/java.lang.reflect.Method.invoke(Method.java:568)
	at org.testng.internal.invokers.MethodInvocationHelper.invokeMethod(MethodInvocationHelper.java:141)
	at org.testng.internal.invokers.TestInvoker.invokeMethod(TestInvoker.java:687)
	at org.testng.internal.invokers.TestInvoker.retryFailed(TestInvoker.java:269)
	at org.testng.internal.invokers.MethodRunner.runInSequence(MethodRunner.java:76)
	at org.testng.internal.invokers.TestInvoker$MethodInvocationAgent.invoke(TestInvoker.java:995)
	at org.testng.internal.invokers.TestInvoker.invokeTestMethods(TestInvoker.java:203)
	at org.testng.internal.invokers.TestMethodWorker.invokeTestMethods(TestMethodWorker.java:154)
	at org.testng.internal.invokers.TestMethodWorker.run(TestMethodWorker.java:134)
	at java.base/java.util.ArrayList.forEach(ArrayList.java:1511)
	at org.testng.TestRunner.privateRun(TestRunner.java:741)
	at org.testng.TestRunner.run(TestRunner.java:616)
	at org.testng.SuiteRunner.runTest(SuiteRunner.java:421)
	at org.testng.SuiteRunner.runSequentially(SuiteRunner.java:413)
	at org.testng.SuiteRunner.privateRun(SuiteRunner.java:373)
	at org.testng.SuiteRunner.run(SuiteRunner.java:312)
	at org.testng.SuiteRunnerWorker.runSuite(SuiteRunnerWorker.java:52)
	at org.testng.SuiteRunnerWorker.run(SuiteRunnerWorker.java:95)
	at org.testng.TestNG.runSuitesSequentially(TestNG.java:1274)
	at org.testng.TestNG.runSuitesLocally(TestNG.java:1208)
	at org.testng.TestNG.runSuites(TestNG.java:1112)
	at org.testng.TestNG.run(TestNG.java:1079)
	at org.apache.maven.surefire.testng.TestNGExecutor.run(TestNGExecutor.java:308)
	at org.apache.maven.surefire.testng.TestNGXmlTestSuite.execute(TestNGXmlTestSuite.java:71)
	at org.apache.maven.surefire.testng.TestNGProvider.invoke(TestNGProvider.java:113)
	at org.apache.maven.surefire.booter.ForkedBooter.runSuitesInProcess(ForkedBooter.java:385)
	at org.apache.maven.surefire.booter.ForkedBooter.execute(ForkedBooter.java:162)
	at org.apache.maven.surefire.booter.ForkedBooter.run(ForkedBooter.java:507)
	at org.apache.maven.surefire.booter.ForkedBooter.main(ForkedBooter.java:495)
Caused by: org.openqa.selenium.NoSuchElementException: no such element: Unable to locate element: {"method":"xpath","selector":"//a[@href='prod.html?idp_=12']"}
  (Session info: chrome=142.0.7444.59)
For documentation on this error, please visit: https://www.selenium.dev/documentation/webdriver/troubleshooting/errors#no-such-element-exception
Build info: version: '4.35.0', revision: '1c58e5028b'
System info: os.name: 'Windows 11', os.arch: 'amd64', os.version: '10.0', java.version: '17.0.12'
Driver info: org.openqa.selenium.chrome.ChromeDriver
Command: [bf028209323204b272abe84edd30bc9b, findElement {using=xpath, value=//a[@href='prod.html?idp_=12']}]
Capabilities {acceptInsecureCerts: false, browserName: chrome, browserVersion: 142.0.7444.59, chrome: {chromedriverVersion: 142.0.7444.61 (9884f628acbc..., userDataDir: C:\Users\Dell\AppData\Local...}, fedcm:accounts: true, goog:chromeOptions: {debuggerAddress: localhost:52750}, goog:processID: 27860, networkConnectionEnabled: false, pageLoadStrategy: normal, platformName: windows, proxy: Proxy(), se:cdp: ws://localhost:52750/devtoo..., se:cdpVersion: 142.0.7444.59, setWindowRect: true, strictFileInteractability: false, timeouts: {implicit: 0, pageLoad: 300000, script: 30000}, unhandledPromptBehavior: dismiss and notify, webauthn:extension:credBlob: true, webauthn:extension:largeBlob: true, webauthn:extension:minPinLength: true, webauthn:extension:prf: true, webauthn:virtualAuthenticators: true}
Session ID: bf028209323204b272abe84edd30bc9b
	at java.base/jdk.internal.reflect.NativeConstructorAccessorImpl.newInstance0(Native Method)
	at java.base/jdk.internal.reflect.NativeConstructorAccessorImpl.newInstance(NativeConstructorAccessorImpl.java:77)
	at java.base/jdk.internal.reflect.DelegatingConstructorAccessorImpl.newInstance(DelegatingConstructorAccessorImpl.java:45)
	at java.base/java.lang.reflect.Constructor.newInstanceWithCaller(Constructor.java:499)
	at java.base/java.lang.reflect.Constructor.newInstance(Constructor.java:480)
	at org.openqa.selenium.remote.ErrorCodec.decode(ErrorCodec.java:167)
	at org.openqa.selenium.remote.codec.w3c.W3CHttpResponseCodec.decode(W3CHttpResponseCodec.java:138)
	at org.openqa.selenium.remote.codec.w3c.W3CHttpResponseCodec.decode(W3CHttpResponseCodec.java:50)
	at org.openqa.selenium.remote.HttpCommandExecutor.execute(HttpCommandExecutor.java:215)
	at org.openqa.selenium.remote.service.DriverCommandExecutor.invokeExecute(DriverCommandExecutor.java:216)
	at org.openqa.selenium.remote.service.DriverCommandExecutor.execute(DriverCommandExecutor.java:174)
	at org.openqa.selenium.remote.RemoteWebDriver.execute(RemoteWebDriver.java:557)
	at org.openqa.selenium.remote.ElementLocation$ElementFinder$2.findElement(ElementLocation.java:165)
	at org.openqa.selenium.remote.ElementLocation.findElement(ElementLocation.java:59)
	at org.openqa.selenium.remote.RemoteWebDriver.findElement(RemoteWebDriver.java:380)
	at org.openqa.selenium.remote.RemoteWebDriver.findElement(RemoteWebDriver.java:374)
	at org.openqa.selenium.support.ui.ExpectedConditions$6.apply(ExpectedConditions.java:171)
	at org.openqa.selenium.support.ui.ExpectedConditions$6.apply(ExpectedConditions.java:168)
	at org.openqa.selenium.support.ui.FluentWait.until(FluentWait.java:203)
	... 35 more
]]></failure>
    <system-out><![CDATA[test skip method addToCart_testtest skipped
ChromeDriver: chrome on windows (bf028209323204b272abe84edd30bc9b)
Log4j2 config file: C:\Users\Dell\git\repository\AutomationFramework\src\test\resources\log4j2.xml
test start method addToCart_testtest started
]]></system-out>
    <system-err><![CDATA[Nov 08, 2025 12:51:35 AM org.openqa.selenium.devtools.CdpVersionFinder findNearestMatch
WARNING: Unable to find an exact match for CDP version 142, returning the closest version; found: 139; Please update to a Selenium version that supports CDP version 142
]]></system-err>
  </testcase>
</testsuite>