<?xml version="1.0" encoding="UTF-8"?>
<testng-results ignored="0" total="1" passed="1" failed="0" skipped="0">
  <reporter-output>
  </reporter-output>
  <suite started-at="2025-10-05T20:00:43 IST" name="Suite" finished-at="2025-10-05T20:00:53 IST" duration-ms="9962">
    <groups>
    </groups>
    <test started-at="2025-10-05T20:00:43 IST" name="Test" finished-at="2025-10-05T20:00:53 IST" duration-ms="9962">
      <class name="TestCases.LoginTest">
        <test-method is-config="true" signature="setUp()[pri:0, instance:TestCases.LoginTest@247310d0]" started-at="2025-10-05T20:00:43 IST" name="setUp" finished-at="2025-10-05T20:00:47 IST" duration-ms="4758" status="PASS">
          <reporter-output>
          </reporter-output>
        </test-method> <!-- setUp -->
        <test-method signature="login_test()[pri:0, instance:TestCases.LoginTest@247310d0]" started-at="2025-10-05T20:00:48 IST" name="login_test" finished-at="2025-10-05T20:00:52 IST" duration-ms="4462" status="PASS">
          <reporter-output>
          </reporter-output>
        </test-method> <!-- login_test -->
        <test-method is-config="true" signature="tearDown()[pri:0, instance:TestCases.LoginTest@247310d0]" started-at="2025-10-05T20:00:52 IST" name="tearDown" finished-at="2025-10-05T20:00:52 IST" duration-ms="406" status="PASS">
          <reporter-output>
          </reporter-output>
        </test-method> <!-- tearDown -->
      </class> <!-- TestCases.LoginTest -->
    </test> <!-- Test -->
  </suite> <!-- Suite -->
</testng-results>
