<?xml version="1.0" encoding="UTF-8"?>
<testsuite xmlns:xsi="http://www.w3.org/2001/XMLSchema-instance" xsi:noNamespaceSchemaLocation="https://maven.apache.org/surefire/maven-surefire-plugin/xsd/surefire-test-report.xsd" version="3.0.2" name="TestCases.LoginTest" time="7.886" tests="1" errors="0" skipped="0" failures="0">
  <properties>
[...]
</properties>
  <testcase name="login_test" classname="TestCases.LoginTest" time="2.782">
    <system-out><![CDATA[Clicked on login_button
ChromeDriver: chrome on windows (7eeb3892e1cc45f0524574d3ef1bb415)
ChromeDriver: chrome on windows (7eeb3892e1cc45f0524574d3ef1bb415)
implicit and explicit time is set
 text on the login model is
ChromeDriver: chrome on windows (7eeb3892e1cc45f0524574d3ef1bb415)
ChromeDriver: chrome on windows (7eeb3892e1cc45f0524574d3ef1bb415)
login successful
setting implicit wait
ChromeDriver: chrome on windows (7eeb3892e1cc45f0524574d3ef1bb415)
finding element...
Log out
]]></system-out>
    <system-err><![CDATA[SLF4J(W): No SLF4J providers were found.
SLF4J(W): Defaulting to no-operation (NOP) logger implementation
SLF4J(W): See https://www.slf4j.org/codes.html#noProviders for further details.
Oct 03, 2025 7:43:09 AM org.openqa.selenium.devtools.CdpVersionFinder findNearestMatch
WARNING: Unable to find an exact match for CDP version 140, returning the closest version; found: 139; Please update to a Selenium version that supports CDP version 140
]]></system-err>
  </testcase>
</testsuite>