<?xml version="1.0" encoding="UTF-8"?>
<testng-results ignored="0" total="1" passed="1" failed="0" skipped="0">
  <reporter-output>
  </reporter-output>
  <suite started-at="2025-10-03T07:43:06 IST" name="Surefire suite" finished-at="2025-10-03T07:43:13 IST" duration-ms="7187">
    <groups>
    </groups>
    <test started-at="2025-10-03T07:43:06 IST" name="Surefire test" finished-at="2025-10-03T07:43:13 IST" duration-ms="7187">
      <class name="TestCases.LoginTest">
        <test-method is-config="true" signature="setUp()[pri:0, instance:TestCases.LoginTest@19bb07ed]" started-at="2025-10-03T07:43:06 IST" name="setUp" finished-at="2025-10-03T07:43:10 IST" duration-ms="3740" status="PASS">
          <reporter-output>
          </reporter-output>
        </test-method> <!-- setUp -->
        <test-method signature="login_test()[pri:0, instance:TestCases.LoginTest@19bb07ed]" started-at="2025-10-03T07:43:10 IST" name="login_test" finished-at="2025-10-03T07:43:13 IST" duration-ms="2781" status="PASS">
          <reporter-output>
          </reporter-output>
        </test-method> <!-- login_test -->
        <test-method is-config="true" signature="tearDown()[pri:0, instance:TestCases.LoginTest@19bb07ed]" started-at="2025-10-03T07:43:13 IST" name="tearDown" finished-at="2025-10-03T07:43:13 IST" duration-ms="544" status="PASS">
          <reporter-output>
          </reporter-output>
        </test-method> <!-- tearDown -->
      </class> <!-- TestCases.LoginTest -->
    </test> <!-- Surefire test -->
  </suite> <!-- Surefire suite -->
</testng-results>
